   12952	[INFO]	XnLog.cpp	165	OpenNI version is 1.0.0 (Build 25)-MacOSX (Jan  7 2011 14:20:18)
   12996	[INFO]	XnLog.cpp	173	Log system initialized. Console: 1, File: 1, Severity: INFO, Masks: ALL
   13028	[INFO]	XnLog.cpp	173	Log system initialized. Console: 1, File: 1, Severity: INFO, Masks: ALL
   14269	[INFO]	XnUSBLinux-x86.cpp	98	USB is initialized.
 2001459	[INFO]	XnOpenNI.cpp	1261	Creating node 'Device1' of type Device...
 2002476	[INFO]	XnDeviceModule.cpp	431	Module 'Device' configuration was loaded from file.
 2280118	[INFO]	XnDeviceSensorIO.cpp	135	Connected to USB device
 2280167	[INFO]	XnProperty.cpp	151	Property Device.USBPath was changed to 045e/02ae@36/6.
 2294034	[INFO]	XnHostProtocol.cpp	825	Hardware versions: FW=5.1.4 (7) HW=4 Chip=2 Sensor=4 SYS=7
 3714958	[INFO]	XnProperty.cpp	151	Property Device.ID was changed to 0.
 3715036	[INFO]	XnSensor.cpp	182	Device sensor initialized
 3715173	[INFO]	XnOpenNI.cpp	1261	Creating node 'Depth1' of type Depth...
 3715215	[INFO]	XnDeviceBase.cpp	1383	Creating stream 'Depth1' of type 'Depth'...
 3715236	[INFO]	XnProperty.cpp	74	Setting Device.ReadData to 1...
 3715272	[INFO]	XnDeviceSensorIO.cpp	298	Endpoints open
 3727269	[INFO]	XnProperty.cpp	151	Property Device.ReadData was changed to 1.
 3727472	[INFO]	XnProperty.cpp	101	Device.ReadData was successfully set.
 3727988	[INFO]	XnProperty.cpp	151	Property Depth1.Resolution was changed to 0.
 3728011	[INFO]	XnProperty.cpp	151	Property Depth1.XRes was changed to 320.
 3728027	[INFO]	XnProperty.cpp	151	Property Depth1.YRes was changed to 240.
 3728043	[INFO]	XnProperty.cpp	151	Property Depth1.FPS was changed to 30.
 3728058	[INFO]	XnProperty.cpp	151	Property Depth1.OutputFormat was changed to 1.
 3728075	[INFO]	XnProperty.cpp	151	Property Depth1.BytesPerPixel was changed to 2.
 3728092	[INFO]	XnProperty.cpp	151	Property Depth1.RequiredDataSize was changed to 153600.
 3728112	[INFO]	XnProperty.cpp	151	Property Depth1.ParamCoeff was changed to 4.
 3728178	[INFO]	XnProperty.cpp	151	Property Depth1.ShiftScale was changed to 10.
 3740460	[INFO]	XnProperty.cpp	151	Property Depth1.ConstShift was changed to 200.
 3740596	[INFO]	XnProperty.cpp	151	Property Depth1.ZPD was changed to 120.
 3740754	[INFO]	XnProperty.cpp	151	Property Depth1.ZPPS was changed to 0.104200.
 3740784	[INFO]	XnProperty.cpp	151	Property Depth1.LDDIS was changed to 7.500000.
 3740963	[INFO]	XnProperty.cpp	151	Property Depth1.Gain was changed to 30.
 3741013	[INFO]	XnDeviceBase.cpp	1458	Stream 'Depth1' was initialized.
 3741041	[INFO]	XnDeviceBase.cpp	1463	'Depth1' stream was created.
 3741343	[INFO]	XnProperty.cpp	74	Setting Depth1.InputFormat to 3...
 3741383	[INFO]	XnProperty.cpp	151	Property Depth1.InputFormat was changed to 3.
 3741408	[INFO]	XnProperty.cpp	101	Depth1.InputFormat was successfully set.
 3742337	[INFO]	XnProperty.cpp	74	Setting Depth1.RegistrationType to 2...
 3742361	[INFO]	XnProperty.cpp	151	Property Depth1.RegistrationType was changed to 2.
 3742381	[INFO]	XnProperty.cpp	101	Depth1.RegistrationType was successfully set.
 3743344	[INFO]	XnDeviceModule.cpp	431	Module 'Depth1' configuration was loaded from file.
 3743565	[INFO]	XnProperty.cpp	74	Setting Depth1.FPS to 30...
 3743586	[INFO]	XnProperty.cpp	86	Depth1.FPS value did not change.
 3743603	[INFO]	XnProperty.cpp	74	Setting Depth1.YRes to 480...
 3743624	[INFO]	XnProperty.cpp	151	Property Depth1.Resolution was changed to 1.
 3743643	[INFO]	XnProperty.cpp	151	Property Depth1.XRes was changed to 640.
 3743662	[INFO]	XnProperty.cpp	151	Property Depth1.RequiredDataSize was changed to 307200.
 3743682	[INFO]	XnProperty.cpp	151	Property Depth1.YRes was changed to 480.
 3743700	[INFO]	XnProperty.cpp	151	Property Depth1.RequiredDataSize was changed to 614400.
 3743719	[INFO]	XnProperty.cpp	101	Depth1.YRes was successfully set.
 3743737	[INFO]	XnProperty.cpp	74	Setting Depth1.XRes to 640...
 3743753	[INFO]	XnProperty.cpp	86	Depth1.XRes value did not change.
 3743861	[INFO]	XnProperty.cpp	74	Setting Depth1.Mirror to 1...
 3743923	[INFO]	XnProperty.cpp	151	Property Depth1.FirmwareMirror was changed to 1.
 3744020	[INFO]	XnProperty.cpp	151	Property Depth1.Mirror was changed to 1.
 3744076	[INFO]	XnProperty.cpp	101	Depth1.Mirror was successfully set.
 5726175	[INFO]	XnOpenNI.cpp	1261	Creating node 'User1' of type User...
 6102861	[WARNING]	Linux-x86Threads.cpp	173	Failed to set thread priority: Invalid argument
 6103001	[WARNING]	XnUSBLinux-x86.cpp	126	USB events thread: Failed to set thread priority to critical. This might cause loss of data...
 6104524	[INFO]	XnUSBLinux-x86.cpp	1222	USB read thread was started.
 6104593	[INFO]	XnProperty.cpp	151	Property Depth1.ActualReadData was changed to 1.
 6575019	[INFO]	XnProperty.cpp	151	Property Depth1.State was changed to 1.
 6575073	[INFO]	XnDeviceBase.cpp	370	Stream Depth1 is open.
 8559637	[INFO]	XnOpenNI.cpp	1261	Creating node 'Image1' of type Image...
 8559685	[INFO]	XnDeviceBase.cpp	1383	Creating stream 'Image1' of type 'Image'...
 8559938	[INFO]	XnProperty.cpp	151	Property Image1.Resolution was changed to 0.
 8560019	[INFO]	XnProperty.cpp	151	Property Image1.XRes was changed to 320.
 8560103	[INFO]	XnProperty.cpp	151	Property Image1.YRes was changed to 240.
 8560154	[INFO]	XnProperty.cpp	151	Property Image1.FPS was changed to 30.
 8560203	[INFO]	XnProperty.cpp	151	Property Image1.OutputFormat was changed to 5.
 8560253	[INFO]	XnProperty.cpp	151	Property Image1.BytesPerPixel was changed to 3.
 8560302	[INFO]	XnProperty.cpp	151	Property Image1.RequiredDataSize was changed to 230400.
 8560371	[INFO]	XnDeviceBase.cpp	1458	Stream 'Image1' was initialized.
 8560430	[INFO]	XnDeviceBase.cpp	1463	'Image1' stream was created.
 8560630	[INFO]	XnProperty.cpp	74	Setting Image1.InputFormat to 6...
 8560689	[INFO]	XnProperty.cpp	151	Property Image1.InputFormat was changed to 6.
 8560737	[INFO]	XnProperty.cpp	101	Image1.InputFormat was successfully set.
 8561809	[INFO]	XnDeviceModule.cpp	431	Module 'Image1' configuration was loaded from file.
 8561913	[INFO]	XnProperty.cpp	74	Setting Image1.FPS to 30...
 8561930	[INFO]	XnProperty.cpp	86	Image1.FPS value did not change.
 8561945	[INFO]	XnProperty.cpp	74	Setting Image1.YRes to 480...
 8561961	[INFO]	XnProperty.cpp	151	Property Image1.Resolution was changed to 1.
 8561976	[INFO]	XnProperty.cpp	151	Property Image1.XRes was changed to 640.
 8561991	[INFO]	XnProperty.cpp	151	Property Image1.RequiredDataSize was changed to 460800.
 8562007	[INFO]	XnProperty.cpp	151	Property Image1.YRes was changed to 480.
 8562021	[INFO]	XnProperty.cpp	151	Property Image1.RequiredDataSize was changed to 921600.
 8562036	[INFO]	XnProperty.cpp	101	Image1.YRes was successfully set.
 8562051	[INFO]	XnProperty.cpp	74	Setting Image1.XRes to 640...
 8562064	[INFO]	XnProperty.cpp	86	Image1.XRes value did not change.
 8563315	[INFO]	XnUSBLinux-x86.cpp	1222	USB read thread was started.
 8563337	[INFO]	XnProperty.cpp	151	Property Image1.ActualReadData was changed to 1.
 8741023	[WARNING]	XnDepthProcessor.cpp	133	Read: Depth buffer is corrupt. Size is 535680 (!= 614400)
 8741069	[WARNING]	XnFrameStreamProcessor.cpp	132	Depth frame is corrupt!
11644913	[WARNING]	XnDepthProcessor.cpp	133	Read: Depth buffer is corrupt. Size is 587744 (!= 614400)
11644957	[WARNING]	XnFrameStreamProcessor.cpp	132	Depth frame is corrupt!
11763828	[INFO]	XnProperty.cpp	151	Property Image1.State was changed to 1.
11763884	[INFO]	XnDeviceBase.cpp	370	Stream Image1 is open.
11764609	[INFO]	XnProperty.cpp	74	Setting Depth1.Registration to 1...
11776939	[WARNING]	XnDepthProcessor.cpp	133	Read: Depth buffer is corrupt. Size is 587680 (!= 614400)
11776983	[WARNING]	XnFrameStreamProcessor.cpp	132	Depth frame is corrupt!
11812871	[WARNING]	XnDepthProcessor.cpp	133	Read: Depth buffer is corrupt. Size is 584256 (!= 614400)
11812926	[WARNING]	XnFrameStreamProcessor.cpp	132	Depth frame is corrupt!
11924075	[INFO]	XnProperty.cpp	151	Property Depth1.Registration was changed to 1.
11924130	[INFO]	XnProperty.cpp	101	Depth1.Registration was successfully set.
11924262	[INFO]	XnProperty.cpp	74	Setting Image1.Mirror to 1...
11937203	[INFO]	XnProperty.cpp	151	Property Image1.FirmwareMirror was changed to 1.
11937304	[INFO]	XnProperty.cpp	151	Property Image1.Mirror was changed to 1.
11937329	[INFO]	XnProperty.cpp	101	Image1.Mirror was successfully set.
18610876	[INFO]	XnOpenNI.cpp	1459	Destroying node 'User1'
18620827	[INFO]	XnOpenNI.cpp	1459	Destroying node 'Depth1'
18620917	[INFO]	XnDeviceBase.cpp	1507	Destroying stream 'Depth1'...
18622675	[INFO]	XnOpenNI.cpp	1459	Destroying node 'Image1'
18622719	[INFO]	XnDeviceBase.cpp	1507	Destroying stream 'Image1'...
18624018	[INFO]	XnOpenNI.cpp	1459	Destroying node 'Device1'
