    1881	[INFO]	XnLog.cpp	165	OpenNI version is 1.0.0 (Build 25)-MacOSX (Jan  7 2011 14:20:18)
    1924	[INFO]	XnLog.cpp	173	Log system initialized. Console: 1, File: 1, Severity: INFO, Masks: ALL
    1955	[INFO]	XnLog.cpp	173	Log system initialized. Console: 1, File: 1, Severity: INFO, Masks: ALL
    3420	[INFO]	XnUSBLinux-x86.cpp	98	USB is initialized.
 2008564	[INFO]	XnOpenNI.cpp	1261	Creating node 'Device1' of type Device...
 2009749	[INFO]	XnDeviceModule.cpp	431	Module 'Device' configuration was loaded from file.
 2273722	[INFO]	XnDeviceSensorIO.cpp	135	Connected to USB device
 2273773	[INFO]	XnProperty.cpp	151	Property Device.USBPath was changed to 045e/02ae@36/6.
 2285787	[INFO]	XnHostProtocol.cpp	825	Hardware versions: FW=5.1.4 (7) HW=4 Chip=2 Sensor=4 SYS=7
 3696573	[INFO]	XnProperty.cpp	151	Property Device.ID was changed to 0.
 3696659	[INFO]	XnSensor.cpp	182	Device sensor initialized
 3696785	[INFO]	XnOpenNI.cpp	1261	Creating node 'Depth1' of type Depth...
 3696842	[INFO]	XnDeviceBase.cpp	1383	Creating stream 'Depth1' of type 'Depth'...
 3696868	[INFO]	XnProperty.cpp	74	Setting Device.ReadData to 1...
 3696914	[INFO]	XnDeviceSensorIO.cpp	298	Endpoints open
 3709194	[INFO]	XnProperty.cpp	151	Property Device.ReadData was changed to 1.
 3709240	[INFO]	XnProperty.cpp	101	Device.ReadData was successfully set.
 3709722	[INFO]	XnProperty.cpp	151	Property Depth1.Resolution was changed to 0.
 3709748	[INFO]	XnProperty.cpp	151	Property Depth1.XRes was changed to 320.
 3709768	[INFO]	XnProperty.cpp	151	Property Depth1.YRes was changed to 240.
 3709787	[INFO]	XnProperty.cpp	151	Property Depth1.FPS was changed to 30.
 3709805	[INFO]	XnProperty.cpp	151	Property Depth1.OutputFormat was changed to 1.
 3709823	[INFO]	XnProperty.cpp	151	Property Depth1.BytesPerPixel was changed to 2.
 3709841	[INFO]	XnProperty.cpp	151	Property Depth1.RequiredDataSize was changed to 153600.
 3709863	[INFO]	XnProperty.cpp	151	Property Depth1.ParamCoeff was changed to 4.
 3709937	[INFO]	XnProperty.cpp	151	Property Depth1.ShiftScale was changed to 10.
 3724482	[INFO]	XnProperty.cpp	151	Property Depth1.ConstShift was changed to 200.
 3724576	[INFO]	XnProperty.cpp	151	Property Depth1.ZPD was changed to 120.
 3724676	[INFO]	XnProperty.cpp	151	Property Depth1.ZPPS was changed to 0.104200.
 3724693	[INFO]	XnProperty.cpp	151	Property Depth1.LDDIS was changed to 7.500000.
 3724808	[INFO]	XnProperty.cpp	151	Property Depth1.Gain was changed to 30.
 3724841	[INFO]	XnDeviceBase.cpp	1458	Stream 'Depth1' was initialized.
 3724857	[INFO]	XnDeviceBase.cpp	1463	'Depth1' stream was created.
 3725037	[INFO]	XnProperty.cpp	74	Setting Depth1.InputFormat to 3...
 3725059	[INFO]	XnProperty.cpp	151	Property Depth1.InputFormat was changed to 3.
 3725075	[INFO]	XnProperty.cpp	101	Depth1.InputFormat was successfully set.
 3725683	[INFO]	XnProperty.cpp	74	Setting Depth1.RegistrationType to 2...
 3725700	[INFO]	XnProperty.cpp	151	Property Depth1.RegistrationType was changed to 2.
 3725714	[INFO]	XnProperty.cpp	101	Depth1.RegistrationType was successfully set.
 3726362	[INFO]	XnDeviceModule.cpp	431	Module 'Depth1' configuration was loaded from file.
 3726560	[INFO]	XnProperty.cpp	74	Setting Depth1.FPS to 30...
 3726576	[INFO]	XnProperty.cpp	86	Depth1.FPS value did not change.
 3726591	[INFO]	XnProperty.cpp	74	Setting Depth1.YRes to 480...
 3726608	[INFO]	XnProperty.cpp	151	Property Depth1.Resolution was changed to 1.
 3726625	[INFO]	XnProperty.cpp	151	Property Depth1.XRes was changed to 640.
 3726718	[INFO]	XnProperty.cpp	151	Property Depth1.RequiredDataSize was changed to 307200.
 3726738	[INFO]	XnProperty.cpp	151	Property Depth1.YRes was changed to 480.
 3726753	[INFO]	XnProperty.cpp	151	Property Depth1.RequiredDataSize was changed to 614400.
 3726769	[INFO]	XnProperty.cpp	101	Depth1.YRes was successfully set.
 3726791	[INFO]	XnProperty.cpp	74	Setting Depth1.XRes to 640...
 3726805	[INFO]	XnProperty.cpp	86	Depth1.XRes value did not change.
 3726855	[INFO]	XnProperty.cpp	74	Setting Depth1.Mirror to 1...
 3726872	[INFO]	XnProperty.cpp	151	Property Depth1.FirmwareMirror was changed to 1.
 3726906	[INFO]	XnProperty.cpp	151	Property Depth1.Mirror was changed to 1.
 3726921	[INFO]	XnProperty.cpp	101	Depth1.Mirror was successfully set.
 5731212	[INFO]	XnOpenNI.cpp	1261	Creating node 'User1' of type User...
 5766907	[WARNING]	Linux-x86Threads.cpp	173	Failed to set thread priority: Invalid argument
 5766959	[WARNING]	XnUSBLinux-x86.cpp	126	USB events thread: Failed to set thread priority to critical. This might cause loss of data...
 5768090	[INFO]	XnUSBLinux-x86.cpp	1222	USB read thread was started.
 5768112	[INFO]	XnProperty.cpp	151	Property Depth1.ActualReadData was changed to 1.
 6239900	[INFO]	XnProperty.cpp	151	Property Depth1.State was changed to 1.
 6239942	[INFO]	XnDeviceBase.cpp	370	Stream Depth1 is open.
 8340883	[INFO]	XnOpenNI.cpp	1261	Creating node 'Image1' of type Image...
 8340931	[INFO]	XnDeviceBase.cpp	1383	Creating stream 'Image1' of type 'Image'...
 8341150	[INFO]	XnProperty.cpp	151	Property Image1.Resolution was changed to 0.
 8341171	[INFO]	XnProperty.cpp	151	Property Image1.XRes was changed to 320.
 8341188	[INFO]	XnProperty.cpp	151	Property Image1.YRes was changed to 240.
 8341204	[INFO]	XnProperty.cpp	151	Property Image1.FPS was changed to 30.
 8341218	[INFO]	XnProperty.cpp	151	Property Image1.OutputFormat was changed to 5.
 8341240	[INFO]	XnProperty.cpp	151	Property Image1.BytesPerPixel was changed to 3.
 8341256	[INFO]	XnProperty.cpp	151	Property Image1.RequiredDataSize was changed to 230400.
 8341293	[INFO]	XnDeviceBase.cpp	1458	Stream 'Image1' was initialized.
 8341309	[INFO]	XnDeviceBase.cpp	1463	'Image1' stream was created.
 8341430	[INFO]	XnProperty.cpp	74	Setting Image1.InputFormat to 6...
 8341453	[INFO]	XnProperty.cpp	151	Property Image1.InputFormat was changed to 6.
 8341468	[INFO]	XnProperty.cpp	101	Image1.InputFormat was successfully set.
 8342048	[INFO]	XnDeviceModule.cpp	431	Module 'Image1' configuration was loaded from file.
 8342149	[INFO]	XnProperty.cpp	74	Setting Image1.FPS to 30...
 8342166	[INFO]	XnProperty.cpp	86	Image1.FPS value did not change.
 8342181	[INFO]	XnProperty.cpp	74	Setting Image1.YRes to 480...
 8342196	[INFO]	XnProperty.cpp	151	Property Image1.Resolution was changed to 1.
 8342211	[INFO]	XnProperty.cpp	151	Property Image1.XRes was changed to 640.
 8342225	[INFO]	XnProperty.cpp	151	Property Image1.RequiredDataSize was changed to 460800.
 8342538	[INFO]	XnProperty.cpp	151	Property Image1.YRes was changed to 480.
 8342557	[INFO]	XnProperty.cpp	151	Property Image1.RequiredDataSize was changed to 921600.
 8342587	[INFO]	XnProperty.cpp	101	Image1.YRes was successfully set.
 8342612	[INFO]	XnProperty.cpp	74	Setting Image1.XRes to 640...
 8342627	[INFO]	XnProperty.cpp	86	Image1.XRes value did not change.
 8343836	[INFO]	XnUSBLinux-x86.cpp	1222	USB read thread was started.
 8343858	[INFO]	XnProperty.cpp	151	Property Image1.ActualReadData was changed to 1.
 8538431	[WARNING]	XnDepthProcessor.cpp	133	Read: Depth buffer is corrupt. Size is 573072 (!= 614400)
 8538469	[WARNING]	XnFrameStreamProcessor.cpp	132	Depth frame is corrupt!
11458644	[WARNING]	XnDepthProcessor.cpp	133	Read: Depth buffer is corrupt. Size is 610608 (!= 614400)
11459700	[WARNING]	XnFrameStreamProcessor.cpp	132	Depth frame is corrupt!
11475441	[INFO]	XnProperty.cpp	151	Property Image1.State was changed to 1.
11475482	[INFO]	XnDeviceBase.cpp	370	Stream Image1 is open.
11476169	[INFO]	XnProperty.cpp	74	Setting Depth1.Registration to 1...
11478800	[WARNING]	XnDepthProcessor.cpp	133	Read: Depth buffer is corrupt. Size is 482272 (!= 614400)
11479071	[WARNING]	XnFrameStreamProcessor.cpp	132	Depth frame is corrupt!
11508335	[WARNING]	XnDepthProcessor.cpp	133	Read: Depth buffer is corrupt. Size is 566304 (!= 614400)
11508390	[WARNING]	XnFrameStreamProcessor.cpp	132	Depth frame is corrupt!
11633929	[INFO]	XnProperty.cpp	151	Property Depth1.Registration was changed to 1.
11633987	[INFO]	XnProperty.cpp	101	Depth1.Registration was successfully set.
11634196	[INFO]	XnProperty.cpp	74	Setting Image1.Mirror to 1...
11646563	[INFO]	XnProperty.cpp	151	Property Image1.FirmwareMirror was changed to 1.
11646649	[INFO]	XnProperty.cpp	151	Property Image1.Mirror was changed to 1.
11646665	[INFO]	XnProperty.cpp	101	Image1.Mirror was successfully set.
