    1706	[INFO]	XnLog.cpp	165	OpenNI version is 1.0.0 (Build 25)-MacOSX (Jan  7 2011 14:20:18)
    1756	[INFO]	XnLog.cpp	173	Log system initialized. Console: 1, File: 1, Severity: INFO, Masks: ALL
    1786	[INFO]	XnLog.cpp	173	Log system initialized. Console: 1, File: 1, Severity: INFO, Masks: ALL
    3146	[INFO]	XnUSBLinux-x86.cpp	98	USB is initialized.
 2008554	[INFO]	XnOpenNI.cpp	1261	Creating node 'Device1' of type Device...
 2009986	[INFO]	XnDeviceModule.cpp	431	Module 'Device' configuration was loaded from file.
 2274412	[INFO]	XnDeviceSensorIO.cpp	135	Connected to USB device
 2274463	[INFO]	XnProperty.cpp	151	Property Device.USBPath was changed to 045e/02ae@36/6.
 2286428	[INFO]	XnHostProtocol.cpp	825	Hardware versions: FW=5.1.4 (7) HW=4 Chip=2 Sensor=4 SYS=7
 3696383	[INFO]	XnProperty.cpp	151	Property Device.ID was changed to 0.
 3696483	[INFO]	XnSensor.cpp	182	Device sensor initialized
 3696672	[INFO]	XnOpenNI.cpp	1261	Creating node 'Depth1' of type Depth...
 3696791	[INFO]	XnDeviceBase.cpp	1383	Creating stream 'Depth1' of type 'Depth'...
 3696828	[INFO]	XnProperty.cpp	74	Setting Device.ReadData to 1...
 3696881	[INFO]	XnDeviceSensorIO.cpp	298	Endpoints open
 3709188	[INFO]	XnProperty.cpp	151	Property Device.ReadData was changed to 1.
 3709243	[INFO]	XnProperty.cpp	101	Device.ReadData was successfully set.
 3709699	[INFO]	XnProperty.cpp	151	Property Depth1.Resolution was changed to 0.
 3709724	[INFO]	XnProperty.cpp	151	Property Depth1.XRes was changed to 320.
 3709744	[INFO]	XnProperty.cpp	151	Property Depth1.YRes was changed to 240.
 3709764	[INFO]	XnProperty.cpp	151	Property Depth1.FPS was changed to 30.
 3709783	[INFO]	XnProperty.cpp	151	Property Depth1.OutputFormat was changed to 1.
 3709801	[INFO]	XnProperty.cpp	151	Property Depth1.BytesPerPixel was changed to 2.
 3709821	[INFO]	XnProperty.cpp	151	Property Depth1.RequiredDataSize was changed to 153600.
 3709844	[INFO]	XnProperty.cpp	151	Property Depth1.ParamCoeff was changed to 4.
 3709920	[INFO]	XnProperty.cpp	151	Property Depth1.ShiftScale was changed to 10.
 3722251	[INFO]	XnProperty.cpp	151	Property Depth1.ConstShift was changed to 200.
 3722360	[INFO]	XnProperty.cpp	151	Property Depth1.ZPD was changed to 120.
 3722480	[INFO]	XnProperty.cpp	151	Property Depth1.ZPPS was changed to 0.104200.
 3722502	[INFO]	XnProperty.cpp	151	Property Depth1.LDDIS was changed to 7.500000.
 3722631	[INFO]	XnProperty.cpp	151	Property Depth1.Gain was changed to 30.
 3722670	[INFO]	XnDeviceBase.cpp	1458	Stream 'Depth1' was initialized.
 3722691	[INFO]	XnDeviceBase.cpp	1463	'Depth1' stream was created.
 3722898	[INFO]	XnProperty.cpp	74	Setting Depth1.InputFormat to 3...
 3722925	[INFO]	XnProperty.cpp	151	Property Depth1.InputFormat was changed to 3.
 3722950	[INFO]	XnProperty.cpp	101	Depth1.InputFormat was successfully set.
 3723612	[INFO]	XnProperty.cpp	74	Setting Depth1.RegistrationType to 2...
 3723633	[INFO]	XnProperty.cpp	151	Property Depth1.RegistrationType was changed to 2.
 3723649	[INFO]	XnProperty.cpp	101	Depth1.RegistrationType was successfully set.
 3724344	[INFO]	XnDeviceModule.cpp	431	Module 'Depth1' configuration was loaded from file.
 3724562	[INFO]	XnProperty.cpp	74	Setting Depth1.FPS to 30...
 3724585	[INFO]	XnProperty.cpp	86	Depth1.FPS value did not change.
 3724602	[INFO]	XnProperty.cpp	74	Setting Depth1.YRes to 480...
 3724620	[INFO]	XnProperty.cpp	151	Property Depth1.Resolution was changed to 1.
 3724637	[INFO]	XnProperty.cpp	151	Property Depth1.XRes was changed to 640.
 3724654	[INFO]	XnProperty.cpp	151	Property Depth1.RequiredDataSize was changed to 307200.
 3724672	[INFO]	XnProperty.cpp	151	Property Depth1.YRes was changed to 480.
 3724689	[INFO]	XnProperty.cpp	151	Property Depth1.RequiredDataSize was changed to 614400.
 3724705	[INFO]	XnProperty.cpp	101	Depth1.YRes was successfully set.
 3724721	[INFO]	XnProperty.cpp	74	Setting Depth1.XRes to 640...
 3724736	[INFO]	XnProperty.cpp	86	Depth1.XRes value did not change.
 3724788	[INFO]	XnProperty.cpp	74	Setting Depth1.Mirror to 1...
 3724806	[INFO]	XnProperty.cpp	151	Property Depth1.FirmwareMirror was changed to 1.
 3724853	[INFO]	XnProperty.cpp	151	Property Depth1.Mirror was changed to 1.
 3724869	[INFO]	XnProperty.cpp	101	Depth1.Mirror was successfully set.
 5724640	[INFO]	XnOpenNI.cpp	1261	Creating node 'User1' of type User...
 5758690	[WARNING]	Linux-x86Threads.cpp	173	Failed to set thread priority: Invalid argument
 5758738	[WARNING]	XnUSBLinux-x86.cpp	126	USB events thread: Failed to set thread priority to critical. This might cause loss of data...
 5760052	[INFO]	XnUSBLinux-x86.cpp	1222	USB read thread was started.
 5760175	[INFO]	XnProperty.cpp	151	Property Depth1.ActualReadData was changed to 1.
 6229790	[INFO]	XnProperty.cpp	151	Property Depth1.State was changed to 1.
 6229832	[INFO]	XnDeviceBase.cpp	370	Stream Depth1 is open.
 8215775	[INFO]	XnOpenNI.cpp	1261	Creating node 'Image1' of type Image...
 8215824	[INFO]	XnDeviceBase.cpp	1383	Creating stream 'Image1' of type 'Image'...
 8216080	[INFO]	XnProperty.cpp	151	Property Image1.Resolution was changed to 0.
 8216189	[INFO]	XnProperty.cpp	151	Property Image1.XRes was changed to 320.
 8216242	[INFO]	XnProperty.cpp	151	Property Image1.YRes was changed to 240.
 8216292	[INFO]	XnProperty.cpp	151	Property Image1.FPS was changed to 30.
 8216342	[INFO]	XnProperty.cpp	151	Property Image1.OutputFormat was changed to 5.
 8216391	[INFO]	XnProperty.cpp	151	Property Image1.BytesPerPixel was changed to 3.
 8216441	[INFO]	XnProperty.cpp	151	Property Image1.RequiredDataSize was changed to 230400.
 8216520	[INFO]	XnDeviceBase.cpp	1458	Stream 'Image1' was initialized.
 8216569	[INFO]	XnDeviceBase.cpp	1463	'Image1' stream was created.
 8216724	[INFO]	XnProperty.cpp	74	Setting Image1.InputFormat to 6...
 8216781	[INFO]	XnProperty.cpp	151	Property Image1.InputFormat was changed to 6.
 8216829	[INFO]	XnProperty.cpp	101	Image1.InputFormat was successfully set.
 8217961	[INFO]	XnDeviceModule.cpp	431	Module 'Image1' configuration was loaded from file.
 8218125	[INFO]	XnProperty.cpp	74	Setting Image1.FPS to 30...
 8218192	[INFO]	XnProperty.cpp	86	Image1.FPS value did not change.
 8218243	[INFO]	XnProperty.cpp	74	Setting Image1.YRes to 480...
 8218292	[INFO]	XnProperty.cpp	151	Property Image1.Resolution was changed to 1.
 8218341	[INFO]	XnProperty.cpp	151	Property Image1.XRes was changed to 640.
 8218390	[INFO]	XnProperty.cpp	151	Property Image1.RequiredDataSize was changed to 460800.
 8218441	[INFO]	XnProperty.cpp	151	Property Image1.YRes was changed to 480.
 8218489	[INFO]	XnProperty.cpp	151	Property Image1.RequiredDataSize was changed to 921600.
 8218546	[INFO]	XnProperty.cpp	101	Image1.YRes was successfully set.
 8218596	[INFO]	XnProperty.cpp	74	Setting Image1.XRes to 640...
 8218643	[INFO]	XnProperty.cpp	86	Image1.XRes value did not change.
 8219900	[INFO]	XnUSBLinux-x86.cpp	1222	USB read thread was started.
 8219971	[INFO]	XnProperty.cpp	151	Property Image1.ActualReadData was changed to 1.
 8296271	[WARNING]	XnDepthProcessor.cpp	133	Read: Depth buffer is corrupt. Size is 586720 (!= 614400)
 8296324	[WARNING]	XnFrameStreamProcessor.cpp	132	Depth frame is corrupt!
 8396278	[WARNING]	XnDepthProcessor.cpp	133	Read: Depth buffer is corrupt. Size is 546240 (!= 614400)
 8396329	[WARNING]	XnFrameStreamProcessor.cpp	132	Depth frame is corrupt!
 8428321	[WARNING]	XnDepthProcessor.cpp	133	Read: Depth buffer is corrupt. Size is 586576 (!= 614400)
 8428361	[WARNING]	XnFrameStreamProcessor.cpp	132	Depth frame is corrupt!
11420237	[INFO]	XnProperty.cpp	151	Property Image1.State was changed to 1.
11420336	[INFO]	XnDeviceBase.cpp	370	Stream Image1 is open.
11421137	[INFO]	XnProperty.cpp	74	Setting Depth1.Registration to 1...
11578110	[INFO]	XnProperty.cpp	151	Property Depth1.Registration was changed to 1.
11578166	[INFO]	XnProperty.cpp	101	Depth1.Registration was successfully set.
11578297	[INFO]	XnProperty.cpp	74	Setting Image1.Mirror to 1...
11590722	[INFO]	XnProperty.cpp	151	Property Image1.FirmwareMirror was changed to 1.
11590762	[INFO]	XnProperty.cpp	151	Property Image1.Mirror was changed to 1.
11590778	[INFO]	XnProperty.cpp	101	Image1.Mirror was successfully set.
31523500	[WARNING]	XnDepthProcessor.cpp	133	Read: Depth buffer is corrupt. Size is 340000 (!= 614400)
31527697	[WARNING]	XnFrameStreamProcessor.cpp	132	Depth frame is corrupt!
32416106	[WARNING]	XnFrameStreamProcessor.cpp	140	Depth Frame Buffer overflow! current size: 612768
32416320	[WARNING]	XnFrameStreamProcessor.cpp	132	Depth frame is corrupt!
32423301	[WARNING]	XnDepthProcessor.cpp	133	Read: Depth buffer is corrupt. Size is 612768 (!= 614400)
32575574	[WARNING]	XnUSBLinux-x86.cpp	1078	Endpoint 0x82, Buffer 10: Asynch transfer failed (status: 1)
32589323	[WARNING]	XnDepthProcessor.cpp	133	Read: Depth buffer is corrupt. Size is 279824 (!= 614400)
32589492	[WARNING]	XnFrameStreamProcessor.cpp	132	Depth frame is corrupt!
56589565	[WARNING]	XnFrameStreamProcessor.cpp	140	Depth Frame Buffer overflow! current size: 612768
56590917	[WARNING]	XnFrameStreamProcessor.cpp	132	Depth frame is corrupt!
56613382	[WARNING]	XnDepthProcessor.cpp	133	Read: Depth buffer is corrupt. Size is 612768 (!= 614400)
64390123	[WARNING]	XnDepthProcessor.cpp	133	Read: Depth buffer is corrupt. Size is 505344 (!= 614400)
64390290	[WARNING]	XnFrameStreamProcessor.cpp	132	Depth frame is corrupt!
81595206	[WARNING]	XnUSBLinux-x86.cpp	1078	Endpoint 0x81, Buffer 5: Asynch transfer failed (status: 1)
134898538	[WARNING]	XnDepthProcessor.cpp	133	Read: Depth buffer is corrupt. Size is 462016 (!= 614400)
134902826	[WARNING]	XnFrameStreamProcessor.cpp	132	Depth frame is corrupt!
136791351	[INFO]	XnOpenNI.cpp	1459	Destroying node 'User1'
136800529	[INFO]	XnOpenNI.cpp	1459	Destroying node 'Depth1'
136800622	[INFO]	XnDeviceBase.cpp	1507	Destroying stream 'Depth1'...
136802166	[INFO]	XnOpenNI.cpp	1459	Destroying node 'Image1'
136802208	[INFO]	XnDeviceBase.cpp	1507	Destroying stream 'Image1'...
136803152	[INFO]	XnOpenNI.cpp	1459	Destroying node 'Device1'
