    1748	[INFO]	XnLog.cpp	165	OpenNI version is 1.0.0 (Build 25)-MacOSX (Jan  7 2011 14:20:18)
    1792	[INFO]	XnLog.cpp	173	Log system initialized. Console: 1, File: 1, Severity: INFO, Masks: ALL
    1823	[INFO]	XnLog.cpp	173	Log system initialized. Console: 1, File: 1, Severity: INFO, Masks: ALL
    3061	[INFO]	XnUSBLinux-x86.cpp	98	USB is initialized.
 2011902	[INFO]	XnOpenNI.cpp	1261	Creating node 'Device1' of type Device...
 2013442	[INFO]	XnDeviceModule.cpp	431	Module 'Device' configuration was loaded from file.
 2278853	[INFO]	XnDeviceSensorIO.cpp	135	Connected to USB device
 2278905	[INFO]	XnProperty.cpp	151	Property Device.USBPath was changed to 045e/02ae@36/6.
 2290717	[INFO]	XnHostProtocol.cpp	825	Hardware versions: FW=5.1.4 (7) HW=4 Chip=2 Sensor=4 SYS=7
 3704022	[INFO]	XnProperty.cpp	151	Property Device.ID was changed to 0.
 3704110	[INFO]	XnSensor.cpp	182	Device sensor initialized
 3704274	[INFO]	XnOpenNI.cpp	1261	Creating node 'Depth1' of type Depth...
 3704375	[INFO]	XnDeviceBase.cpp	1383	Creating stream 'Depth1' of type 'Depth'...
 3704404	[INFO]	XnProperty.cpp	74	Setting Device.ReadData to 1...
 3704449	[INFO]	XnDeviceSensorIO.cpp	298	Endpoints open
 3716754	[INFO]	XnProperty.cpp	151	Property Device.ReadData was changed to 1.
 3716802	[INFO]	XnProperty.cpp	101	Device.ReadData was successfully set.
 3717264	[INFO]	XnProperty.cpp	151	Property Depth1.Resolution was changed to 0.
 3717287	[INFO]	XnProperty.cpp	151	Property Depth1.XRes was changed to 320.
 3717305	[INFO]	XnProperty.cpp	151	Property Depth1.YRes was changed to 240.
 3717321	[INFO]	XnProperty.cpp	151	Property Depth1.FPS was changed to 30.
 3717337	[INFO]	XnProperty.cpp	151	Property Depth1.OutputFormat was changed to 1.
 3717353	[INFO]	XnProperty.cpp	151	Property Depth1.BytesPerPixel was changed to 2.
 3717369	[INFO]	XnProperty.cpp	151	Property Depth1.RequiredDataSize was changed to 153600.
 3717389	[INFO]	XnProperty.cpp	151	Property Depth1.ParamCoeff was changed to 4.
 3717454	[INFO]	XnProperty.cpp	151	Property Depth1.ShiftScale was changed to 10.
 3729667	[INFO]	XnProperty.cpp	151	Property Depth1.ConstShift was changed to 200.
 3729788	[INFO]	XnProperty.cpp	151	Property Depth1.ZPD was changed to 120.
 3729889	[INFO]	XnProperty.cpp	151	Property Depth1.ZPPS was changed to 0.104200.
 3729908	[INFO]	XnProperty.cpp	151	Property Depth1.LDDIS was changed to 7.500000.
 3730026	[INFO]	XnProperty.cpp	151	Property Depth1.Gain was changed to 30.
 3730061	[INFO]	XnDeviceBase.cpp	1458	Stream 'Depth1' was initialized.
 3730078	[INFO]	XnDeviceBase.cpp	1463	'Depth1' stream was created.
 3730281	[INFO]	XnProperty.cpp	74	Setting Depth1.InputFormat to 3...
 3730305	[INFO]	XnProperty.cpp	151	Property Depth1.InputFormat was changed to 3.
 3730321	[INFO]	XnProperty.cpp	101	Depth1.InputFormat was successfully set.
 3730935	[INFO]	XnProperty.cpp	74	Setting Depth1.RegistrationType to 2...
 3730954	[INFO]	XnProperty.cpp	151	Property Depth1.RegistrationType was changed to 2.
 3730969	[INFO]	XnProperty.cpp	101	Depth1.RegistrationType was successfully set.
 3731619	[INFO]	XnDeviceModule.cpp	431	Module 'Depth1' configuration was loaded from file.
 3731815	[INFO]	XnProperty.cpp	74	Setting Depth1.FPS to 30...
 3731834	[INFO]	XnProperty.cpp	86	Depth1.FPS value did not change.
 3731850	[INFO]	XnProperty.cpp	74	Setting Depth1.YRes to 480...
 3731867	[INFO]	XnProperty.cpp	151	Property Depth1.Resolution was changed to 1.
 3731884	[INFO]	XnProperty.cpp	151	Property Depth1.XRes was changed to 640.
 3731900	[INFO]	XnProperty.cpp	151	Property Depth1.RequiredDataSize was changed to 307200.
 3731917	[INFO]	XnProperty.cpp	151	Property Depth1.YRes was changed to 480.
 3731932	[INFO]	XnProperty.cpp	151	Property Depth1.RequiredDataSize was changed to 614400.
 3731948	[INFO]	XnProperty.cpp	101	Depth1.YRes was successfully set.
 3731963	[INFO]	XnProperty.cpp	74	Setting Depth1.XRes to 640...
 3731976	[INFO]	XnProperty.cpp	86	Depth1.XRes value did not change.
 3732115	[INFO]	XnProperty.cpp	74	Setting Depth1.Mirror to 1...
 3732133	[INFO]	XnProperty.cpp	151	Property Depth1.FirmwareMirror was changed to 1.
 3732180	[INFO]	XnProperty.cpp	151	Property Depth1.Mirror was changed to 1.
 3732195	[INFO]	XnProperty.cpp	101	Depth1.Mirror was successfully set.
 5739212	[INFO]	XnOpenNI.cpp	1261	Creating node 'User1' of type User...
 5775038	[WARNING]	Linux-x86Threads.cpp	173	Failed to set thread priority: Invalid argument
 5775085	[WARNING]	XnUSBLinux-x86.cpp	126	USB events thread: Failed to set thread priority to critical. This might cause loss of data...
 5776244	[WARNING]	Linux-x86Threads.cpp	173	Failed to set thread priority: No such process
 5776274	[WARNING]	XnUSBLinux-x86.cpp	970	Failed to set thread priority to critical. This might cause loss of data...
 5777077	[INFO]	XnUSBLinux-x86.cpp	1222	USB read thread was started.
 5777101	[INFO]	XnProperty.cpp	151	Property Depth1.ActualReadData was changed to 1.
 6247325	[INFO]	XnProperty.cpp	151	Property Depth1.State was changed to 1.
 6247368	[INFO]	XnDeviceBase.cpp	370	Stream Depth1 is open.
 8230492	[INFO]	XnOpenNI.cpp	1261	Creating node 'Image1' of type Image...
 8230543	[INFO]	XnDeviceBase.cpp	1383	Creating stream 'Image1' of type 'Image'...
 8230778	[INFO]	XnProperty.cpp	151	Property Image1.Resolution was changed to 0.
 8230798	[INFO]	XnProperty.cpp	151	Property Image1.XRes was changed to 320.
 8230815	[INFO]	XnProperty.cpp	151	Property Image1.YRes was changed to 240.
 8230831	[INFO]	XnProperty.cpp	151	Property Image1.FPS was changed to 30.
 8230846	[INFO]	XnProperty.cpp	151	Property Image1.OutputFormat was changed to 5.
 8230861	[INFO]	XnProperty.cpp	151	Property Image1.BytesPerPixel was changed to 3.
 8230876	[INFO]	XnProperty.cpp	151	Property Image1.RequiredDataSize was changed to 230400.
 8230911	[INFO]	XnDeviceBase.cpp	1458	Stream 'Image1' was initialized.
 8230928	[INFO]	XnDeviceBase.cpp	1463	'Image1' stream was created.
 8231047	[INFO]	XnProperty.cpp	74	Setting Image1.InputFormat to 6...
 8231069	[INFO]	XnProperty.cpp	151	Property Image1.InputFormat was changed to 6.
 8231084	[INFO]	XnProperty.cpp	101	Image1.InputFormat was successfully set.
 8231665	[INFO]	XnDeviceModule.cpp	431	Module 'Image1' configuration was loaded from file.
 8231770	[INFO]	XnProperty.cpp	74	Setting Image1.FPS to 30...
 8231787	[INFO]	XnProperty.cpp	86	Image1.FPS value did not change.
 8231802	[INFO]	XnProperty.cpp	74	Setting Image1.YRes to 480...
 8231817	[INFO]	XnProperty.cpp	151	Property Image1.Resolution was changed to 1.
 8231832	[INFO]	XnProperty.cpp	151	Property Image1.XRes was changed to 640.
 8231847	[INFO]	XnProperty.cpp	151	Property Image1.RequiredDataSize was changed to 460800.
 8231981	[INFO]	XnProperty.cpp	151	Property Image1.YRes was changed to 480.
 8231998	[INFO]	XnProperty.cpp	151	Property Image1.RequiredDataSize was changed to 921600.
 8232014	[INFO]	XnProperty.cpp	101	Image1.YRes was successfully set.
 8232030	[INFO]	XnProperty.cpp	74	Setting Image1.XRes to 640...
 8232043	[INFO]	XnProperty.cpp	86	Image1.XRes value did not change.
 8233147	[INFO]	XnUSBLinux-x86.cpp	1222	USB read thread was started.
 8233170	[INFO]	XnProperty.cpp	151	Property Image1.ActualReadData was changed to 1.
 8411868	[WARNING]	XnDepthProcessor.cpp	133	Read: Depth buffer is corrupt. Size is 490080 (!= 614400)
 8411988	[WARNING]	XnFrameStreamProcessor.cpp	132	Depth frame is corrupt!
 8447814	[WARNING]	XnDepthProcessor.cpp	133	Read: Depth buffer is corrupt. Size is 597344 (!= 614400)
 8447935	[WARNING]	XnFrameStreamProcessor.cpp	132	Depth frame is corrupt!
11433898	[INFO]	XnProperty.cpp	151	Property Image1.State was changed to 1.
11433949	[INFO]	XnDeviceBase.cpp	370	Stream Image1 is open.
11434630	[INFO]	XnProperty.cpp	74	Setting Depth1.Registration to 1...
11483708	[WARNING]	XnDepthProcessor.cpp	133	Read: Depth buffer is corrupt. Size is 583632 (!= 614400)
11483761	[WARNING]	XnFrameStreamProcessor.cpp	132	Depth frame is corrupt!
11591790	[INFO]	XnProperty.cpp	151	Property Depth1.Registration was changed to 1.
11591835	[INFO]	XnProperty.cpp	101	Depth1.Registration was successfully set.
11591936	[INFO]	XnProperty.cpp	74	Setting Image1.Mirror to 1...
11604528	[INFO]	XnProperty.cpp	151	Property Image1.FirmwareMirror was changed to 1.
11604630	[INFO]	XnProperty.cpp	151	Property Image1.Mirror was changed to 1.
11604646	[INFO]	XnProperty.cpp	101	Image1.Mirror was successfully set.
61039452	[INFO]	XnOpenNI.cpp	1459	Destroying node 'User1'
61048134	[INFO]	XnOpenNI.cpp	1459	Destroying node 'Depth1'
61048226	[INFO]	XnDeviceBase.cpp	1507	Destroying stream 'Depth1'...
61050931	[INFO]	XnOpenNI.cpp	1459	Destroying node 'Image1'
61051013	[INFO]	XnDeviceBase.cpp	1507	Destroying stream 'Image1'...
61052379	[INFO]	XnOpenNI.cpp	1459	Destroying node 'Device1'
