    3317	[INFO]	XnLog.cpp	165	OpenNI version is 1.0.0 (Build 25)-MacOSX (Jan  7 2011 14:20:18)
    3490	[INFO]	XnLog.cpp	173	Log system initialized. Console: 1, File: 1, Severity: INFO, Masks: ALL
    3557	[INFO]	XnLog.cpp	173	Log system initialized. Console: 1, File: 1, Severity: INFO, Masks: ALL
    5194	[INFO]	XnUSBLinux-x86.cpp	98	USB is initialized.
 2006736	[INFO]	XnOpenNI.cpp	1261	Creating node 'Device1' of type Device...
 2007854	[INFO]	XnDeviceModule.cpp	431	Module 'Device' configuration was loaded from file.
 2272033	[INFO]	XnDeviceSensorIO.cpp	135	Connected to USB device
 2272083	[INFO]	XnProperty.cpp	151	Property Device.USBPath was changed to 045e/02ae@36/6.
 2283792	[INFO]	XnHostProtocol.cpp	825	Hardware versions: FW=5.1.4 (7) HW=4 Chip=2 Sensor=4 SYS=7
 3696900	[INFO]	XnProperty.cpp	151	Property Device.ID was changed to 0.
 3696981	[INFO]	XnSensor.cpp	182	Device sensor initialized
 3697109	[INFO]	XnOpenNI.cpp	1261	Creating node 'Depth1' of type Depth...
 3697153	[INFO]	XnDeviceBase.cpp	1383	Creating stream 'Depth1' of type 'Depth'...
 3697172	[INFO]	XnProperty.cpp	74	Setting Device.ReadData to 1...
 3697208	[INFO]	XnDeviceSensorIO.cpp	298	Endpoints open
 3709362	[INFO]	XnProperty.cpp	151	Property Device.ReadData was changed to 1.
 3709423	[INFO]	XnProperty.cpp	101	Device.ReadData was successfully set.
 3709819	[INFO]	XnProperty.cpp	151	Property Depth1.Resolution was changed to 0.
 3709842	[INFO]	XnProperty.cpp	151	Property Depth1.XRes was changed to 320.
 3709858	[INFO]	XnProperty.cpp	151	Property Depth1.YRes was changed to 240.
 3709874	[INFO]	XnProperty.cpp	151	Property Depth1.FPS was changed to 30.
 3709889	[INFO]	XnProperty.cpp	151	Property Depth1.OutputFormat was changed to 1.
 3709906	[INFO]	XnProperty.cpp	151	Property Depth1.BytesPerPixel was changed to 2.
 3709922	[INFO]	XnProperty.cpp	151	Property Depth1.RequiredDataSize was changed to 153600.
 3709941	[INFO]	XnProperty.cpp	151	Property Depth1.ParamCoeff was changed to 4.
 3710003	[INFO]	XnProperty.cpp	151	Property Depth1.ShiftScale was changed to 10.
 3722435	[INFO]	XnProperty.cpp	151	Property Depth1.ConstShift was changed to 200.
 3722536	[INFO]	XnProperty.cpp	151	Property Depth1.ZPD was changed to 120.
 3722639	[INFO]	XnProperty.cpp	151	Property Depth1.ZPPS was changed to 0.104200.
 3722659	[INFO]	XnProperty.cpp	151	Property Depth1.LDDIS was changed to 7.500000.
 3722843	[INFO]	XnProperty.cpp	151	Property Depth1.Gain was changed to 30.
 3722880	[INFO]	XnDeviceBase.cpp	1458	Stream 'Depth1' was initialized.
 3722897	[INFO]	XnDeviceBase.cpp	1463	'Depth1' stream was created.
 3723089	[INFO]	XnProperty.cpp	74	Setting Depth1.InputFormat to 3...
 3723113	[INFO]	XnProperty.cpp	151	Property Depth1.InputFormat was changed to 3.
 3723129	[INFO]	XnProperty.cpp	101	Depth1.InputFormat was successfully set.
 3723747	[INFO]	XnProperty.cpp	74	Setting Depth1.RegistrationType to 2...
 3723766	[INFO]	XnProperty.cpp	151	Property Depth1.RegistrationType was changed to 2.
 3723780	[INFO]	XnProperty.cpp	101	Depth1.RegistrationType was successfully set.
 3724492	[INFO]	XnDeviceModule.cpp	431	Module 'Depth1' configuration was loaded from file.
 3724697	[INFO]	XnProperty.cpp	74	Setting Depth1.FPS to 30...
 3724716	[INFO]	XnProperty.cpp	86	Depth1.FPS value did not change.
 3724731	[INFO]	XnProperty.cpp	74	Setting Depth1.YRes to 480...
 3724749	[INFO]	XnProperty.cpp	151	Property Depth1.Resolution was changed to 1.
 3724765	[INFO]	XnProperty.cpp	151	Property Depth1.XRes was changed to 640.
 3724781	[INFO]	XnProperty.cpp	151	Property Depth1.RequiredDataSize was changed to 307200.
 3724798	[INFO]	XnProperty.cpp	151	Property Depth1.YRes was changed to 480.
 3724813	[INFO]	XnProperty.cpp	151	Property Depth1.RequiredDataSize was changed to 614400.
 3724829	[INFO]	XnProperty.cpp	101	Depth1.YRes was successfully set.
 3724845	[INFO]	XnProperty.cpp	74	Setting Depth1.XRes to 640...
 3724858	[INFO]	XnProperty.cpp	86	Depth1.XRes value did not change.
 3724908	[INFO]	XnProperty.cpp	74	Setting Depth1.Mirror to 1...
 3724925	[INFO]	XnProperty.cpp	151	Property Depth1.FirmwareMirror was changed to 1.
 3724969	[INFO]	XnProperty.cpp	151	Property Depth1.Mirror was changed to 1.
 3724984	[INFO]	XnProperty.cpp	101	Depth1.Mirror was successfully set.
 5728134	[INFO]	XnOpenNI.cpp	1261	Creating node 'User1' of type User...
 5764435	[WARNING]	Linux-x86Threads.cpp	173	Failed to set thread priority: Invalid argument
 5764480	[WARNING]	XnUSBLinux-x86.cpp	126	USB events thread: Failed to set thread priority to critical. This might cause loss of data...
 5765576	[INFO]	XnUSBLinux-x86.cpp	1222	USB read thread was started.
 5765602	[INFO]	XnProperty.cpp	151	Property Depth1.ActualReadData was changed to 1.
 6257019	[INFO]	XnProperty.cpp	151	Property Depth1.State was changed to 1.
 6257060	[INFO]	XnDeviceBase.cpp	370	Stream Depth1 is open.
 8245247	[INFO]	XnOpenNI.cpp	1261	Creating node 'Image1' of type Image...
 8245294	[INFO]	XnDeviceBase.cpp	1383	Creating stream 'Image1' of type 'Image'...
 8245549	[INFO]	XnProperty.cpp	151	Property Image1.Resolution was changed to 0.
 8245643	[INFO]	XnProperty.cpp	151	Property Image1.XRes was changed to 320.
 8245696	[INFO]	XnProperty.cpp	151	Property Image1.YRes was changed to 240.
 8245757	[INFO]	XnProperty.cpp	151	Property Image1.FPS was changed to 30.
 8245810	[INFO]	XnProperty.cpp	151	Property Image1.OutputFormat was changed to 5.
 8245860	[INFO]	XnProperty.cpp	151	Property Image1.BytesPerPixel was changed to 3.
 8245909	[INFO]	XnProperty.cpp	151	Property Image1.RequiredDataSize was changed to 230400.
 8245979	[INFO]	XnDeviceBase.cpp	1458	Stream 'Image1' was initialized.
 8246028	[INFO]	XnDeviceBase.cpp	1463	'Image1' stream was created.
 8246351	[INFO]	XnProperty.cpp	74	Setting Image1.InputFormat to 6...
 8246388	[INFO]	XnProperty.cpp	151	Property Image1.InputFormat was changed to 6.
 8246404	[INFO]	XnProperty.cpp	101	Image1.InputFormat was successfully set.
 8246996	[INFO]	XnDeviceModule.cpp	431	Module 'Image1' configuration was loaded from file.
 8247083	[INFO]	XnProperty.cpp	74	Setting Image1.FPS to 30...
 8249254	[INFO]	XnProperty.cpp	86	Image1.FPS value did not change.
 8249282	[INFO]	XnProperty.cpp	74	Setting Image1.YRes to 480...
 8249300	[INFO]	XnProperty.cpp	151	Property Image1.Resolution was changed to 1.
 8249318	[INFO]	XnProperty.cpp	151	Property Image1.XRes was changed to 640.
 8249335	[INFO]	XnProperty.cpp	151	Property Image1.RequiredDataSize was changed to 460800.
 8249364	[INFO]	XnProperty.cpp	151	Property Image1.YRes was changed to 480.
 8249381	[INFO]	XnProperty.cpp	151	Property Image1.RequiredDataSize was changed to 921600.
 8249399	[INFO]	XnProperty.cpp	101	Image1.YRes was successfully set.
 8249416	[INFO]	XnProperty.cpp	74	Setting Image1.XRes to 640...
 8249432	[INFO]	XnProperty.cpp	86	Image1.XRes value did not change.
 8250663	[INFO]	XnUSBLinux-x86.cpp	1222	USB read thread was started.
 8250731	[INFO]	XnProperty.cpp	151	Property Image1.ActualReadData was changed to 1.
 8423540	[WARNING]	XnDepthProcessor.cpp	133	Read: Depth buffer is corrupt. Size is 577120 (!= 614400)
 8423586	[WARNING]	XnFrameStreamProcessor.cpp	132	Depth frame is corrupt!
11327417	[WARNING]	XnDepthProcessor.cpp	133	Read: Depth buffer is corrupt. Size is 593376 (!= 614400)
11327456	[WARNING]	XnFrameStreamProcessor.cpp	132	Depth frame is corrupt!
11450950	[INFO]	XnProperty.cpp	151	Property Image1.State was changed to 1.
11450993	[INFO]	XnDeviceBase.cpp	370	Stream Image1 is open.
11451707	[INFO]	XnProperty.cpp	74	Setting Depth1.Registration to 1...
11463418	[WARNING]	XnFrameStreamProcessor.cpp	140	Depth Frame Buffer overflow! current size: 612768
11463478	[WARNING]	XnFrameStreamProcessor.cpp	132	Depth frame is corrupt!
11491395	[WARNING]	XnDepthProcessor.cpp	133	Read: Depth buffer is corrupt. Size is 612768 (!= 614400)
11608341	[INFO]	XnProperty.cpp	151	Property Depth1.Registration was changed to 1.
11608397	[INFO]	XnProperty.cpp	101	Depth1.Registration was successfully set.
11608500	[INFO]	XnProperty.cpp	74	Setting Image1.Mirror to 1...
11620724	[INFO]	XnProperty.cpp	151	Property Image1.FirmwareMirror was changed to 1.
11620778	[INFO]	XnProperty.cpp	151	Property Image1.Mirror was changed to 1.
11620834	[INFO]	XnProperty.cpp	101	Image1.Mirror was successfully set.
91245493	[WARNING]	XnDepthProcessor.cpp	133	Read: Depth buffer is corrupt. Size is 520928 (!= 614400)
91247522	[WARNING]	XnFrameStreamProcessor.cpp	132	Depth frame is corrupt!
117675458	[WARNING]	XnDepthProcessor.cpp	133	Read: Depth buffer is corrupt. Size is 384528 (!= 614400)
117679202	[WARNING]	XnFrameStreamProcessor.cpp	132	Depth frame is corrupt!
