    1685	[INFO]	XnLog.cpp	165	OpenNI version is 1.0.0 (Build 25)-MacOSX (Jan  7 2011 14:20:18)
    1724	[INFO]	XnLog.cpp	173	Log system initialized. Console: 1, File: 1, Severity: INFO, Masks: ALL
    1754	[INFO]	XnLog.cpp	173	Log system initialized. Console: 1, File: 1, Severity: INFO, Masks: ALL
    4379	[INFO]	XnUSBLinux-x86.cpp	98	USB is initialized.
 2019155	[INFO]	XnOpenNI.cpp	1261	Creating node 'Device1' of type Device...
 2020583	[INFO]	XnDeviceModule.cpp	431	Module 'Device' configuration was loaded from file.
 2290493	[INFO]	XnDeviceSensorIO.cpp	135	Connected to USB device
 2290548	[INFO]	XnProperty.cpp	151	Property Device.USBPath was changed to 045e/02ae@36/6.
 2302849	[INFO]	XnHostProtocol.cpp	825	Hardware versions: FW=5.1.4 (7) HW=4 Chip=2 Sensor=4 SYS=7
 3716965	[INFO]	XnProperty.cpp	151	Property Device.ID was changed to 0.
 3717031	[INFO]	XnSensor.cpp	182	Device sensor initialized
 3717148	[INFO]	XnOpenNI.cpp	1261	Creating node 'Depth1' of type Depth...
 3717200	[INFO]	XnDeviceBase.cpp	1383	Creating stream 'Depth1' of type 'Depth'...
 3717223	[INFO]	XnProperty.cpp	74	Setting Device.ReadData to 1...
 3717263	[INFO]	XnDeviceSensorIO.cpp	298	Endpoints open
 3729698	[INFO]	XnProperty.cpp	151	Property Device.ReadData was changed to 1.
 3729853	[INFO]	XnProperty.cpp	101	Device.ReadData was successfully set.
 3730537	[INFO]	XnProperty.cpp	151	Property Depth1.Resolution was changed to 0.
 3730567	[INFO]	XnProperty.cpp	151	Property Depth1.XRes was changed to 320.
 3730589	[INFO]	XnProperty.cpp	151	Property Depth1.YRes was changed to 240.
 3730611	[INFO]	XnProperty.cpp	151	Property Depth1.FPS was changed to 30.
 3730631	[INFO]	XnProperty.cpp	151	Property Depth1.OutputFormat was changed to 1.
 3730652	[INFO]	XnProperty.cpp	151	Property Depth1.BytesPerPixel was changed to 2.
 3730672	[INFO]	XnProperty.cpp	151	Property Depth1.RequiredDataSize was changed to 153600.
 3730697	[INFO]	XnProperty.cpp	151	Property Depth1.ParamCoeff was changed to 4.
 3730782	[INFO]	XnProperty.cpp	151	Property Depth1.ShiftScale was changed to 10.
 3743266	[INFO]	XnProperty.cpp	151	Property Depth1.ConstShift was changed to 200.
 3743379	[INFO]	XnProperty.cpp	151	Property Depth1.ZPD was changed to 120.
 3743499	[INFO]	XnProperty.cpp	151	Property Depth1.ZPPS was changed to 0.104200.
 3743521	[INFO]	XnProperty.cpp	151	Property Depth1.LDDIS was changed to 7.500000.
 3743659	[INFO]	XnProperty.cpp	151	Property Depth1.Gain was changed to 30.
 3743699	[INFO]	XnDeviceBase.cpp	1458	Stream 'Depth1' was initialized.
 3743718	[INFO]	XnDeviceBase.cpp	1463	'Depth1' stream was created.
 3743930	[INFO]	XnProperty.cpp	74	Setting Depth1.InputFormat to 3...
 3743957	[INFO]	XnProperty.cpp	151	Property Depth1.InputFormat was changed to 3.
 3743980	[INFO]	XnProperty.cpp	101	Depth1.InputFormat was successfully set.
 3744644	[INFO]	XnProperty.cpp	74	Setting Depth1.RegistrationType to 2...
 3744663	[INFO]	XnProperty.cpp	151	Property Depth1.RegistrationType was changed to 2.
 3744679	[INFO]	XnProperty.cpp	101	Depth1.RegistrationType was successfully set.
 3745367	[INFO]	XnDeviceModule.cpp	431	Module 'Depth1' configuration was loaded from file.
 3745583	[INFO]	XnProperty.cpp	74	Setting Depth1.FPS to 30...
 3745601	[INFO]	XnProperty.cpp	86	Depth1.FPS value did not change.
 3745617	[INFO]	XnProperty.cpp	74	Setting Depth1.YRes to 480...
 3745635	[INFO]	XnProperty.cpp	151	Property Depth1.Resolution was changed to 1.
 3745653	[INFO]	XnProperty.cpp	151	Property Depth1.XRes was changed to 640.
 3745669	[INFO]	XnProperty.cpp	151	Property Depth1.RequiredDataSize was changed to 307200.
 3745716	[INFO]	XnProperty.cpp	151	Property Depth1.YRes was changed to 480.
 3745738	[INFO]	XnProperty.cpp	151	Property Depth1.RequiredDataSize was changed to 614400.
 3745758	[INFO]	XnProperty.cpp	101	Depth1.YRes was successfully set.
 3745775	[INFO]	XnProperty.cpp	74	Setting Depth1.XRes to 640...
 3745790	[INFO]	XnProperty.cpp	86	Depth1.XRes value did not change.
 3745845	[INFO]	XnProperty.cpp	74	Setting Depth1.Mirror to 1...
 3745862	[INFO]	XnProperty.cpp	151	Property Depth1.FirmwareMirror was changed to 1.
 3745908	[INFO]	XnProperty.cpp	151	Property Depth1.Mirror was changed to 1.
 3745924	[INFO]	XnProperty.cpp	101	Depth1.Mirror was successfully set.
 5747850	[INFO]	XnOpenNI.cpp	1261	Creating node 'User1' of type User...
 5783245	[WARNING]	Linux-x86Threads.cpp	173	Failed to set thread priority: Invalid argument
 5783286	[WARNING]	XnUSBLinux-x86.cpp	126	USB events thread: Failed to set thread priority to critical. This might cause loss of data...
 5784409	[INFO]	XnUSBLinux-x86.cpp	1222	USB read thread was started.
 5784434	[INFO]	XnProperty.cpp	151	Property Depth1.ActualReadData was changed to 1.
 6255755	[INFO]	XnProperty.cpp	151	Property Depth1.State was changed to 1.
 6255811	[INFO]	XnDeviceBase.cpp	370	Stream Depth1 is open.
 8239277	[INFO]	XnOpenNI.cpp	1261	Creating node 'Image1' of type Image...
 8239327	[INFO]	XnDeviceBase.cpp	1383	Creating stream 'Image1' of type 'Image'...
 8239542	[INFO]	XnProperty.cpp	151	Property Image1.Resolution was changed to 0.
 8239563	[INFO]	XnProperty.cpp	151	Property Image1.XRes was changed to 320.
 8239586	[INFO]	XnProperty.cpp	151	Property Image1.YRes was changed to 240.
 8239602	[INFO]	XnProperty.cpp	151	Property Image1.FPS was changed to 30.
 8239617	[INFO]	XnProperty.cpp	151	Property Image1.OutputFormat was changed to 5.
 8239632	[INFO]	XnProperty.cpp	151	Property Image1.BytesPerPixel was changed to 3.
 8239651	[INFO]	XnProperty.cpp	151	Property Image1.RequiredDataSize was changed to 230400.
 8239685	[INFO]	XnDeviceBase.cpp	1458	Stream 'Image1' was initialized.
 8239701	[INFO]	XnDeviceBase.cpp	1463	'Image1' stream was created.
 8239817	[INFO]	XnProperty.cpp	74	Setting Image1.InputFormat to 6...
 8239839	[INFO]	XnProperty.cpp	151	Property Image1.InputFormat was changed to 6.
 8239854	[INFO]	XnProperty.cpp	101	Image1.InputFormat was successfully set.
 8240442	[INFO]	XnDeviceModule.cpp	431	Module 'Image1' configuration was loaded from file.
 8240543	[INFO]	XnProperty.cpp	74	Setting Image1.FPS to 30...
 8240560	[INFO]	XnProperty.cpp	86	Image1.FPS value did not change.
 8240584	[INFO]	XnProperty.cpp	74	Setting Image1.YRes to 480...
 8240601	[INFO]	XnProperty.cpp	151	Property Image1.Resolution was changed to 1.
 8240617	[INFO]	XnProperty.cpp	151	Property Image1.XRes was changed to 640.
 8240632	[INFO]	XnProperty.cpp	151	Property Image1.RequiredDataSize was changed to 460800.
 8240676	[INFO]	XnProperty.cpp	151	Property Image1.YRes was changed to 480.
 8240695	[INFO]	XnProperty.cpp	151	Property Image1.RequiredDataSize was changed to 921600.
 8240713	[INFO]	XnProperty.cpp	101	Image1.YRes was successfully set.
 8240729	[INFO]	XnProperty.cpp	74	Setting Image1.XRes to 640...
 8240743	[INFO]	XnProperty.cpp	86	Image1.XRes value did not change.
 8242066	[INFO]	XnUSBLinux-x86.cpp	1222	USB read thread was started.
 8242092	[INFO]	XnProperty.cpp	151	Property Image1.ActualReadData was changed to 1.
 8286842	[WARNING]	XnDepthProcessor.cpp	133	Read: Depth buffer is corrupt. Size is 594208 (!= 614400)
 8286884	[WARNING]	XnFrameStreamProcessor.cpp	132	Depth frame is corrupt!
 8322746	[WARNING]	XnDepthProcessor.cpp	133	Read: Depth buffer is corrupt. Size is 594848 (!= 614400)
 8322791	[WARNING]	XnFrameStreamProcessor.cpp	132	Depth frame is corrupt!
 8422753	[WARNING]	XnDepthProcessor.cpp	133	Read: Depth buffer is corrupt. Size is 520304 (!= 614400)
 8422800	[WARNING]	XnFrameStreamProcessor.cpp	132	Depth frame is corrupt!
 8454784	[WARNING]	XnDepthProcessor.cpp	133	Read: Depth buffer is corrupt. Size is 589568 (!= 614400)
 8454828	[WARNING]	XnFrameStreamProcessor.cpp	132	Depth frame is corrupt!
11442428	[INFO]	XnProperty.cpp	151	Property Image1.State was changed to 1.
11442495	[INFO]	XnDeviceBase.cpp	370	Stream Image1 is open.
11443183	[INFO]	XnProperty.cpp	74	Setting Depth1.Registration to 1...
11458651	[WARNING]	XnDepthProcessor.cpp	133	Read: Depth buffer is corrupt. Size is 593344 (!= 614400)
11458695	[WARNING]	XnFrameStreamProcessor.cpp	132	Depth frame is corrupt!
11600436	[INFO]	XnProperty.cpp	151	Property Depth1.Registration was changed to 1.
11600504	[INFO]	XnProperty.cpp	101	Depth1.Registration was successfully set.
11600633	[INFO]	XnProperty.cpp	74	Setting Image1.Mirror to 1...
11612932	[INFO]	XnProperty.cpp	151	Property Image1.FirmwareMirror was changed to 1.
11612981	[INFO]	XnProperty.cpp	151	Property Image1.Mirror was changed to 1.
11613006	[INFO]	XnProperty.cpp	101	Image1.Mirror was successfully set.
20448036	[INFO]	XnOpenNI.cpp	1459	Destroying node 'User1'
20457151	[INFO]	XnOpenNI.cpp	1459	Destroying node 'Depth1'
20457254	[INFO]	XnDeviceBase.cpp	1507	Destroying stream 'Depth1'...
20458776	[INFO]	XnOpenNI.cpp	1459	Destroying node 'Image1'
20458822	[INFO]	XnDeviceBase.cpp	1507	Destroying stream 'Image1'...
20459950	[INFO]	XnOpenNI.cpp	1459	Destroying node 'Device1'
