    1816	[INFO]	XnLog.cpp	165	OpenNI version is 1.0.0 (Build 25)-MacOSX (Jan  7 2011 14:20:18)
    1858	[INFO]	XnLog.cpp	173	Log system initialized. Console: 1, File: 1, Severity: INFO, Masks: ALL
    1889	[INFO]	XnLog.cpp	173	Log system initialized. Console: 1, File: 1, Severity: INFO, Masks: ALL
    3801	[INFO]	XnUSBLinux-x86.cpp	98	USB is initialized.
 2008890	[INFO]	XnOpenNI.cpp	1261	Creating node 'Device1' of type Device...
 2010028	[INFO]	XnDeviceModule.cpp	431	Module 'Device' configuration was loaded from file.
 2274192	[INFO]	XnDeviceSensorIO.cpp	135	Connected to USB device
 2274242	[INFO]	XnProperty.cpp	151	Property Device.USBPath was changed to 045e/02ae@36/6.
 2286316	[INFO]	XnHostProtocol.cpp	825	Hardware versions: FW=5.1.4 (7) HW=4 Chip=2 Sensor=4 SYS=7
 3697204	[INFO]	XnProperty.cpp	151	Property Device.ID was changed to 0.
 3697269	[INFO]	XnSensor.cpp	182	Device sensor initialized
 3697389	[INFO]	XnOpenNI.cpp	1261	Creating node 'Depth1' of type Depth...
 3697439	[INFO]	XnDeviceBase.cpp	1383	Creating stream 'Depth1' of type 'Depth'...
 3697462	[INFO]	XnProperty.cpp	74	Setting Device.ReadData to 1...
 3697503	[INFO]	XnDeviceSensorIO.cpp	298	Endpoints open
 3709908	[INFO]	XnProperty.cpp	151	Property Device.ReadData was changed to 1.
 3709957	[INFO]	XnProperty.cpp	101	Device.ReadData was successfully set.
 3710449	[INFO]	XnProperty.cpp	151	Property Depth1.Resolution was changed to 0.
 3710473	[INFO]	XnProperty.cpp	151	Property Depth1.XRes was changed to 320.
 3710493	[INFO]	XnProperty.cpp	151	Property Depth1.YRes was changed to 240.
 3710513	[INFO]	XnProperty.cpp	151	Property Depth1.FPS was changed to 30.
 3710532	[INFO]	XnProperty.cpp	151	Property Depth1.OutputFormat was changed to 1.
 3710551	[INFO]	XnProperty.cpp	151	Property Depth1.BytesPerPixel was changed to 2.
 3710571	[INFO]	XnProperty.cpp	151	Property Depth1.RequiredDataSize was changed to 153600.
 3710595	[INFO]	XnProperty.cpp	151	Property Depth1.ParamCoeff was changed to 4.
 3710670	[INFO]	XnProperty.cpp	151	Property Depth1.ShiftScale was changed to 10.
 3723503	[INFO]	XnProperty.cpp	151	Property Depth1.ConstShift was changed to 200.
 3723602	[INFO]	XnProperty.cpp	151	Property Depth1.ZPD was changed to 120.
 3723703	[INFO]	XnProperty.cpp	151	Property Depth1.ZPPS was changed to 0.104200.
 3723721	[INFO]	XnProperty.cpp	151	Property Depth1.LDDIS was changed to 7.500000.
 3723845	[INFO]	XnProperty.cpp	151	Property Depth1.Gain was changed to 30.
 3723881	[INFO]	XnDeviceBase.cpp	1458	Stream 'Depth1' was initialized.
 3723899	[INFO]	XnDeviceBase.cpp	1463	'Depth1' stream was created.
 3724098	[INFO]	XnProperty.cpp	74	Setting Depth1.InputFormat to 3...
 3724123	[INFO]	XnProperty.cpp	151	Property Depth1.InputFormat was changed to 3.
 3724139	[INFO]	XnProperty.cpp	101	Depth1.InputFormat was successfully set.
 3724753	[INFO]	XnProperty.cpp	74	Setting Depth1.RegistrationType to 2...
 3724771	[INFO]	XnProperty.cpp	151	Property Depth1.RegistrationType was changed to 2.
 3724786	[INFO]	XnProperty.cpp	101	Depth1.RegistrationType was successfully set.
 3725456	[INFO]	XnDeviceModule.cpp	431	Module 'Depth1' configuration was loaded from file.
 3725714	[INFO]	XnProperty.cpp	74	Setting Depth1.FPS to 30...
 3725733	[INFO]	XnProperty.cpp	86	Depth1.FPS value did not change.
 3725748	[INFO]	XnProperty.cpp	74	Setting Depth1.YRes to 480...
 3725767	[INFO]	XnProperty.cpp	151	Property Depth1.Resolution was changed to 1.
 3725785	[INFO]	XnProperty.cpp	151	Property Depth1.XRes was changed to 640.
 3725802	[INFO]	XnProperty.cpp	151	Property Depth1.RequiredDataSize was changed to 307200.
 3725822	[INFO]	XnProperty.cpp	151	Property Depth1.YRes was changed to 480.
 3725839	[INFO]	XnProperty.cpp	151	Property Depth1.RequiredDataSize was changed to 614400.
 3725857	[INFO]	XnProperty.cpp	101	Depth1.YRes was successfully set.
 3725874	[INFO]	XnProperty.cpp	74	Setting Depth1.XRes to 640...
 3725890	[INFO]	XnProperty.cpp	86	Depth1.XRes value did not change.
 3725940	[INFO]	XnProperty.cpp	74	Setting Depth1.Mirror to 1...
 3725958	[INFO]	XnProperty.cpp	151	Property Depth1.FirmwareMirror was changed to 1.
 3726011	[INFO]	XnProperty.cpp	151	Property Depth1.Mirror was changed to 1.
 3726026	[INFO]	XnProperty.cpp	101	Depth1.Mirror was successfully set.
 5724662	[INFO]	XnOpenNI.cpp	1261	Creating node 'User1' of type User...
 5759459	[WARNING]	Linux-x86Threads.cpp	173	Failed to set thread priority: Invalid argument
 5759502	[WARNING]	XnUSBLinux-x86.cpp	126	USB events thread: Failed to set thread priority to critical. This might cause loss of data...
 5760600	[INFO]	XnUSBLinux-x86.cpp	1222	USB read thread was started.
 5760625	[INFO]	XnProperty.cpp	151	Property Depth1.ActualReadData was changed to 1.
 5768304	[WARNING]	XnUSBLinux-x86.cpp	1078	Endpoint 0x82, Buffer 0: Asynch transfer failed (status: 1)
 6230757	[INFO]	XnProperty.cpp	151	Property Depth1.State was changed to 1.
 6230805	[INFO]	XnDeviceBase.cpp	370	Stream Depth1 is open.
 7496332	[WARNING]	XnDepthProcessor.cpp	133	Read: Depth buffer is corrupt. Size is 601552 (!= 614400)
 7496373	[WARNING]	XnFrameStreamProcessor.cpp	132	Depth frame is corrupt!
 8217928	[INFO]	XnOpenNI.cpp	1261	Creating node 'Image1' of type Image...
 8217978	[INFO]	XnDeviceBase.cpp	1383	Creating stream 'Image1' of type 'Image'...
 8218207	[INFO]	XnProperty.cpp	151	Property Image1.Resolution was changed to 0.
 8218228	[INFO]	XnProperty.cpp	151	Property Image1.XRes was changed to 320.
 8218245	[INFO]	XnProperty.cpp	151	Property Image1.YRes was changed to 240.
 8218261	[INFO]	XnProperty.cpp	151	Property Image1.FPS was changed to 30.
 8218276	[INFO]	XnProperty.cpp	151	Property Image1.OutputFormat was changed to 5.
 8218291	[INFO]	XnProperty.cpp	151	Property Image1.BytesPerPixel was changed to 3.
 8218306	[INFO]	XnProperty.cpp	151	Property Image1.RequiredDataSize was changed to 230400.
 8218341	[INFO]	XnDeviceBase.cpp	1458	Stream 'Image1' was initialized.
 8218357	[INFO]	XnDeviceBase.cpp	1463	'Image1' stream was created.
 8218484	[INFO]	XnProperty.cpp	74	Setting Image1.InputFormat to 6...
 8218510	[INFO]	XnProperty.cpp	151	Property Image1.InputFormat was changed to 6.
 8218526	[INFO]	XnProperty.cpp	101	Image1.InputFormat was successfully set.
 8219113	[INFO]	XnDeviceModule.cpp	431	Module 'Image1' configuration was loaded from file.
 8219217	[INFO]	XnProperty.cpp	74	Setting Image1.FPS to 30...
 8219234	[INFO]	XnProperty.cpp	86	Image1.FPS value did not change.
 8219249	[INFO]	XnProperty.cpp	74	Setting Image1.YRes to 480...
 8219264	[INFO]	XnProperty.cpp	151	Property Image1.Resolution was changed to 1.
 8219279	[INFO]	XnProperty.cpp	151	Property Image1.XRes was changed to 640.
 8219294	[INFO]	XnProperty.cpp	151	Property Image1.RequiredDataSize was changed to 460800.
 8219867	[INFO]	XnProperty.cpp	151	Property Image1.YRes was changed to 480.
 8219887	[INFO]	XnProperty.cpp	151	Property Image1.RequiredDataSize was changed to 921600.
 8219905	[INFO]	XnProperty.cpp	101	Image1.YRes was successfully set.
 8219921	[INFO]	XnProperty.cpp	74	Setting Image1.XRes to 640...
 8219935	[INFO]	XnProperty.cpp	86	Image1.XRes value did not change.
 8221240	[INFO]	XnUSBLinux-x86.cpp	1222	USB read thread was started.
 8221268	[INFO]	XnProperty.cpp	151	Property Image1.ActualReadData was changed to 1.
 8400203	[WARNING]	XnDepthProcessor.cpp	133	Read: Depth buffer is corrupt. Size is 533312 (!= 614400)
 8400264	[WARNING]	XnFrameStreamProcessor.cpp	132	Depth frame is corrupt!
11300186	[WARNING]	XnDepthProcessor.cpp	133	Read: Depth buffer is corrupt. Size is 587776 (!= 614400)
11300231	[WARNING]	XnFrameStreamProcessor.cpp	132	Depth frame is corrupt!
11421097	[INFO]	XnProperty.cpp	151	Property Image1.State was changed to 1.
11421143	[INFO]	XnDeviceBase.cpp	370	Stream Image1 is open.
11421820	[INFO]	XnProperty.cpp	74	Setting Depth1.Registration to 1...
11436106	[WARNING]	XnDepthProcessor.cpp	133	Read: Depth buffer is corrupt. Size is 581552 (!= 614400)
11436160	[WARNING]	XnFrameStreamProcessor.cpp	132	Depth frame is corrupt!
11468156	[WARNING]	XnDepthProcessor.cpp	133	Read: Depth buffer is corrupt. Size is 593648 (!= 614400)
11468214	[WARNING]	XnFrameStreamProcessor.cpp	132	Depth frame is corrupt!
11578908	[INFO]	XnProperty.cpp	151	Property Depth1.Registration was changed to 1.
11579021	[INFO]	XnProperty.cpp	101	Depth1.Registration was successfully set.
11579124	[INFO]	XnProperty.cpp	74	Setting Image1.Mirror to 1...
11591315	[INFO]	XnProperty.cpp	151	Property Image1.FirmwareMirror was changed to 1.
11591353	[INFO]	XnProperty.cpp	151	Property Image1.Mirror was changed to 1.
11591368	[INFO]	XnProperty.cpp	101	Image1.Mirror was successfully set.
41620911	[INFO]	XnOpenNI.cpp	1459	Destroying node 'User1'
41630338	[INFO]	XnOpenNI.cpp	1459	Destroying node 'Depth1'
41630436	[INFO]	XnDeviceBase.cpp	1507	Destroying stream 'Depth1'...
41632054	[INFO]	XnOpenNI.cpp	1459	Destroying node 'Image1'
41632096	[INFO]	XnDeviceBase.cpp	1507	Destroying stream 'Image1'...
41633228	[INFO]	XnOpenNI.cpp	1459	Destroying node 'Device1'
