    1806	[INFO]	XnLog.cpp	165	OpenNI version is 1.0.0 (Build 25)-MacOSX (Jan  7 2011 14:20:18)
    1845	[INFO]	XnLog.cpp	173	Log system initialized. Console: 1, File: 1, Severity: INFO, Masks: ALL
    1875	[INFO]	XnLog.cpp	173	Log system initialized. Console: 1, File: 1, Severity: INFO, Masks: ALL
    3128	[INFO]	XnUSBLinux-x86.cpp	98	USB is initialized.
 1994405	[INFO]	XnOpenNI.cpp	1261	Creating node 'Device1' of type Device...
 1995412	[INFO]	XnDeviceModule.cpp	431	Module 'Device' configuration was loaded from file.
 2262939	[INFO]	XnDeviceSensorIO.cpp	135	Connected to USB device
 2262994	[INFO]	XnProperty.cpp	151	Property Device.USBPath was changed to 045e/02ae@36/6.
 2274978	[INFO]	XnHostProtocol.cpp	825	Hardware versions: FW=5.1.4 (7) HW=4 Chip=2 Sensor=4 SYS=7
 3685527	[INFO]	XnProperty.cpp	151	Property Device.ID was changed to 0.
 3685590	[INFO]	XnSensor.cpp	182	Device sensor initialized
 3685701	[INFO]	XnOpenNI.cpp	1261	Creating node 'Depth1' of type Depth...
 3685746	[INFO]	XnDeviceBase.cpp	1383	Creating stream 'Depth1' of type 'Depth'...
 3685767	[INFO]	XnProperty.cpp	74	Setting Device.ReadData to 1...
 3685803	[INFO]	XnDeviceSensorIO.cpp	298	Endpoints open
 3697995	[INFO]	XnProperty.cpp	151	Property Device.ReadData was changed to 1.
 3698052	[INFO]	XnProperty.cpp	101	Device.ReadData was successfully set.
 3698497	[INFO]	XnProperty.cpp	151	Property Depth1.Resolution was changed to 0.
 3698519	[INFO]	XnProperty.cpp	151	Property Depth1.XRes was changed to 320.
 3698536	[INFO]	XnProperty.cpp	151	Property Depth1.YRes was changed to 240.
 3698551	[INFO]	XnProperty.cpp	151	Property Depth1.FPS was changed to 30.
 3698566	[INFO]	XnProperty.cpp	151	Property Depth1.OutputFormat was changed to 1.
 3698581	[INFO]	XnProperty.cpp	151	Property Depth1.BytesPerPixel was changed to 2.
 3698596	[INFO]	XnProperty.cpp	151	Property Depth1.RequiredDataSize was changed to 153600.
 3698615	[INFO]	XnProperty.cpp	151	Property Depth1.ParamCoeff was changed to 4.
 3698678	[INFO]	XnProperty.cpp	151	Property Depth1.ShiftScale was changed to 10.
 3710876	[INFO]	XnProperty.cpp	151	Property Depth1.ConstShift was changed to 200.
 3710996	[INFO]	XnProperty.cpp	151	Property Depth1.ZPD was changed to 120.
 3711096	[INFO]	XnProperty.cpp	151	Property Depth1.ZPPS was changed to 0.104200.
 3711116	[INFO]	XnProperty.cpp	151	Property Depth1.LDDIS was changed to 7.500000.
 3711236	[INFO]	XnProperty.cpp	151	Property Depth1.Gain was changed to 30.
 3711272	[INFO]	XnDeviceBase.cpp	1458	Stream 'Depth1' was initialized.
 3711289	[INFO]	XnDeviceBase.cpp	1463	'Depth1' stream was created.
 3711494	[INFO]	XnProperty.cpp	74	Setting Depth1.InputFormat to 3...
 3711518	[INFO]	XnProperty.cpp	151	Property Depth1.InputFormat was changed to 3.
 3711534	[INFO]	XnProperty.cpp	101	Depth1.InputFormat was successfully set.
 3712154	[INFO]	XnProperty.cpp	74	Setting Depth1.RegistrationType to 2...
 3712172	[INFO]	XnProperty.cpp	151	Property Depth1.RegistrationType was changed to 2.
 3712188	[INFO]	XnProperty.cpp	101	Depth1.RegistrationType was successfully set.
 3712838	[INFO]	XnDeviceModule.cpp	431	Module 'Depth1' configuration was loaded from file.
 3713045	[INFO]	XnProperty.cpp	74	Setting Depth1.FPS to 30...
 3713064	[INFO]	XnProperty.cpp	86	Depth1.FPS value did not change.
 3713079	[INFO]	XnProperty.cpp	74	Setting Depth1.YRes to 480...
 3713097	[INFO]	XnProperty.cpp	151	Property Depth1.Resolution was changed to 1.
 3713113	[INFO]	XnProperty.cpp	151	Property Depth1.XRes was changed to 640.
 3713128	[INFO]	XnProperty.cpp	151	Property Depth1.RequiredDataSize was changed to 307200.
 3713146	[INFO]	XnProperty.cpp	151	Property Depth1.YRes was changed to 480.
 3713161	[INFO]	XnProperty.cpp	151	Property Depth1.RequiredDataSize was changed to 614400.
 3713177	[INFO]	XnProperty.cpp	101	Depth1.YRes was successfully set.
 3713192	[INFO]	XnProperty.cpp	74	Setting Depth1.XRes to 640...
 3713205	[INFO]	XnProperty.cpp	86	Depth1.XRes value did not change.
 3713255	[INFO]	XnProperty.cpp	74	Setting Depth1.Mirror to 1...
 3713272	[INFO]	XnProperty.cpp	151	Property Depth1.FirmwareMirror was changed to 1.
 3713318	[INFO]	XnProperty.cpp	151	Property Depth1.Mirror was changed to 1.
 3713333	[INFO]	XnProperty.cpp	101	Depth1.Mirror was successfully set.
 5726451	[INFO]	XnOpenNI.cpp	1261	Creating node 'User1' of type User...
 5761744	[WARNING]	Linux-x86Threads.cpp	173	Failed to set thread priority: Invalid argument
 5761791	[WARNING]	XnUSBLinux-x86.cpp	126	USB events thread: Failed to set thread priority to critical. This might cause loss of data...
 5762879	[INFO]	XnUSBLinux-x86.cpp	1222	USB read thread was started.
 5762904	[INFO]	XnProperty.cpp	151	Property Depth1.ActualReadData was changed to 1.
 6232834	[INFO]	XnProperty.cpp	151	Property Depth1.State was changed to 1.
 6232889	[INFO]	XnDeviceBase.cpp	370	Stream Depth1 is open.
 8220904	[INFO]	XnOpenNI.cpp	1261	Creating node 'Image1' of type Image...
 8220955	[INFO]	XnDeviceBase.cpp	1383	Creating stream 'Image1' of type 'Image'...
 8221187	[INFO]	XnProperty.cpp	151	Property Image1.Resolution was changed to 0.
 8221208	[INFO]	XnProperty.cpp	151	Property Image1.XRes was changed to 320.
 8221225	[INFO]	XnProperty.cpp	151	Property Image1.YRes was changed to 240.
 8221241	[INFO]	XnProperty.cpp	151	Property Image1.FPS was changed to 30.
 8221256	[INFO]	XnProperty.cpp	151	Property Image1.OutputFormat was changed to 5.
 8221271	[INFO]	XnProperty.cpp	151	Property Image1.BytesPerPixel was changed to 3.
 8221287	[INFO]	XnProperty.cpp	151	Property Image1.RequiredDataSize was changed to 230400.
 8221322	[INFO]	XnDeviceBase.cpp	1458	Stream 'Image1' was initialized.
 8221338	[INFO]	XnDeviceBase.cpp	1463	'Image1' stream was created.
 8221462	[INFO]	XnProperty.cpp	74	Setting Image1.InputFormat to 6...
 8221486	[INFO]	XnProperty.cpp	151	Property Image1.InputFormat was changed to 6.
 8221501	[INFO]	XnProperty.cpp	101	Image1.InputFormat was successfully set.
 8222089	[INFO]	XnDeviceModule.cpp	431	Module 'Image1' configuration was loaded from file.
 8222194	[INFO]	XnProperty.cpp	74	Setting Image1.FPS to 30...
 8222210	[INFO]	XnProperty.cpp	86	Image1.FPS value did not change.
 8222225	[INFO]	XnProperty.cpp	74	Setting Image1.YRes to 480...
 8222241	[INFO]	XnProperty.cpp	151	Property Image1.Resolution was changed to 1.
 8222256	[INFO]	XnProperty.cpp	151	Property Image1.XRes was changed to 640.
 8222270	[INFO]	XnProperty.cpp	151	Property Image1.RequiredDataSize was changed to 460800.
 8222314	[INFO]	XnProperty.cpp	151	Property Image1.YRes was changed to 480.
 8222333	[INFO]	XnProperty.cpp	151	Property Image1.RequiredDataSize was changed to 921600.
 8222349	[INFO]	XnProperty.cpp	101	Image1.YRes was successfully set.
 8222365	[INFO]	XnProperty.cpp	74	Setting Image1.XRes to 640...
 8222379	[INFO]	XnProperty.cpp	86	Image1.XRes value did not change.
 8223529	[INFO]	XnUSBLinux-x86.cpp	1222	USB read thread was started.
 8223554	[INFO]	XnProperty.cpp	151	Property Image1.ActualReadData was changed to 1.
 8399264	[WARNING]	XnDepthProcessor.cpp	133	Read: Depth buffer is corrupt. Size is 520336 (!= 614400)
 8399407	[WARNING]	XnFrameStreamProcessor.cpp	132	Depth frame is corrupt!
11303060	[WARNING]	XnDepthProcessor.cpp	133	Read: Depth buffer is corrupt. Size is 592608 (!= 614400)
11303103	[WARNING]	XnFrameStreamProcessor.cpp	132	Depth frame is corrupt!
11423630	[INFO]	XnProperty.cpp	151	Property Image1.State was changed to 1.
11423671	[INFO]	XnDeviceBase.cpp	370	Stream Image1 is open.
11424371	[INFO]	XnProperty.cpp	74	Setting Depth1.Registration to 1...
11435125	[WARNING]	XnDepthProcessor.cpp	133	Read: Depth buffer is corrupt. Size is 591520 (!= 614400)
11435174	[WARNING]	XnFrameStreamProcessor.cpp	132	Depth frame is corrupt!
11581608	[INFO]	XnProperty.cpp	151	Property Depth1.Registration was changed to 1.
11581664	[INFO]	XnProperty.cpp	101	Depth1.Registration was successfully set.
11581786	[INFO]	XnProperty.cpp	74	Setting Image1.Mirror to 1...
11594354	[INFO]	XnProperty.cpp	151	Property Image1.FirmwareMirror was changed to 1.
11594393	[INFO]	XnProperty.cpp	151	Property Image1.Mirror was changed to 1.
11594409	[INFO]	XnProperty.cpp	101	Image1.Mirror was successfully set.
43486234	[INFO]	XnOpenNI.cpp	1459	Destroying node 'User1'
43496600	[INFO]	XnOpenNI.cpp	1459	Destroying node 'Depth1'
43496789	[INFO]	XnDeviceBase.cpp	1507	Destroying stream 'Depth1'...
43499039	[INFO]	XnOpenNI.cpp	1459	Destroying node 'Image1'
43499092	[INFO]	XnDeviceBase.cpp	1507	Destroying stream 'Image1'...
43500194	[INFO]	XnOpenNI.cpp	1459	Destroying node 'Device1'
