  128166	[INFO]	XnLog.cpp	165	OpenNI version is 1.0.0 (Build 25)-MacOSX (Jan  7 2011 14:20:18)
  128478	[INFO]	XnLog.cpp	173	Log system initialized. Console: 1, File: 1, Severity: INFO, Masks: ALL
  128524	[INFO]	XnLog.cpp	173	Log system initialized. Console: 1, File: 1, Severity: INFO, Masks: ALL
  130231	[INFO]	XnUSBLinux-x86.cpp	98	USB is initialized.
 2161621	[INFO]	XnOpenNI.cpp	1261	Creating node 'Device1' of type Device...
 2163106	[INFO]	XnDeviceModule.cpp	431	Module 'Device' configuration was loaded from file.
 2430226	[INFO]	XnDeviceSensorIO.cpp	135	Connected to USB device
 2430275	[INFO]	XnProperty.cpp	151	Property Device.USBPath was changed to 045e/02ae@36/6.
 2442336	[INFO]	XnHostProtocol.cpp	825	Hardware versions: FW=5.1.4 (7) HW=4 Chip=2 Sensor=4 SYS=7
 3853771	[INFO]	XnProperty.cpp	151	Property Device.ID was changed to 0.
 3853847	[INFO]	XnSensor.cpp	182	Device sensor initialized
 3854005	[INFO]	XnOpenNI.cpp	1261	Creating node 'Depth1' of type Depth...
 3854099	[INFO]	XnDeviceBase.cpp	1383	Creating stream 'Depth1' of type 'Depth'...
 3854125	[INFO]	XnProperty.cpp	74	Setting Device.ReadData to 1...
 3854163	[INFO]	XnDeviceSensorIO.cpp	298	Endpoints open
 3866489	[INFO]	XnProperty.cpp	151	Property Device.ReadData was changed to 1.
 3866535	[INFO]	XnProperty.cpp	101	Device.ReadData was successfully set.
 3866974	[INFO]	XnProperty.cpp	151	Property Depth1.Resolution was changed to 0.
 3866994	[INFO]	XnProperty.cpp	151	Property Depth1.XRes was changed to 320.
 3867010	[INFO]	XnProperty.cpp	151	Property Depth1.YRes was changed to 240.
 3867027	[INFO]	XnProperty.cpp	151	Property Depth1.FPS was changed to 30.
 3867044	[INFO]	XnProperty.cpp	151	Property Depth1.OutputFormat was changed to 1.
 3867060	[INFO]	XnProperty.cpp	151	Property Depth1.BytesPerPixel was changed to 2.
 3867076	[INFO]	XnProperty.cpp	151	Property Depth1.RequiredDataSize was changed to 153600.
 3867097	[INFO]	XnProperty.cpp	151	Property Depth1.ParamCoeff was changed to 4.
 3867161	[INFO]	XnProperty.cpp	151	Property Depth1.ShiftScale was changed to 10.
 3879692	[INFO]	XnProperty.cpp	151	Property Depth1.ConstShift was changed to 200.
 3879793	[INFO]	XnProperty.cpp	151	Property Depth1.ZPD was changed to 120.
 3879894	[INFO]	XnProperty.cpp	151	Property Depth1.ZPPS was changed to 0.104200.
 3879912	[INFO]	XnProperty.cpp	151	Property Depth1.LDDIS was changed to 7.500000.
 3880027	[INFO]	XnProperty.cpp	151	Property Depth1.Gain was changed to 30.
 3880062	[INFO]	XnDeviceBase.cpp	1458	Stream 'Depth1' was initialized.
 3880079	[INFO]	XnDeviceBase.cpp	1463	'Depth1' stream was created.
 3880276	[INFO]	XnProperty.cpp	74	Setting Depth1.InputFormat to 3...
 3880300	[INFO]	XnProperty.cpp	151	Property Depth1.InputFormat was changed to 3.
 3880316	[INFO]	XnProperty.cpp	101	Depth1.InputFormat was successfully set.
 3880930	[INFO]	XnProperty.cpp	74	Setting Depth1.RegistrationType to 2...
 3880955	[INFO]	XnProperty.cpp	151	Property Depth1.RegistrationType was changed to 2.
 3880970	[INFO]	XnProperty.cpp	101	Depth1.RegistrationType was successfully set.
 3881618	[INFO]	XnDeviceModule.cpp	431	Module 'Depth1' configuration was loaded from file.
 3881817	[INFO]	XnProperty.cpp	74	Setting Depth1.FPS to 30...
 3881835	[INFO]	XnProperty.cpp	86	Depth1.FPS value did not change.
 3881850	[INFO]	XnProperty.cpp	74	Setting Depth1.YRes to 480...
 3881869	[INFO]	XnProperty.cpp	151	Property Depth1.Resolution was changed to 1.
 3881886	[INFO]	XnProperty.cpp	151	Property Depth1.XRes was changed to 640.
 3881903	[INFO]	XnProperty.cpp	151	Property Depth1.RequiredDataSize was changed to 307200.
 3881922	[INFO]	XnProperty.cpp	151	Property Depth1.YRes was changed to 480.
 3881938	[INFO]	XnProperty.cpp	151	Property Depth1.RequiredDataSize was changed to 614400.
 3881955	[INFO]	XnProperty.cpp	101	Depth1.YRes was successfully set.
 3881972	[INFO]	XnProperty.cpp	74	Setting Depth1.XRes to 640...
 3881987	[INFO]	XnProperty.cpp	86	Depth1.XRes value did not change.
 3882037	[INFO]	XnProperty.cpp	74	Setting Depth1.Mirror to 1...
 3882055	[INFO]	XnProperty.cpp	151	Property Depth1.FirmwareMirror was changed to 1.
 3882101	[INFO]	XnProperty.cpp	151	Property Depth1.Mirror was changed to 1.
 3882117	[INFO]	XnProperty.cpp	101	Depth1.Mirror was successfully set.
 5881077	[INFO]	XnOpenNI.cpp	1261	Creating node 'User1' of type User...
 5915955	[WARNING]	Linux-x86Threads.cpp	173	Failed to set thread priority: Invalid argument
 5916001	[WARNING]	XnUSBLinux-x86.cpp	126	USB events thread: Failed to set thread priority to critical. This might cause loss of data...
 5917086	[INFO]	XnUSBLinux-x86.cpp	1222	USB read thread was started.
 5917111	[INFO]	XnProperty.cpp	151	Property Depth1.ActualReadData was changed to 1.
 6387187	[INFO]	XnProperty.cpp	151	Property Depth1.State was changed to 1.
 6387230	[INFO]	XnDeviceBase.cpp	370	Stream Depth1 is open.
 8377463	[INFO]	XnOpenNI.cpp	1261	Creating node 'Image1' of type Image...
 8377508	[INFO]	XnDeviceBase.cpp	1383	Creating stream 'Image1' of type 'Image'...
 8377722	[INFO]	XnProperty.cpp	151	Property Image1.Resolution was changed to 0.
 8377743	[INFO]	XnProperty.cpp	151	Property Image1.XRes was changed to 320.
 8377759	[INFO]	XnProperty.cpp	151	Property Image1.YRes was changed to 240.
 8377775	[INFO]	XnProperty.cpp	151	Property Image1.FPS was changed to 30.
 8377789	[INFO]	XnProperty.cpp	151	Property Image1.OutputFormat was changed to 5.
 8377805	[INFO]	XnProperty.cpp	151	Property Image1.BytesPerPixel was changed to 3.
 8377819	[INFO]	XnProperty.cpp	151	Property Image1.RequiredDataSize was changed to 230400.
 8377855	[INFO]	XnDeviceBase.cpp	1458	Stream 'Image1' was initialized.
 8377871	[INFO]	XnDeviceBase.cpp	1463	'Image1' stream was created.
 8378016	[INFO]	XnProperty.cpp	74	Setting Image1.InputFormat to 6...
 8378040	[INFO]	XnProperty.cpp	151	Property Image1.InputFormat was changed to 6.
 8378055	[INFO]	XnProperty.cpp	101	Image1.InputFormat was successfully set.
 8378639	[INFO]	XnDeviceModule.cpp	431	Module 'Image1' configuration was loaded from file.
 8378734	[INFO]	XnProperty.cpp	74	Setting Image1.FPS to 30...
 8378750	[INFO]	XnProperty.cpp	86	Image1.FPS value did not change.
 8378766	[INFO]	XnProperty.cpp	74	Setting Image1.YRes to 480...
 8378781	[INFO]	XnProperty.cpp	151	Property Image1.Resolution was changed to 1.
 8378796	[INFO]	XnProperty.cpp	151	Property Image1.XRes was changed to 640.
 8378811	[INFO]	XnProperty.cpp	151	Property Image1.RequiredDataSize was changed to 460800.
 8378882	[INFO]	XnProperty.cpp	151	Property Image1.YRes was changed to 480.
 8378899	[INFO]	XnProperty.cpp	151	Property Image1.RequiredDataSize was changed to 921600.
 8378914	[INFO]	XnProperty.cpp	101	Image1.YRes was successfully set.
 8378930	[INFO]	XnProperty.cpp	74	Setting Image1.XRes to 640...
 8378944	[INFO]	XnProperty.cpp	86	Image1.XRes value did not change.
 8380048	[INFO]	XnUSBLinux-x86.cpp	1222	USB read thread was started.
 8380070	[INFO]	XnProperty.cpp	151	Property Image1.ActualReadData was changed to 1.
 8552724	[WARNING]	XnDepthProcessor.cpp	133	Read: Depth buffer is corrupt. Size is 555536 (!= 614400)
 8552765	[WARNING]	XnFrameStreamProcessor.cpp	132	Depth frame is corrupt!
 8585527	[WARNING]	XnDepthProcessor.cpp	133	Read: Depth buffer is corrupt. Size is 594128 (!= 614400)
 8589111	[WARNING]	XnFrameStreamProcessor.cpp	132	Depth frame is corrupt!
11456601	[WARNING]	XnDepthProcessor.cpp	133	Read: Depth buffer is corrupt. Size is 590880 (!= 614400)
11456654	[WARNING]	XnFrameStreamProcessor.cpp	132	Depth frame is corrupt!
11580759	[INFO]	XnProperty.cpp	151	Property Image1.State was changed to 1.
11580799	[INFO]	XnDeviceBase.cpp	370	Stream Image1 is open.
11581530	[INFO]	XnProperty.cpp	74	Setting Depth1.Registration to 1...
11587587	[WARNING]	XnFirmwareStreams.cpp	324	Unknown packet type (0x414f)!!!
11591537	[WARNING]	XnFirmwareStreams.cpp	324	Unknown packet type (0x414f)!!!
11592548	[WARNING]	XnFrameStreamProcessor.cpp	140	Depth Frame Buffer overflow! current size: 612768
11592602	[WARNING]	XnFrameStreamProcessor.cpp	132	Depth frame is corrupt!
11624544	[WARNING]	XnDepthProcessor.cpp	133	Read: Depth buffer is corrupt. Size is 612768 (!= 614400)
11738663	[INFO]	XnProperty.cpp	151	Property Depth1.Registration was changed to 1.
11738750	[INFO]	XnProperty.cpp	101	Depth1.Registration was successfully set.
11738853	[INFO]	XnProperty.cpp	74	Setting Image1.Mirror to 1...
11751417	[INFO]	XnProperty.cpp	151	Property Image1.FirmwareMirror was changed to 1.
11751469	[INFO]	XnProperty.cpp	151	Property Image1.Mirror was changed to 1.
11751485	[INFO]	XnProperty.cpp	101	Image1.Mirror was successfully set.
54503961	[WARNING]	XnDepthProcessor.cpp	133	Read: Depth buffer is corrupt. Size is 406128 (!= 614400)
54504153	[WARNING]	XnFrameStreamProcessor.cpp	132	Depth frame is corrupt!
54800318	[WARNING]	XnDepthProcessor.cpp	133	Read: Depth buffer is corrupt. Size is 580304 (!= 614400)
54800371	[WARNING]	XnFrameStreamProcessor.cpp	132	Depth frame is corrupt!
54803166	[WARNING]	XnUSBLinux-x86.cpp	1078	Endpoint 0x82, Buffer 12: Asynch transfer failed (status: 1)
54804903	[WARNING]	XnUSBLinux-x86.cpp	1056	Endpoint 0x82, Buffer 13, packet 0 Asynch transfer failed (status: -99)
54805421	[WARNING]	XnUSBLinux-x86.cpp	1056	Endpoint 0x82, Buffer 13, packet 1 Asynch transfer failed (status: -99)
54805440	[WARNING]	XnUSBLinux-x86.cpp	1056	Endpoint 0x82, Buffer 13, packet 2 Asynch transfer failed (status: -99)
54806264	[WARNING]	XnUSBLinux-x86.cpp	1056	Endpoint 0x82, Buffer 13, packet 3 Asynch transfer failed (status: -99)
54806288	[WARNING]	XnUSBLinux-x86.cpp	1056	Endpoint 0x82, Buffer 13, packet 4 Asynch transfer failed (status: -99)
54806303	[WARNING]	XnUSBLinux-x86.cpp	1056	Endpoint 0x82, Buffer 13, packet 5 Asynch transfer failed (status: -99)
54806318	[WARNING]	XnUSBLinux-x86.cpp	1056	Endpoint 0x82, Buffer 13, packet 6 Asynch transfer failed (status: -99)
54806334	[WARNING]	XnUSBLinux-x86.cpp	1056	Endpoint 0x82, Buffer 13, packet 7 Asynch transfer failed (status: -99)
54806714	[WARNING]	XnDepthProcessor.cpp	133	Read: Depth buffer is corrupt. Size is 466528 (!= 614400)
54806734	[WARNING]	XnFrameStreamProcessor.cpp	132	Depth frame is corrupt!
