    3523	[INFO]	XnLog.cpp	165	OpenNI version is 1.0.0 (Build 25)-MacOSX (Jan  7 2011 14:20:18)
    3566	[INFO]	XnLog.cpp	173	Log system initialized. Console: 1, File: 1, Severity: INFO, Masks: ALL
    3597	[INFO]	XnLog.cpp	173	Log system initialized. Console: 1, File: 1, Severity: INFO, Masks: ALL
    4835	[INFO]	XnUSBLinux-x86.cpp	98	USB is initialized.
 2017071	[INFO]	XnOpenNI.cpp	1261	Creating node 'Device1' of type Device...
 2017992	[INFO]	XnDeviceModule.cpp	431	Module 'Device' configuration was loaded from file.
 2282983	[INFO]	XnDeviceSensorIO.cpp	135	Connected to USB device
 2283034	[INFO]	XnProperty.cpp	151	Property Device.USBPath was changed to 045e/02ae@36/6.
 2294971	[INFO]	XnHostProtocol.cpp	825	Hardware versions: FW=5.1.4 (7) HW=4 Chip=2 Sensor=4 SYS=7
 3708077	[INFO]	XnProperty.cpp	151	Property Device.ID was changed to 0.
 3708172	[INFO]	XnSensor.cpp	182	Device sensor initialized
 3708363	[INFO]	XnOpenNI.cpp	1261	Creating node 'Depth1' of type Depth...
 3708491	[INFO]	XnDeviceBase.cpp	1383	Creating stream 'Depth1' of type 'Depth'...
 3708527	[INFO]	XnProperty.cpp	74	Setting Device.ReadData to 1...
 3708581	[INFO]	XnDeviceSensorIO.cpp	298	Endpoints open
 3720830	[INFO]	XnProperty.cpp	151	Property Device.ReadData was changed to 1.
 3720888	[INFO]	XnProperty.cpp	101	Device.ReadData was successfully set.
 3721321	[INFO]	XnProperty.cpp	151	Property Depth1.Resolution was changed to 0.
 3721349	[INFO]	XnProperty.cpp	151	Property Depth1.XRes was changed to 320.
 3721368	[INFO]	XnProperty.cpp	151	Property Depth1.YRes was changed to 240.
 3721387	[INFO]	XnProperty.cpp	151	Property Depth1.FPS was changed to 30.
 3721405	[INFO]	XnProperty.cpp	151	Property Depth1.OutputFormat was changed to 1.
 3721423	[INFO]	XnProperty.cpp	151	Property Depth1.BytesPerPixel was changed to 2.
 3721442	[INFO]	XnProperty.cpp	151	Property Depth1.RequiredDataSize was changed to 153600.
 3721464	[INFO]	XnProperty.cpp	151	Property Depth1.ParamCoeff was changed to 4.
 3721538	[INFO]	XnProperty.cpp	151	Property Depth1.ShiftScale was changed to 10.
 3733677	[INFO]	XnProperty.cpp	151	Property Depth1.ConstShift was changed to 200.
 3733813	[INFO]	XnProperty.cpp	151	Property Depth1.ZPD was changed to 120.
 3733971	[INFO]	XnProperty.cpp	151	Property Depth1.ZPPS was changed to 0.104200.
 3734002	[INFO]	XnProperty.cpp	151	Property Depth1.LDDIS was changed to 7.500000.
 3734177	[INFO]	XnProperty.cpp	151	Property Depth1.Gain was changed to 30.
 3734225	[INFO]	XnDeviceBase.cpp	1458	Stream 'Depth1' was initialized.
 3734251	[INFO]	XnDeviceBase.cpp	1463	'Depth1' stream was created.
 3734546	[INFO]	XnProperty.cpp	74	Setting Depth1.InputFormat to 3...
 3734584	[INFO]	XnProperty.cpp	151	Property Depth1.InputFormat was changed to 3.
 3734609	[INFO]	XnProperty.cpp	101	Depth1.InputFormat was successfully set.
 3735528	[INFO]	XnProperty.cpp	74	Setting Depth1.RegistrationType to 2...
 3735553	[INFO]	XnProperty.cpp	151	Property Depth1.RegistrationType was changed to 2.
 3735573	[INFO]	XnProperty.cpp	101	Depth1.RegistrationType was successfully set.
 3736442	[INFO]	XnDeviceModule.cpp	431	Module 'Depth1' configuration was loaded from file.
 3736648	[INFO]	XnProperty.cpp	74	Setting Depth1.FPS to 30...
 3736674	[INFO]	XnProperty.cpp	101	Depth1.FPS was successfully set.
 3736692	[INFO]	XnProperty.cpp	74	Setting Depth1.YRes to 480...
 3736712	[INFO]	XnProperty.cpp	151	Property Depth1.Resolution was changed to 1.
 3736737	[INFO]	XnProperty.cpp	151	Property Depth1.XRes was changed to 640.
 3736755	[INFO]	XnProperty.cpp	151	Property Depth1.RequiredDataSize was changed to 307200.
 3736776	[INFO]	XnProperty.cpp	151	Property Depth1.YRes was changed to 480.
 3736794	[INFO]	XnProperty.cpp	151	Property Depth1.RequiredDataSize was changed to 614400.
 3736812	[INFO]	XnProperty.cpp	101	Depth1.YRes was successfully set.
 3736830	[INFO]	XnProperty.cpp	74	Setting Depth1.XRes to 640...
 3736847	[INFO]	XnProperty.cpp	101	Depth1.XRes was successfully set.
 3736904	[INFO]	XnProperty.cpp	74	Setting Depth1.Mirror to 1...
 3736924	[INFO]	XnProperty.cpp	151	Property Depth1.FirmwareMirror was changed to 1.
 3736975	[INFO]	XnProperty.cpp	151	Property Depth1.Mirror was changed to 1.
 3736992	[INFO]	XnProperty.cpp	101	Depth1.Mirror was successfully set.
 5756042	[INFO]	XnOpenNI.cpp	1261	Creating node 'User1' of type User...
 5791032	[WARNING]	Linux-x86Threads.cpp	173	Failed to set thread priority: Invalid argument
 5791078	[WARNING]	XnUSBLinux-x86.cpp	126	USB events thread: Failed to set thread priority to critical. This might cause loss of data...
 5792155	[INFO]	XnUSBLinux-x86.cpp	1222	USB read thread was started.
 5792179	[INFO]	XnProperty.cpp	151	Property Depth1.ActualReadData was changed to 1.
 6262291	[INFO]	XnProperty.cpp	151	Property Depth1.State was changed to 1.
 6262347	[INFO]	XnDeviceBase.cpp	370	Stream Depth1 is open.
 8249351	[INFO]	XnOpenNI.cpp	1261	Creating node 'Image1' of type Image...
 8249400	[INFO]	XnDeviceBase.cpp	1383	Creating stream 'Image1' of type 'Image'...
 8249615	[INFO]	XnProperty.cpp	151	Property Image1.Resolution was changed to 0.
 8249636	[INFO]	XnProperty.cpp	151	Property Image1.XRes was changed to 320.
 8249653	[INFO]	XnProperty.cpp	151	Property Image1.YRes was changed to 240.
 8249668	[INFO]	XnProperty.cpp	151	Property Image1.FPS was changed to 30.
 8249684	[INFO]	XnProperty.cpp	151	Property Image1.OutputFormat was changed to 5.
 8249699	[INFO]	XnProperty.cpp	151	Property Image1.BytesPerPixel was changed to 3.
 8249714	[INFO]	XnProperty.cpp	151	Property Image1.RequiredDataSize was changed to 230400.
 8249749	[INFO]	XnDeviceBase.cpp	1458	Stream 'Image1' was initialized.
 8249766	[INFO]	XnDeviceBase.cpp	1463	'Image1' stream was created.
 8249893	[INFO]	XnProperty.cpp	74	Setting Image1.InputFormat to 6...
 8249916	[INFO]	XnProperty.cpp	151	Property Image1.InputFormat was changed to 6.
 8249931	[INFO]	XnProperty.cpp	101	Image1.InputFormat was successfully set.
 8250510	[INFO]	XnDeviceModule.cpp	431	Module 'Image1' configuration was loaded from file.
 8250605	[INFO]	XnProperty.cpp	74	Setting Image1.FPS to 30...
 8250622	[INFO]	XnProperty.cpp	86	Image1.FPS value did not change.
 8250637	[INFO]	XnProperty.cpp	74	Setting Image1.YRes to 480...
 8250652	[INFO]	XnProperty.cpp	151	Property Image1.Resolution was changed to 1.
 8250667	[INFO]	XnProperty.cpp	151	Property Image1.XRes was changed to 640.
 8250682	[INFO]	XnProperty.cpp	151	Property Image1.RequiredDataSize was changed to 460800.
 8250885	[INFO]	XnProperty.cpp	151	Property Image1.YRes was changed to 480.
 8250904	[INFO]	XnProperty.cpp	151	Property Image1.RequiredDataSize was changed to 921600.
 8250920	[INFO]	XnProperty.cpp	101	Image1.YRes was successfully set.
 8250935	[INFO]	XnProperty.cpp	74	Setting Image1.XRes to 640...
 8250949	[INFO]	XnProperty.cpp	86	Image1.XRes value did not change.
 8252147	[INFO]	XnUSBLinux-x86.cpp	1222	USB read thread was started.
 8252177	[INFO]	XnProperty.cpp	151	Property Image1.ActualReadData was changed to 1.
 8427707	[WARNING]	XnDepthProcessor.cpp	133	Read: Depth buffer is corrupt. Size is 500000 (!= 614400)
 8427755	[WARNING]	XnFrameStreamProcessor.cpp	132	Depth frame is corrupt!
11331599	[WARNING]	XnDepthProcessor.cpp	133	Read: Depth buffer is corrupt. Size is 596000 (!= 614400)
11331659	[WARNING]	XnFrameStreamProcessor.cpp	132	Depth frame is corrupt!
11452595	[INFO]	XnProperty.cpp	151	Property Image1.State was changed to 1.
11452651	[INFO]	XnDeviceBase.cpp	370	Stream Image1 is open.
11453370	[INFO]	XnProperty.cpp	74	Setting Depth1.Registration to 1...
11463620	[WARNING]	XnDepthProcessor.cpp	133	Read: Depth buffer is corrupt. Size is 592720 (!= 614400)
11463660	[WARNING]	XnFrameStreamProcessor.cpp	132	Depth frame is corrupt!
11610720	[INFO]	XnProperty.cpp	151	Property Depth1.Registration was changed to 1.
11610775	[INFO]	XnProperty.cpp	101	Depth1.Registration was successfully set.
11610886	[INFO]	XnProperty.cpp	74	Setting Image1.Mirror to 1...
11623131	[INFO]	XnProperty.cpp	151	Property Image1.FirmwareMirror was changed to 1.
11623177	[INFO]	XnProperty.cpp	151	Property Image1.Mirror was changed to 1.
11623192	[INFO]	XnProperty.cpp	101	Image1.Mirror was successfully set.
118940994	[WARNING]	XnFrameStreamProcessor.cpp	140	Depth Frame Buffer overflow! current size: 612768
118941149	[WARNING]	XnFrameStreamProcessor.cpp	132	Depth frame is corrupt!
118947449	[WARNING]	XnDepthProcessor.cpp	133	Read: Depth buffer is corrupt. Size is 612768 (!= 614400)
132736563	[INFO]	XnOpenNI.cpp	1459	Destroying node 'User1'
132750001	[INFO]	XnOpenNI.cpp	1459	Destroying node 'Depth1'
132750102	[INFO]	XnDeviceBase.cpp	1507	Destroying stream 'Depth1'...
132751837	[INFO]	XnOpenNI.cpp	1459	Destroying node 'Image1'
132751883	[INFO]	XnDeviceBase.cpp	1507	Destroying stream 'Image1'...
132753021	[INFO]	XnOpenNI.cpp	1459	Destroying node 'Device1'
