  129898	[INFO]	XnLog.cpp	165	OpenNI version is 1.0.0 (Build 25)-MacOSX (Jan  7 2011 14:20:18)
  129966	[INFO]	XnLog.cpp	173	Log system initialized. Console: 1, File: 1, Severity: INFO, Masks: ALL
  130022	[INFO]	XnLog.cpp	173	Log system initialized. Console: 1, File: 1, Severity: INFO, Masks: ALL
  131580	[INFO]	XnUSBLinux-x86.cpp	98	USB is initialized.
 2126091	[INFO]	XnOpenNI.cpp	1261	Creating node 'Device1' of type Device...
 2127123	[INFO]	XnDeviceModule.cpp	431	Module 'Device' configuration was loaded from file.
 2391730	[INFO]	XnDeviceSensorIO.cpp	135	Connected to USB device
 2391781	[INFO]	XnProperty.cpp	151	Property Device.USBPath was changed to 045e/02ae@36/6.
 2403556	[INFO]	XnHostProtocol.cpp	825	Hardware versions: FW=5.1.4 (7) HW=4 Chip=2 Sensor=4 SYS=7
 3815745	[INFO]	XnProperty.cpp	151	Property Device.ID was changed to 0.
 3815839	[INFO]	XnSensor.cpp	182	Device sensor initialized
 3816060	[INFO]	XnOpenNI.cpp	1261	Creating node 'Depth1' of type Depth...
 3816187	[INFO]	XnDeviceBase.cpp	1383	Creating stream 'Depth1' of type 'Depth'...
 3816224	[INFO]	XnProperty.cpp	74	Setting Device.ReadData to 1...
 3816279	[INFO]	XnDeviceSensorIO.cpp	298	Endpoints open
 3828499	[INFO]	XnProperty.cpp	151	Property Device.ReadData was changed to 1.
 3828556	[INFO]	XnProperty.cpp	101	Device.ReadData was successfully set.
 3829043	[INFO]	XnProperty.cpp	151	Property Depth1.Resolution was changed to 0.
 3829068	[INFO]	XnProperty.cpp	151	Property Depth1.XRes was changed to 320.
 3829088	[INFO]	XnProperty.cpp	151	Property Depth1.YRes was changed to 240.
 3829107	[INFO]	XnProperty.cpp	151	Property Depth1.FPS was changed to 30.
 3829125	[INFO]	XnProperty.cpp	151	Property Depth1.OutputFormat was changed to 1.
 3829143	[INFO]	XnProperty.cpp	151	Property Depth1.BytesPerPixel was changed to 2.
 3829161	[INFO]	XnProperty.cpp	151	Property Depth1.RequiredDataSize was changed to 153600.
 3829184	[INFO]	XnProperty.cpp	151	Property Depth1.ParamCoeff was changed to 4.
 3829258	[INFO]	XnProperty.cpp	151	Property Depth1.ShiftScale was changed to 10.
 3841692	[INFO]	XnProperty.cpp	151	Property Depth1.ConstShift was changed to 200.
 3841800	[INFO]	XnProperty.cpp	151	Property Depth1.ZPD was changed to 120.
 3841905	[INFO]	XnProperty.cpp	151	Property Depth1.ZPPS was changed to 0.104200.
 3841926	[INFO]	XnProperty.cpp	151	Property Depth1.LDDIS was changed to 7.500000.
 3842050	[INFO]	XnProperty.cpp	151	Property Depth1.Gain was changed to 30.
 3842086	[INFO]	XnDeviceBase.cpp	1458	Stream 'Depth1' was initialized.
 3842104	[INFO]	XnDeviceBase.cpp	1463	'Depth1' stream was created.
 3842318	[INFO]	XnProperty.cpp	74	Setting Depth1.InputFormat to 3...
 3842343	[INFO]	XnProperty.cpp	151	Property Depth1.InputFormat was changed to 3.
 3842360	[INFO]	XnProperty.cpp	101	Depth1.InputFormat was successfully set.
 3843118	[INFO]	XnProperty.cpp	74	Setting Depth1.RegistrationType to 2...
 3843140	[INFO]	XnProperty.cpp	151	Property Depth1.RegistrationType was changed to 2.
 3843156	[INFO]	XnProperty.cpp	101	Depth1.RegistrationType was successfully set.
 3843831	[INFO]	XnDeviceModule.cpp	431	Module 'Depth1' configuration was loaded from file.
 3844028	[INFO]	XnProperty.cpp	74	Setting Depth1.FPS to 30...
 3844045	[INFO]	XnProperty.cpp	86	Depth1.FPS value did not change.
 3844060	[INFO]	XnProperty.cpp	74	Setting Depth1.YRes to 480...
 3844078	[INFO]	XnProperty.cpp	151	Property Depth1.Resolution was changed to 1.
 3844142	[INFO]	XnProperty.cpp	151	Property Depth1.XRes was changed to 640.
 3844163	[INFO]	XnProperty.cpp	151	Property Depth1.RequiredDataSize was changed to 307200.
 3844182	[INFO]	XnProperty.cpp	151	Property Depth1.YRes was changed to 480.
 3844197	[INFO]	XnProperty.cpp	151	Property Depth1.RequiredDataSize was changed to 614400.
 3844215	[INFO]	XnProperty.cpp	101	Depth1.YRes was successfully set.
 3844231	[INFO]	XnProperty.cpp	74	Setting Depth1.XRes to 640...
 3844244	[INFO]	XnProperty.cpp	86	Depth1.XRes value did not change.
 3844296	[INFO]	XnProperty.cpp	74	Setting Depth1.Mirror to 1...
 3844313	[INFO]	XnProperty.cpp	151	Property Depth1.FirmwareMirror was changed to 1.
 3844357	[INFO]	XnProperty.cpp	151	Property Depth1.Mirror was changed to 1.
 3844372	[INFO]	XnProperty.cpp	101	Depth1.Mirror was successfully set.
 5850238	[INFO]	XnOpenNI.cpp	1261	Creating node 'User1' of type User...
 5883924	[WARNING]	Linux-x86Threads.cpp	173	Failed to set thread priority: Invalid argument
 5883969	[WARNING]	XnUSBLinux-x86.cpp	126	USB events thread: Failed to set thread priority to critical. This might cause loss of data...
 5885089	[INFO]	XnUSBLinux-x86.cpp	1222	USB read thread was started.
 5885115	[INFO]	XnProperty.cpp	151	Property Depth1.ActualReadData was changed to 1.
 6354804	[INFO]	XnProperty.cpp	151	Property Depth1.State was changed to 1.
 6354859	[INFO]	XnDeviceBase.cpp	370	Stream Depth1 is open.
 8342602	[INFO]	XnOpenNI.cpp	1261	Creating node 'Image1' of type Image...
 8342651	[INFO]	XnDeviceBase.cpp	1383	Creating stream 'Image1' of type 'Image'...
 8342860	[INFO]	XnProperty.cpp	151	Property Image1.Resolution was changed to 0.
 8342886	[INFO]	XnProperty.cpp	151	Property Image1.XRes was changed to 320.
 8342903	[INFO]	XnProperty.cpp	151	Property Image1.YRes was changed to 240.
 8342918	[INFO]	XnProperty.cpp	151	Property Image1.FPS was changed to 30.
 8342933	[INFO]	XnProperty.cpp	151	Property Image1.OutputFormat was changed to 5.
 8342948	[INFO]	XnProperty.cpp	151	Property Image1.BytesPerPixel was changed to 3.
 8342964	[INFO]	XnProperty.cpp	151	Property Image1.RequiredDataSize was changed to 230400.
 8342998	[INFO]	XnDeviceBase.cpp	1458	Stream 'Image1' was initialized.
 8343015	[INFO]	XnDeviceBase.cpp	1463	'Image1' stream was created.
 8343143	[INFO]	XnProperty.cpp	74	Setting Image1.InputFormat to 6...
 8343165	[INFO]	XnProperty.cpp	151	Property Image1.InputFormat was changed to 6.
 8343181	[INFO]	XnProperty.cpp	101	Image1.InputFormat was successfully set.
 8343761	[INFO]	XnDeviceModule.cpp	431	Module 'Image1' configuration was loaded from file.
 8343847	[INFO]	XnProperty.cpp	74	Setting Image1.FPS to 30...
 8343863	[INFO]	XnProperty.cpp	86	Image1.FPS value did not change.
 8343885	[INFO]	XnProperty.cpp	74	Setting Image1.YRes to 480...
 8343901	[INFO]	XnProperty.cpp	151	Property Image1.Resolution was changed to 1.
 8343916	[INFO]	XnProperty.cpp	151	Property Image1.XRes was changed to 640.
 8343931	[INFO]	XnProperty.cpp	151	Property Image1.RequiredDataSize was changed to 460800.
 8344035	[INFO]	XnProperty.cpp	151	Property Image1.YRes was changed to 480.
 8344085	[INFO]	XnProperty.cpp	151	Property Image1.RequiredDataSize was changed to 921600.
 8344135	[INFO]	XnProperty.cpp	101	Image1.YRes was successfully set.
 8344184	[INFO]	XnProperty.cpp	74	Setting Image1.XRes to 640...
 8344230	[INFO]	XnProperty.cpp	86	Image1.XRes value did not change.
 8345619	[INFO]	XnUSBLinux-x86.cpp	1222	USB read thread was started.
 8345679	[INFO]	XnProperty.cpp	151	Property Image1.ActualReadData was changed to 1.
 8521082	[WARNING]	XnDepthProcessor.cpp	133	Read: Depth buffer is corrupt. Size is 551008 (!= 614400)
 8521127	[WARNING]	XnFrameStreamProcessor.cpp	132	Depth frame is corrupt!
11546107	[INFO]	XnProperty.cpp	151	Property Image1.State was changed to 1.
11546149	[INFO]	XnDeviceBase.cpp	370	Stream Image1 is open.
11546852	[INFO]	XnProperty.cpp	74	Setting Depth1.Registration to 1...
11705607	[INFO]	XnProperty.cpp	151	Property Depth1.Registration was changed to 1.
11705663	[INFO]	XnProperty.cpp	101	Depth1.Registration was successfully set.
11705824	[INFO]	XnProperty.cpp	74	Setting Image1.Mirror to 1...
11718093	[INFO]	XnProperty.cpp	151	Property Image1.FirmwareMirror was changed to 1.
11718240	[INFO]	XnProperty.cpp	151	Property Image1.Mirror was changed to 1.
11718315	[INFO]	XnProperty.cpp	101	Image1.Mirror was successfully set.
13817499	[WARNING]	XnUSBLinux-x86.cpp	1078	Endpoint 0x81, Buffer 13: Asynch transfer failed (status: 1)
18110412	[INFO]	XnOpenNI.cpp	1459	Destroying node 'User1'
18119772	[INFO]	XnOpenNI.cpp	1459	Destroying node 'Depth1'
18119862	[INFO]	XnDeviceBase.cpp	1507	Destroying stream 'Depth1'...
18121435	[INFO]	XnOpenNI.cpp	1459	Destroying node 'Image1'
18121614	[INFO]	XnDeviceBase.cpp	1507	Destroying stream 'Image1'...
18125238	[INFO]	XnOpenNI.cpp	1459	Destroying node 'Device1'
