  201152	[INFO]	XnLog.cpp	165	OpenNI version is 1.0.0 (Build 25)-MacOSX (Jan  7 2011 14:20:18)
  201334	[INFO]	XnLog.cpp	173	Log system initialized. Console: 1, File: 1, Severity: INFO, Masks: ALL
  201389	[INFO]	XnLog.cpp	173	Log system initialized. Console: 1, File: 1, Severity: INFO, Masks: ALL
  204570	[INFO]	XnUSBLinux-x86.cpp	98	USB is initialized.
 2196635	[INFO]	XnOpenNI.cpp	1261	Creating node 'Device1' of type Device...
 2198088	[INFO]	XnDeviceModule.cpp	431	Module 'Device' configuration was loaded from file.
 2465916	[INFO]	XnDeviceSensorIO.cpp	135	Connected to USB device
 2465969	[INFO]	XnProperty.cpp	151	Property Device.USBPath was changed to 045e/02ae@36/6.
 2477898	[INFO]	XnHostProtocol.cpp	825	Hardware versions: FW=5.1.4 (7) HW=4 Chip=2 Sensor=4 SYS=7
 3893857	[INFO]	XnProperty.cpp	151	Property Device.ID was changed to 0.
 3893950	[INFO]	XnSensor.cpp	182	Device sensor initialized
 3894153	[INFO]	XnOpenNI.cpp	1261	Creating node 'Depth1' of type Depth...
 3894275	[INFO]	XnDeviceBase.cpp	1383	Creating stream 'Depth1' of type 'Depth'...
 3894313	[INFO]	XnProperty.cpp	74	Setting Device.ReadData to 1...
 3894368	[INFO]	XnDeviceSensorIO.cpp	298	Endpoints open
 3906717	[INFO]	XnProperty.cpp	151	Property Device.ReadData was changed to 1.
 3906784	[INFO]	XnProperty.cpp	101	Device.ReadData was successfully set.
 3907264	[INFO]	XnProperty.cpp	151	Property Depth1.Resolution was changed to 0.
 3907291	[INFO]	XnProperty.cpp	151	Property Depth1.XRes was changed to 320.
 3907310	[INFO]	XnProperty.cpp	151	Property Depth1.YRes was changed to 240.
 3907329	[INFO]	XnProperty.cpp	151	Property Depth1.FPS was changed to 30.
 3907347	[INFO]	XnProperty.cpp	151	Property Depth1.OutputFormat was changed to 1.
 3907365	[INFO]	XnProperty.cpp	151	Property Depth1.BytesPerPixel was changed to 2.
 3907384	[INFO]	XnProperty.cpp	151	Property Depth1.RequiredDataSize was changed to 153600.
 3907406	[INFO]	XnProperty.cpp	151	Property Depth1.ParamCoeff was changed to 4.
 3907481	[INFO]	XnProperty.cpp	151	Property Depth1.ShiftScale was changed to 10.
 3919926	[INFO]	XnProperty.cpp	151	Property Depth1.ConstShift was changed to 200.
 3920038	[INFO]	XnProperty.cpp	151	Property Depth1.ZPD was changed to 120.
 3920157	[INFO]	XnProperty.cpp	151	Property Depth1.ZPPS was changed to 0.104200.
 3920180	[INFO]	XnProperty.cpp	151	Property Depth1.LDDIS was changed to 7.500000.
 3920317	[INFO]	XnProperty.cpp	151	Property Depth1.Gain was changed to 30.
 3920371	[INFO]	XnDeviceBase.cpp	1458	Stream 'Depth1' was initialized.
 3920391	[INFO]	XnDeviceBase.cpp	1463	'Depth1' stream was created.
 3920602	[INFO]	XnProperty.cpp	74	Setting Depth1.InputFormat to 3...
 3920628	[INFO]	XnProperty.cpp	151	Property Depth1.InputFormat was changed to 3.
 3920647	[INFO]	XnProperty.cpp	101	Depth1.InputFormat was successfully set.
 3921376	[INFO]	XnProperty.cpp	74	Setting Depth1.RegistrationType to 2...
 3921399	[INFO]	XnProperty.cpp	151	Property Depth1.RegistrationType was changed to 2.
 3921417	[INFO]	XnProperty.cpp	101	Depth1.RegistrationType was successfully set.
 3922131	[INFO]	XnDeviceModule.cpp	431	Module 'Depth1' configuration was loaded from file.
 3922306	[INFO]	XnProperty.cpp	74	Setting Depth1.FPS to 30...
 3922326	[INFO]	XnProperty.cpp	86	Depth1.FPS value did not change.
 3922342	[INFO]	XnProperty.cpp	74	Setting Depth1.YRes to 480...
 3922361	[INFO]	XnProperty.cpp	151	Property Depth1.Resolution was changed to 1.
 3922378	[INFO]	XnProperty.cpp	151	Property Depth1.XRes was changed to 640.
 3922394	[INFO]	XnProperty.cpp	151	Property Depth1.RequiredDataSize was changed to 307200.
 3922413	[INFO]	XnProperty.cpp	151	Property Depth1.YRes was changed to 480.
 3922429	[INFO]	XnProperty.cpp	151	Property Depth1.RequiredDataSize was changed to 614400.
 3922445	[INFO]	XnProperty.cpp	101	Depth1.YRes was successfully set.
 3922462	[INFO]	XnProperty.cpp	74	Setting Depth1.XRes to 640...
 3922476	[INFO]	XnProperty.cpp	86	Depth1.XRes value did not change.
 3922527	[INFO]	XnProperty.cpp	74	Setting Depth1.Mirror to 1...
 3922545	[INFO]	XnProperty.cpp	151	Property Depth1.FirmwareMirror was changed to 1.
 3922590	[INFO]	XnProperty.cpp	151	Property Depth1.Mirror was changed to 1.
 3922606	[INFO]	XnProperty.cpp	101	Depth1.Mirror was successfully set.
 5934463	[INFO]	XnOpenNI.cpp	1261	Creating node 'User1' of type User...
 5969351	[WARNING]	Linux-x86Threads.cpp	173	Failed to set thread priority: Invalid argument
 5969395	[WARNING]	XnUSBLinux-x86.cpp	126	USB events thread: Failed to set thread priority to critical. This might cause loss of data...
 5970482	[INFO]	XnUSBLinux-x86.cpp	1222	USB read thread was started.
 5970507	[INFO]	XnProperty.cpp	151	Property Depth1.ActualReadData was changed to 1.
 6440401	[INFO]	XnProperty.cpp	151	Property Depth1.State was changed to 1.
 6440456	[INFO]	XnDeviceBase.cpp	370	Stream Depth1 is open.
 8426803	[INFO]	XnOpenNI.cpp	1261	Creating node 'Image1' of type Image...
 8426852	[INFO]	XnDeviceBase.cpp	1383	Creating stream 'Image1' of type 'Image'...
 8427085	[INFO]	XnProperty.cpp	151	Property Image1.Resolution was changed to 0.
 8427112	[INFO]	XnProperty.cpp	151	Property Image1.XRes was changed to 320.
 8427129	[INFO]	XnProperty.cpp	151	Property Image1.YRes was changed to 240.
 8427145	[INFO]	XnProperty.cpp	151	Property Image1.FPS was changed to 30.
 8427160	[INFO]	XnProperty.cpp	151	Property Image1.OutputFormat was changed to 5.
 8427176	[INFO]	XnProperty.cpp	151	Property Image1.BytesPerPixel was changed to 3.
 8427191	[INFO]	XnProperty.cpp	151	Property Image1.RequiredDataSize was changed to 230400.
 8427227	[INFO]	XnDeviceBase.cpp	1458	Stream 'Image1' was initialized.
 8427243	[INFO]	XnDeviceBase.cpp	1463	'Image1' stream was created.
 8427365	[INFO]	XnProperty.cpp	74	Setting Image1.InputFormat to 6...
 8427389	[INFO]	XnProperty.cpp	151	Property Image1.InputFormat was changed to 6.
 8427404	[INFO]	XnProperty.cpp	101	Image1.InputFormat was successfully set.
 8427990	[INFO]	XnDeviceModule.cpp	431	Module 'Image1' configuration was loaded from file.
 8428082	[INFO]	XnProperty.cpp	74	Setting Image1.FPS to 30...
 8428100	[INFO]	XnProperty.cpp	86	Image1.FPS value did not change.
 8428122	[INFO]	XnProperty.cpp	74	Setting Image1.YRes to 480...
 8428138	[INFO]	XnProperty.cpp	151	Property Image1.Resolution was changed to 1.
 8428152	[INFO]	XnProperty.cpp	151	Property Image1.XRes was changed to 640.
 8428167	[INFO]	XnProperty.cpp	151	Property Image1.RequiredDataSize was changed to 460800.
 8428183	[INFO]	XnProperty.cpp	151	Property Image1.YRes was changed to 480.
 8428198	[INFO]	XnProperty.cpp	151	Property Image1.RequiredDataSize was changed to 921600.
 8428214	[INFO]	XnProperty.cpp	101	Image1.YRes was successfully set.
 8428229	[INFO]	XnProperty.cpp	74	Setting Image1.XRes to 640...
 8428242	[INFO]	XnProperty.cpp	86	Image1.XRes value did not change.
 8429404	[INFO]	XnUSBLinux-x86.cpp	1222	USB read thread was started.
 8429422	[INFO]	XnProperty.cpp	151	Property Image1.ActualReadData was changed to 1.
 8606270	[WARNING]	XnDepthProcessor.cpp	133	Read: Depth buffer is corrupt. Size is 554560 (!= 614400)
 8606317	[WARNING]	XnFrameStreamProcessor.cpp	132	Depth frame is corrupt!
 8638249	[WARNING]	XnDepthProcessor.cpp	133	Read: Depth buffer is corrupt. Size is 598128 (!= 614400)
 8638352	[WARNING]	XnFrameStreamProcessor.cpp	132	Depth frame is corrupt!
11510133	[WARNING]	XnDepthProcessor.cpp	133	Read: Depth buffer is corrupt. Size is 595152 (!= 614400)
11510186	[WARNING]	XnFrameStreamProcessor.cpp	132	Depth frame is corrupt!
11630117	[INFO]	XnProperty.cpp	151	Property Image1.State was changed to 1.
11630165	[INFO]	XnDeviceBase.cpp	370	Stream Image1 is open.
11630858	[INFO]	XnProperty.cpp	74	Setting Depth1.Registration to 1...
11678110	[WARNING]	XnDepthProcessor.cpp	133	Read: Depth buffer is corrupt. Size is 585888 (!= 614400)
11678169	[WARNING]	XnFrameStreamProcessor.cpp	132	Depth frame is corrupt!
11787213	[INFO]	XnProperty.cpp	151	Property Depth1.Registration was changed to 1.
11787267	[INFO]	XnProperty.cpp	101	Depth1.Registration was successfully set.
11787398	[INFO]	XnProperty.cpp	74	Setting Image1.Mirror to 1...
11799878	[INFO]	XnProperty.cpp	151	Property Image1.FirmwareMirror was changed to 1.
11799945	[INFO]	XnProperty.cpp	151	Property Image1.Mirror was changed to 1.
11799961	[INFO]	XnProperty.cpp	101	Image1.Mirror was successfully set.
25467856	[INFO]	XnOpenNI.cpp	1459	Destroying node 'User1'
25477085	[INFO]	XnOpenNI.cpp	1459	Destroying node 'Depth1'
25477173	[INFO]	XnDeviceBase.cpp	1507	Destroying stream 'Depth1'...
25478593	[INFO]	XnOpenNI.cpp	1459	Destroying node 'Image1'
25478655	[INFO]	XnDeviceBase.cpp	1507	Destroying stream 'Image1'...
25479422	[INFO]	XnOpenNI.cpp	1459	Destroying node 'Device1'
