    1668	[INFO]	XnLog.cpp	165	OpenNI version is 1.0.0 (Build 25)-MacOSX (Jan  7 2011 14:20:18)
    1713	[INFO]	XnLog.cpp	173	Log system initialized. Console: 1, File: 1, Severity: INFO, Masks: ALL
    1743	[INFO]	XnLog.cpp	173	Log system initialized. Console: 1, File: 1, Severity: INFO, Masks: ALL
    3003	[INFO]	XnUSBLinux-x86.cpp	98	USB is initialized.
 2007090	[INFO]	XnOpenNI.cpp	1261	Creating node 'Device1' of type Device...
 2008144	[INFO]	XnDeviceModule.cpp	431	Module 'Device' configuration was loaded from file.
 2275779	[INFO]	XnDeviceSensorIO.cpp	135	Connected to USB device
 2275834	[INFO]	XnProperty.cpp	151	Property Device.USBPath was changed to 045e/02ae@36/6.
 2287838	[INFO]	XnHostProtocol.cpp	825	Hardware versions: FW=5.1.4 (7) HW=4 Chip=2 Sensor=4 SYS=7
 3695570	[INFO]	XnProperty.cpp	151	Property Device.ID was changed to 0.
 3695663	[INFO]	XnSensor.cpp	182	Device sensor initialized
 3695882	[INFO]	XnOpenNI.cpp	1261	Creating node 'Depth1' of type Depth...
 3696005	[INFO]	XnDeviceBase.cpp	1383	Creating stream 'Depth1' of type 'Depth'...
 3696042	[INFO]	XnProperty.cpp	74	Setting Device.ReadData to 1...
 3696097	[INFO]	XnDeviceSensorIO.cpp	298	Endpoints open
 3708613	[INFO]	XnProperty.cpp	151	Property Device.ReadData was changed to 1.
 3708661	[INFO]	XnProperty.cpp	101	Device.ReadData was successfully set.
 3709173	[INFO]	XnProperty.cpp	151	Property Depth1.Resolution was changed to 0.
 3709198	[INFO]	XnProperty.cpp	151	Property Depth1.XRes was changed to 320.
 3709218	[INFO]	XnProperty.cpp	151	Property Depth1.YRes was changed to 240.
 3709236	[INFO]	XnProperty.cpp	151	Property Depth1.FPS was changed to 30.
 3709254	[INFO]	XnProperty.cpp	151	Property Depth1.OutputFormat was changed to 1.
 3709272	[INFO]	XnProperty.cpp	151	Property Depth1.BytesPerPixel was changed to 2.
 3709290	[INFO]	XnProperty.cpp	151	Property Depth1.RequiredDataSize was changed to 153600.
 3709312	[INFO]	XnProperty.cpp	151	Property Depth1.ParamCoeff was changed to 4.
 3709387	[INFO]	XnProperty.cpp	151	Property Depth1.ShiftScale was changed to 10.
 3721752	[INFO]	XnProperty.cpp	151	Property Depth1.ConstShift was changed to 200.
 3721864	[INFO]	XnProperty.cpp	151	Property Depth1.ZPD was changed to 120.
 3721983	[INFO]	XnProperty.cpp	151	Property Depth1.ZPPS was changed to 0.104200.
 3722006	[INFO]	XnProperty.cpp	151	Property Depth1.LDDIS was changed to 7.500000.
 3722142	[INFO]	XnProperty.cpp	151	Property Depth1.Gain was changed to 30.
 3722182	[INFO]	XnDeviceBase.cpp	1458	Stream 'Depth1' was initialized.
 3722201	[INFO]	XnDeviceBase.cpp	1463	'Depth1' stream was created.
 3722432	[INFO]	XnProperty.cpp	74	Setting Depth1.InputFormat to 3...
 3722460	[INFO]	XnProperty.cpp	151	Property Depth1.InputFormat was changed to 3.
 3722479	[INFO]	XnProperty.cpp	101	Depth1.InputFormat was successfully set.
 3723211	[INFO]	XnProperty.cpp	74	Setting Depth1.RegistrationType to 2...
 3723233	[INFO]	XnProperty.cpp	151	Property Depth1.RegistrationType was changed to 2.
 3723254	[INFO]	XnProperty.cpp	101	Depth1.RegistrationType was successfully set.
 3723939	[INFO]	XnDeviceModule.cpp	431	Module 'Depth1' configuration was loaded from file.
 3724150	[INFO]	XnProperty.cpp	74	Setting Depth1.FPS to 30...
 3724170	[INFO]	XnProperty.cpp	86	Depth1.FPS value did not change.
 3724186	[INFO]	XnProperty.cpp	74	Setting Depth1.YRes to 480...
 3724204	[INFO]	XnProperty.cpp	151	Property Depth1.Resolution was changed to 1.
 3724222	[INFO]	XnProperty.cpp	151	Property Depth1.XRes was changed to 640.
 3724238	[INFO]	XnProperty.cpp	151	Property Depth1.RequiredDataSize was changed to 307200.
 3724256	[INFO]	XnProperty.cpp	151	Property Depth1.YRes was changed to 480.
 3724271	[INFO]	XnProperty.cpp	151	Property Depth1.RequiredDataSize was changed to 614400.
 3724288	[INFO]	XnProperty.cpp	101	Depth1.YRes was successfully set.
 3724304	[INFO]	XnProperty.cpp	74	Setting Depth1.XRes to 640...
 3724319	[INFO]	XnProperty.cpp	86	Depth1.XRes value did not change.
 3724370	[INFO]	XnProperty.cpp	74	Setting Depth1.Mirror to 1...
 3724388	[INFO]	XnProperty.cpp	151	Property Depth1.FirmwareMirror was changed to 1.
 3724440	[INFO]	XnProperty.cpp	151	Property Depth1.Mirror was changed to 1.
 3724456	[INFO]	XnProperty.cpp	101	Depth1.Mirror was successfully set.
 5719546	[INFO]	XnOpenNI.cpp	1261	Creating node 'User1' of type User...
 5753284	[WARNING]	Linux-x86Threads.cpp	173	Failed to set thread priority: Invalid argument
 5753329	[WARNING]	XnUSBLinux-x86.cpp	126	USB events thread: Failed to set thread priority to critical. This might cause loss of data...
 5754423	[INFO]	XnUSBLinux-x86.cpp	1222	USB read thread was started.
 5754449	[INFO]	XnProperty.cpp	151	Property Depth1.ActualReadData was changed to 1.
 6224034	[INFO]	XnProperty.cpp	151	Property Depth1.State was changed to 1.
 6224089	[INFO]	XnDeviceBase.cpp	370	Stream Depth1 is open.
 8208339	[INFO]	XnOpenNI.cpp	1261	Creating node 'Image1' of type Image...
 8208388	[INFO]	XnDeviceBase.cpp	1383	Creating stream 'Image1' of type 'Image'...
 8208601	[INFO]	XnProperty.cpp	151	Property Image1.Resolution was changed to 0.
 8208622	[INFO]	XnProperty.cpp	151	Property Image1.XRes was changed to 320.
 8208639	[INFO]	XnProperty.cpp	151	Property Image1.YRes was changed to 240.
 8208655	[INFO]	XnProperty.cpp	151	Property Image1.FPS was changed to 30.
 8208669	[INFO]	XnProperty.cpp	151	Property Image1.OutputFormat was changed to 5.
 8208685	[INFO]	XnProperty.cpp	151	Property Image1.BytesPerPixel was changed to 3.
 8208700	[INFO]	XnProperty.cpp	151	Property Image1.RequiredDataSize was changed to 230400.
 8208736	[INFO]	XnDeviceBase.cpp	1458	Stream 'Image1' was initialized.
 8208752	[INFO]	XnDeviceBase.cpp	1463	'Image1' stream was created.
 8208877	[INFO]	XnProperty.cpp	74	Setting Image1.InputFormat to 6...
 8208900	[INFO]	XnProperty.cpp	151	Property Image1.InputFormat was changed to 6.
 8208916	[INFO]	XnProperty.cpp	101	Image1.InputFormat was successfully set.
 8209501	[INFO]	XnDeviceModule.cpp	431	Module 'Image1' configuration was loaded from file.
 8209590	[INFO]	XnProperty.cpp	74	Setting Image1.FPS to 30...
 8209606	[INFO]	XnProperty.cpp	86	Image1.FPS value did not change.
 8209622	[INFO]	XnProperty.cpp	74	Setting Image1.YRes to 480...
 8209637	[INFO]	XnProperty.cpp	151	Property Image1.Resolution was changed to 1.
 8209652	[INFO]	XnProperty.cpp	151	Property Image1.XRes was changed to 640.
 8209667	[INFO]	XnProperty.cpp	151	Property Image1.RequiredDataSize was changed to 460800.
 8209856	[INFO]	XnProperty.cpp	151	Property Image1.YRes was changed to 480.
 8209875	[INFO]	XnProperty.cpp	151	Property Image1.RequiredDataSize was changed to 921600.
 8209892	[INFO]	XnProperty.cpp	101	Image1.YRes was successfully set.
 8209908	[INFO]	XnProperty.cpp	74	Setting Image1.XRes to 640...
 8209922	[INFO]	XnProperty.cpp	86	Image1.XRes value did not change.
 8211262	[INFO]	XnUSBLinux-x86.cpp	1222	USB read thread was started.
 8211288	[INFO]	XnProperty.cpp	151	Property Image1.ActualReadData was changed to 1.
 8254731	[WARNING]	XnDepthProcessor.cpp	133	Read: Depth buffer is corrupt. Size is 594112 (!= 614400)
 8254790	[WARNING]	XnFrameStreamProcessor.cpp	132	Depth frame is corrupt!
 8390637	[WARNING]	XnDepthProcessor.cpp	133	Read: Depth buffer is corrupt. Size is 559408 (!= 614400)
 8390682	[WARNING]	XnFrameStreamProcessor.cpp	132	Depth frame is corrupt!
 8422696	[WARNING]	XnDepthProcessor.cpp	133	Read: Depth buffer is corrupt. Size is 586896 (!= 614400)
 8422764	[WARNING]	XnFrameStreamProcessor.cpp	132	Depth frame is corrupt!
11411533	[INFO]	XnProperty.cpp	151	Property Image1.State was changed to 1.
11411578	[INFO]	XnDeviceBase.cpp	370	Stream Image1 is open.
11412328	[INFO]	XnProperty.cpp	74	Setting Depth1.Registration to 1...
11570513	[INFO]	XnProperty.cpp	151	Property Depth1.Registration was changed to 1.
11570559	[INFO]	XnProperty.cpp	101	Depth1.Registration was successfully set.
11570659	[INFO]	XnProperty.cpp	74	Setting Image1.Mirror to 1...
11582938	[INFO]	XnProperty.cpp	151	Property Image1.FirmwareMirror was changed to 1.
11582989	[INFO]	XnProperty.cpp	151	Property Image1.Mirror was changed to 1.
11583014	[INFO]	XnProperty.cpp	101	Image1.Mirror was successfully set.
26891588	[INFO]	XnOpenNI.cpp	1459	Destroying node 'User1'
26900776	[INFO]	XnOpenNI.cpp	1459	Destroying node 'Depth1'
26903457	[INFO]	XnDeviceBase.cpp	1507	Destroying stream 'Depth1'...
26905425	[INFO]	XnOpenNI.cpp	1459	Destroying node 'Image1'
26905510	[INFO]	XnDeviceBase.cpp	1507	Destroying stream 'Image1'...
26906759	[INFO]	XnOpenNI.cpp	1459	Destroying node 'Device1'
