    2114	[INFO]	XnLog.cpp	165	OpenNI version is 1.0.0 (Build 25)-MacOSX (Jan  7 2011 14:20:18)
    2161	[INFO]	XnLog.cpp	173	Log system initialized. Console: 1, File: 1, Severity: INFO, Masks: ALL
    2191	[INFO]	XnLog.cpp	173	Log system initialized. Console: 1, File: 1, Severity: INFO, Masks: ALL
    3424	[INFO]	XnUSBLinux-x86.cpp	98	USB is initialized.
 2016490	[INFO]	XnOpenNI.cpp	1261	Creating node 'Device1' of type Device...
 2018003	[INFO]	XnDeviceModule.cpp	431	Module 'Device' configuration was loaded from file.
 2281988	[INFO]	XnDeviceSensorIO.cpp	135	Connected to USB device
 2282066	[INFO]	XnProperty.cpp	151	Property Device.USBPath was changed to 045e/02ae@36/6.
 2294547	[INFO]	XnHostProtocol.cpp	825	Hardware versions: FW=5.1.4 (7) HW=4 Chip=2 Sensor=4 SYS=7
 3707428	[INFO]	XnProperty.cpp	151	Property Device.ID was changed to 0.
 3707521	[INFO]	XnSensor.cpp	182	Device sensor initialized
 3707753	[INFO]	XnOpenNI.cpp	1261	Creating node 'Depth1' of type Depth...
 3707873	[INFO]	XnDeviceBase.cpp	1383	Creating stream 'Depth1' of type 'Depth'...
 3707910	[INFO]	XnProperty.cpp	74	Setting Device.ReadData to 1...
 3707963	[INFO]	XnDeviceSensorIO.cpp	298	Endpoints open
 3720373	[INFO]	XnProperty.cpp	151	Property Device.ReadData was changed to 1.
 3720421	[INFO]	XnProperty.cpp	101	Device.ReadData was successfully set.
 3720912	[INFO]	XnProperty.cpp	151	Property Depth1.Resolution was changed to 0.
 3720937	[INFO]	XnProperty.cpp	151	Property Depth1.XRes was changed to 320.
 3720957	[INFO]	XnProperty.cpp	151	Property Depth1.YRes was changed to 240.
 3720976	[INFO]	XnProperty.cpp	151	Property Depth1.FPS was changed to 30.
 3720994	[INFO]	XnProperty.cpp	151	Property Depth1.OutputFormat was changed to 1.
 3721012	[INFO]	XnProperty.cpp	151	Property Depth1.BytesPerPixel was changed to 2.
 3721030	[INFO]	XnProperty.cpp	151	Property Depth1.RequiredDataSize was changed to 153600.
 3721052	[INFO]	XnProperty.cpp	151	Property Depth1.ParamCoeff was changed to 4.
 3721126	[INFO]	XnProperty.cpp	151	Property Depth1.ShiftScale was changed to 10.
 3733608	[INFO]	XnProperty.cpp	151	Property Depth1.ConstShift was changed to 200.
 3733717	[INFO]	XnProperty.cpp	151	Property Depth1.ZPD was changed to 120.
 3733836	[INFO]	XnProperty.cpp	151	Property Depth1.ZPPS was changed to 0.104200.
 3733859	[INFO]	XnProperty.cpp	151	Property Depth1.LDDIS was changed to 7.500000.
 3734013	[INFO]	XnProperty.cpp	151	Property Depth1.Gain was changed to 30.
 3734049	[INFO]	XnDeviceBase.cpp	1458	Stream 'Depth1' was initialized.
 3734067	[INFO]	XnDeviceBase.cpp	1463	'Depth1' stream was created.
 3734271	[INFO]	XnProperty.cpp	74	Setting Depth1.InputFormat to 3...
 3734296	[INFO]	XnProperty.cpp	151	Property Depth1.InputFormat was changed to 3.
 3734313	[INFO]	XnProperty.cpp	101	Depth1.InputFormat was successfully set.
 3734965	[INFO]	XnProperty.cpp	74	Setting Depth1.RegistrationType to 2...
 3734984	[INFO]	XnProperty.cpp	151	Property Depth1.RegistrationType was changed to 2.
 3735001	[INFO]	XnProperty.cpp	101	Depth1.RegistrationType was successfully set.
 3735855	[INFO]	XnDeviceModule.cpp	431	Module 'Depth1' configuration was loaded from file.
 3736070	[INFO]	XnProperty.cpp	74	Setting Depth1.FPS to 30...
 3736091	[INFO]	XnProperty.cpp	86	Depth1.FPS value did not change.
 3736107	[INFO]	XnProperty.cpp	74	Setting Depth1.YRes to 480...
 3736126	[INFO]	XnProperty.cpp	151	Property Depth1.Resolution was changed to 1.
 3736144	[INFO]	XnProperty.cpp	151	Property Depth1.XRes was changed to 640.
 3736160	[INFO]	XnProperty.cpp	151	Property Depth1.RequiredDataSize was changed to 307200.
 3736178	[INFO]	XnProperty.cpp	151	Property Depth1.YRes was changed to 480.
 3736194	[INFO]	XnProperty.cpp	151	Property Depth1.RequiredDataSize was changed to 614400.
 3736211	[INFO]	XnProperty.cpp	101	Depth1.YRes was successfully set.
 3736227	[INFO]	XnProperty.cpp	74	Setting Depth1.XRes to 640...
 3736241	[INFO]	XnProperty.cpp	86	Depth1.XRes value did not change.
 3736298	[INFO]	XnProperty.cpp	74	Setting Depth1.Mirror to 1...
 3736315	[INFO]	XnProperty.cpp	151	Property Depth1.FirmwareMirror was changed to 1.
 3736360	[INFO]	XnProperty.cpp	151	Property Depth1.Mirror was changed to 1.
 3736374	[INFO]	XnProperty.cpp	101	Depth1.Mirror was successfully set.
 5740201	[INFO]	XnOpenNI.cpp	1261	Creating node 'User1' of type User...
 5775272	[WARNING]	Linux-x86Threads.cpp	173	Failed to set thread priority: Invalid argument
 5775316	[WARNING]	XnUSBLinux-x86.cpp	126	USB events thread: Failed to set thread priority to critical. This might cause loss of data...
 5776488	[INFO]	XnUSBLinux-x86.cpp	1222	USB read thread was started.
 5776514	[INFO]	XnProperty.cpp	151	Property Depth1.ActualReadData was changed to 1.
 6246635	[INFO]	XnProperty.cpp	151	Property Depth1.State was changed to 1.
 6246701	[INFO]	XnDeviceBase.cpp	370	Stream Depth1 is open.
 8234187	[INFO]	XnOpenNI.cpp	1261	Creating node 'Image1' of type Image...
 8234233	[INFO]	XnDeviceBase.cpp	1383	Creating stream 'Image1' of type 'Image'...
 8234444	[INFO]	XnProperty.cpp	151	Property Image1.Resolution was changed to 0.
 8234465	[INFO]	XnProperty.cpp	151	Property Image1.XRes was changed to 320.
 8234482	[INFO]	XnProperty.cpp	151	Property Image1.YRes was changed to 240.
 8234498	[INFO]	XnProperty.cpp	151	Property Image1.FPS was changed to 30.
 8234512	[INFO]	XnProperty.cpp	151	Property Image1.OutputFormat was changed to 5.
 8234528	[INFO]	XnProperty.cpp	151	Property Image1.BytesPerPixel was changed to 3.
 8234543	[INFO]	XnProperty.cpp	151	Property Image1.RequiredDataSize was changed to 230400.
 8234577	[INFO]	XnDeviceBase.cpp	1458	Stream 'Image1' was initialized.
 8234593	[INFO]	XnDeviceBase.cpp	1463	'Image1' stream was created.
 8234705	[INFO]	XnProperty.cpp	74	Setting Image1.InputFormat to 6...
 8234727	[INFO]	XnProperty.cpp	151	Property Image1.InputFormat was changed to 6.
 8234743	[INFO]	XnProperty.cpp	101	Image1.InputFormat was successfully set.
 8235316	[INFO]	XnDeviceModule.cpp	431	Module 'Image1' configuration was loaded from file.
 8235424	[INFO]	XnProperty.cpp	74	Setting Image1.FPS to 30...
 8235442	[INFO]	XnProperty.cpp	86	Image1.FPS value did not change.
 8235457	[INFO]	XnProperty.cpp	74	Setting Image1.YRes to 480...
 8235473	[INFO]	XnProperty.cpp	151	Property Image1.Resolution was changed to 1.
 8235489	[INFO]	XnProperty.cpp	151	Property Image1.XRes was changed to 640.
 8235504	[INFO]	XnProperty.cpp	151	Property Image1.RequiredDataSize was changed to 460800.
 8235547	[INFO]	XnProperty.cpp	151	Property Image1.YRes was changed to 480.
 8235566	[INFO]	XnProperty.cpp	151	Property Image1.RequiredDataSize was changed to 921600.
 8235584	[INFO]	XnProperty.cpp	101	Image1.YRes was successfully set.
 8235600	[INFO]	XnProperty.cpp	74	Setting Image1.XRes to 640...
 8235614	[INFO]	XnProperty.cpp	86	Image1.XRes value did not change.
 8236778	[INFO]	XnUSBLinux-x86.cpp	1222	USB read thread was started.
 8236802	[INFO]	XnProperty.cpp	151	Property Image1.ActualReadData was changed to 1.
 8420625	[WARNING]	XnFrameStreamProcessor.cpp	140	Depth Frame Buffer overflow! current size: 612768
 8420671	[WARNING]	XnFrameStreamProcessor.cpp	132	Depth frame is corrupt!
 8444638	[WARNING]	XnDepthProcessor.cpp	133	Read: Depth buffer is corrupt. Size is 612768 (!= 614400)
11316530	[WARNING]	XnDepthProcessor.cpp	133	Read: Depth buffer is corrupt. Size is 595216 (!= 614400)
11316575	[WARNING]	XnFrameStreamProcessor.cpp	132	Depth frame is corrupt!
11436825	[INFO]	XnProperty.cpp	151	Property Image1.State was changed to 1.
11436882	[INFO]	XnDeviceBase.cpp	370	Stream Image1 is open.
11437614	[INFO]	XnProperty.cpp	74	Setting Depth1.Registration to 1...
11448600	[WARNING]	XnDepthProcessor.cpp	133	Read: Depth buffer is corrupt. Size is 584832 (!= 614400)
11448642	[WARNING]	XnFrameStreamProcessor.cpp	132	Depth frame is corrupt!
11480582	[WARNING]	XnDepthProcessor.cpp	133	Read: Depth buffer is corrupt. Size is 588288 (!= 614400)
11480626	[WARNING]	XnFrameStreamProcessor.cpp	132	Depth frame is corrupt!
11595690	[INFO]	XnProperty.cpp	151	Property Depth1.Registration was changed to 1.
11595744	[INFO]	XnProperty.cpp	101	Depth1.Registration was successfully set.
11595853	[INFO]	XnProperty.cpp	74	Setting Image1.Mirror to 1...
11608315	[INFO]	XnProperty.cpp	151	Property Image1.FirmwareMirror was changed to 1.
11608372	[INFO]	XnProperty.cpp	151	Property Image1.Mirror was changed to 1.
11608396	[INFO]	XnProperty.cpp	101	Image1.Mirror was successfully set.
78889858	[WARNING]	XnDepthProcessor.cpp	133	Read: Depth buffer is corrupt. Size is 278944 (!= 614400)
78890028	[WARNING]	XnFrameStreamProcessor.cpp	132	Depth frame is corrupt!
91686956	[INFO]	XnOpenNI.cpp	1459	Destroying node 'User1'
91697433	[INFO]	XnOpenNI.cpp	1459	Destroying node 'Depth1'
91697551	[INFO]	XnDeviceBase.cpp	1507	Destroying stream 'Depth1'...
91699279	[INFO]	XnOpenNI.cpp	1459	Destroying node 'Image1'
91699318	[INFO]	XnDeviceBase.cpp	1507	Destroying stream 'Image1'...
91700436	[INFO]	XnOpenNI.cpp	1459	Destroying node 'Device1'
