   16958	[INFO]	XnLog.cpp	165	OpenNI version is 1.0.0 (Build 25)-MacOSX (Jan  7 2011 14:20:18)
   17001	[INFO]	XnLog.cpp	173	Log system initialized. Console: 1, File: 1, Severity: INFO, Masks: ALL
   17032	[INFO]	XnLog.cpp	173	Log system initialized. Console: 1, File: 1, Severity: INFO, Masks: ALL
   18242	[INFO]	XnUSBLinux-x86.cpp	98	USB is initialized.
 2027508	[INFO]	XnOpenNI.cpp	1261	Creating node 'Device1' of type Device...
 2028944	[INFO]	XnDeviceModule.cpp	431	Module 'Device' configuration was loaded from file.
 2296437	[INFO]	XnDeviceSensorIO.cpp	135	Connected to USB device
 2296492	[INFO]	XnProperty.cpp	151	Property Device.USBPath was changed to 045e/02ae@36/6.
 2309063	[INFO]	XnHostProtocol.cpp	825	Hardware versions: FW=5.1.4 (7) HW=4 Chip=2 Sensor=4 SYS=7
 3720015	[INFO]	XnProperty.cpp	151	Property Device.ID was changed to 0.
 3720105	[INFO]	XnSensor.cpp	182	Device sensor initialized
 3720286	[INFO]	XnOpenNI.cpp	1261	Creating node 'Depth1' of type Depth...
 3720404	[INFO]	XnDeviceBase.cpp	1383	Creating stream 'Depth1' of type 'Depth'...
 3720439	[INFO]	XnProperty.cpp	74	Setting Device.ReadData to 1...
 3720493	[INFO]	XnDeviceSensorIO.cpp	298	Endpoints open
 3732622	[INFO]	XnProperty.cpp	151	Property Device.ReadData was changed to 1.
 3732667	[INFO]	XnProperty.cpp	101	Device.ReadData was successfully set.
 3733287	[INFO]	XnProperty.cpp	151	Property Depth1.Resolution was changed to 0.
 3733323	[INFO]	XnProperty.cpp	151	Property Depth1.XRes was changed to 320.
 3733348	[INFO]	XnProperty.cpp	151	Property Depth1.YRes was changed to 240.
 3733374	[INFO]	XnProperty.cpp	151	Property Depth1.FPS was changed to 30.
 3733397	[INFO]	XnProperty.cpp	151	Property Depth1.OutputFormat was changed to 1.
 3733421	[INFO]	XnProperty.cpp	151	Property Depth1.BytesPerPixel was changed to 2.
 3733445	[INFO]	XnProperty.cpp	151	Property Depth1.RequiredDataSize was changed to 153600.
 3733474	[INFO]	XnProperty.cpp	151	Property Depth1.ParamCoeff was changed to 4.
 3733573	[INFO]	XnProperty.cpp	151	Property Depth1.ShiftScale was changed to 10.
 3746006	[INFO]	XnProperty.cpp	151	Property Depth1.ConstShift was changed to 200.
 3746157	[INFO]	XnProperty.cpp	151	Property Depth1.ZPD was changed to 120.
 3746356	[INFO]	XnProperty.cpp	151	Property Depth1.ZPPS was changed to 0.104200.
 3746427	[INFO]	XnProperty.cpp	151	Property Depth1.LDDIS was changed to 7.500000.
 3746620	[INFO]	XnProperty.cpp	151	Property Depth1.Gain was changed to 30.
 3746670	[INFO]	XnDeviceBase.cpp	1458	Stream 'Depth1' was initialized.
 3746697	[INFO]	XnDeviceBase.cpp	1463	'Depth1' stream was created.
 3747002	[INFO]	XnProperty.cpp	74	Setting Depth1.InputFormat to 3...
 3747038	[INFO]	XnProperty.cpp	151	Property Depth1.InputFormat was changed to 3.
 3747063	[INFO]	XnProperty.cpp	101	Depth1.InputFormat was successfully set.
 3747991	[INFO]	XnProperty.cpp	74	Setting Depth1.RegistrationType to 2...
 3748016	[INFO]	XnProperty.cpp	151	Property Depth1.RegistrationType was changed to 2.
 3748036	[INFO]	XnProperty.cpp	101	Depth1.RegistrationType was successfully set.
 3748894	[INFO]	XnDeviceModule.cpp	431	Module 'Depth1' configuration was loaded from file.
 3749108	[INFO]	XnProperty.cpp	74	Setting Depth1.FPS to 30...
 3749128	[INFO]	XnProperty.cpp	86	Depth1.FPS value did not change.
 3749145	[INFO]	XnProperty.cpp	74	Setting Depth1.YRes to 480...
 3749166	[INFO]	XnProperty.cpp	151	Property Depth1.Resolution was changed to 1.
 3749185	[INFO]	XnProperty.cpp	151	Property Depth1.XRes was changed to 640.
 3749203	[INFO]	XnProperty.cpp	151	Property Depth1.RequiredDataSize was changed to 307200.
 3749224	[INFO]	XnProperty.cpp	151	Property Depth1.YRes was changed to 480.
 3749242	[INFO]	XnProperty.cpp	151	Property Depth1.RequiredDataSize was changed to 614400.
 3749261	[INFO]	XnProperty.cpp	101	Depth1.YRes was successfully set.
 3749279	[INFO]	XnProperty.cpp	74	Setting Depth1.XRes to 640...
 3749295	[INFO]	XnProperty.cpp	86	Depth1.XRes value did not change.
 3749353	[INFO]	XnProperty.cpp	74	Setting Depth1.Mirror to 1...
 3749373	[INFO]	XnProperty.cpp	151	Property Depth1.FirmwareMirror was changed to 1.
 3749423	[INFO]	XnProperty.cpp	151	Property Depth1.Mirror was changed to 1.
 3749440	[INFO]	XnProperty.cpp	101	Depth1.Mirror was successfully set.
 5752242	[INFO]	XnOpenNI.cpp	1261	Creating node 'User1' of type User...
 5787866	[WARNING]	Linux-x86Threads.cpp	173	Failed to set thread priority: Invalid argument
 5787911	[WARNING]	XnUSBLinux-x86.cpp	126	USB events thread: Failed to set thread priority to critical. This might cause loss of data...
 5788979	[INFO]	XnUSBLinux-x86.cpp	1222	USB read thread was started.
 5789006	[INFO]	XnProperty.cpp	151	Property Depth1.ActualReadData was changed to 1.
 6259182	[INFO]	XnProperty.cpp	151	Property Depth1.State was changed to 1.
 6259234	[INFO]	XnDeviceBase.cpp	370	Stream Depth1 is open.
 8566310	[INFO]	XnOpenNI.cpp	1261	Creating node 'Image1' of type Image...
 8566358	[INFO]	XnDeviceBase.cpp	1383	Creating stream 'Image1' of type 'Image'...
 8566583	[INFO]	XnProperty.cpp	151	Property Image1.Resolution was changed to 0.
 8566605	[INFO]	XnProperty.cpp	151	Property Image1.XRes was changed to 320.
 8566621	[INFO]	XnProperty.cpp	151	Property Image1.YRes was changed to 240.
 8566637	[INFO]	XnProperty.cpp	151	Property Image1.FPS was changed to 30.
 8566652	[INFO]	XnProperty.cpp	151	Property Image1.OutputFormat was changed to 5.
 8566668	[INFO]	XnProperty.cpp	151	Property Image1.BytesPerPixel was changed to 3.
 8566683	[INFO]	XnProperty.cpp	151	Property Image1.RequiredDataSize was changed to 230400.
 8566718	[INFO]	XnDeviceBase.cpp	1458	Stream 'Image1' was initialized.
 8566734	[INFO]	XnDeviceBase.cpp	1463	'Image1' stream was created.
 8566855	[INFO]	XnProperty.cpp	74	Setting Image1.InputFormat to 6...
 8566877	[INFO]	XnProperty.cpp	151	Property Image1.InputFormat was changed to 6.
 8566893	[INFO]	XnProperty.cpp	101	Image1.InputFormat was successfully set.
 8567464	[INFO]	XnDeviceModule.cpp	431	Module 'Image1' configuration was loaded from file.
 8567559	[INFO]	XnProperty.cpp	74	Setting Image1.FPS to 30...
 8567576	[INFO]	XnProperty.cpp	86	Image1.FPS value did not change.
 8567592	[INFO]	XnProperty.cpp	74	Setting Image1.YRes to 480...
 8567608	[INFO]	XnProperty.cpp	151	Property Image1.Resolution was changed to 1.
 8567624	[INFO]	XnProperty.cpp	151	Property Image1.XRes was changed to 640.
 8567639	[INFO]	XnProperty.cpp	151	Property Image1.RequiredDataSize was changed to 460800.
 8567682	[INFO]	XnProperty.cpp	151	Property Image1.YRes was changed to 480.
 8567701	[INFO]	XnProperty.cpp	151	Property Image1.RequiredDataSize was changed to 921600.
 8567719	[INFO]	XnProperty.cpp	101	Image1.YRes was successfully set.
 8567735	[INFO]	XnProperty.cpp	74	Setting Image1.XRes to 640...
 8567749	[INFO]	XnProperty.cpp	86	Image1.XRes value did not change.
 8568964	[INFO]	XnUSBLinux-x86.cpp	1222	USB read thread was started.
 8568990	[INFO]	XnProperty.cpp	151	Property Image1.ActualReadData was changed to 1.
 8624840	[WARNING]	XnDepthProcessor.cpp	133	Read: Depth buffer is corrupt. Size is 595584 (!= 614400)
 8624883	[WARNING]	XnFrameStreamProcessor.cpp	132	Depth frame is corrupt!
11769618	[INFO]	XnProperty.cpp	151	Property Image1.State was changed to 1.
11769661	[INFO]	XnDeviceBase.cpp	370	Stream Image1 is open.
11770401	[INFO]	XnProperty.cpp	74	Setting Depth1.Registration to 1...
11927365	[INFO]	XnProperty.cpp	151	Property Depth1.Registration was changed to 1.
11927433	[INFO]	XnProperty.cpp	101	Depth1.Registration was successfully set.
11927534	[INFO]	XnProperty.cpp	74	Setting Image1.Mirror to 1...
11939724	[INFO]	XnProperty.cpp	151	Property Image1.FirmwareMirror was changed to 1.
11939769	[INFO]	XnProperty.cpp	151	Property Image1.Mirror was changed to 1.
11939785	[INFO]	XnProperty.cpp	101	Image1.Mirror was successfully set.
66119065	[INFO]	XnOpenNI.cpp	1459	Destroying node 'User1'
66129138	[INFO]	XnOpenNI.cpp	1459	Destroying node 'Depth1'
66129228	[INFO]	XnDeviceBase.cpp	1507	Destroying stream 'Depth1'...
66130762	[INFO]	XnOpenNI.cpp	1459	Destroying node 'Image1'
66130805	[INFO]	XnDeviceBase.cpp	1507	Destroying stream 'Image1'...
66131834	[INFO]	XnOpenNI.cpp	1459	Destroying node 'Device1'
