    1662	[INFO]	XnLog.cpp	165	OpenNI version is 1.0.0 (Build 25)-MacOSX (Jan  7 2011 14:20:18)
    1706	[INFO]	XnLog.cpp	173	Log system initialized. Console: 1, File: 1, Severity: INFO, Masks: ALL
    1737	[INFO]	XnLog.cpp	173	Log system initialized. Console: 1, File: 1, Severity: INFO, Masks: ALL
    2964	[INFO]	XnUSBLinux-x86.cpp	98	USB is initialized.
 2020521	[INFO]	XnOpenNI.cpp	1261	Creating node 'Device1' of type Device...
 2021530	[INFO]	XnDeviceModule.cpp	431	Module 'Device' configuration was loaded from file.
 2285506	[INFO]	XnDeviceSensorIO.cpp	135	Connected to USB device
 2285556	[INFO]	XnProperty.cpp	151	Property Device.USBPath was changed to 045e/02ae@36/6.
 2297200	[INFO]	XnHostProtocol.cpp	825	Hardware versions: FW=5.1.4 (7) HW=4 Chip=2 Sensor=4 SYS=7
 3709800	[INFO]	XnProperty.cpp	151	Property Device.ID was changed to 0.
 3709881	[INFO]	XnSensor.cpp	182	Device sensor initialized
 3710054	[INFO]	XnOpenNI.cpp	1261	Creating node 'Depth1' of type Depth...
 3710118	[INFO]	XnDeviceBase.cpp	1383	Creating stream 'Depth1' of type 'Depth'...
 3710149	[INFO]	XnProperty.cpp	74	Setting Device.ReadData to 1...
 3710201	[INFO]	XnDeviceSensorIO.cpp	298	Endpoints open
 3723228	[INFO]	XnProperty.cpp	151	Property Device.ReadData was changed to 1.
 3723277	[INFO]	XnProperty.cpp	101	Device.ReadData was successfully set.
 3723798	[INFO]	XnProperty.cpp	151	Property Depth1.Resolution was changed to 0.
 3723823	[INFO]	XnProperty.cpp	151	Property Depth1.XRes was changed to 320.
 3723842	[INFO]	XnProperty.cpp	151	Property Depth1.YRes was changed to 240.
 3723861	[INFO]	XnProperty.cpp	151	Property Depth1.FPS was changed to 30.
 3723878	[INFO]	XnProperty.cpp	151	Property Depth1.OutputFormat was changed to 1.
 3723896	[INFO]	XnProperty.cpp	151	Property Depth1.BytesPerPixel was changed to 2.
 3723914	[INFO]	XnProperty.cpp	151	Property Depth1.RequiredDataSize was changed to 153600.
 3723936	[INFO]	XnProperty.cpp	151	Property Depth1.ParamCoeff was changed to 4.
 3724009	[INFO]	XnProperty.cpp	151	Property Depth1.ShiftScale was changed to 10.
 3736392	[INFO]	XnProperty.cpp	151	Property Depth1.ConstShift was changed to 200.
 3736542	[INFO]	XnProperty.cpp	151	Property Depth1.ZPD was changed to 120.
 3736738	[INFO]	XnProperty.cpp	151	Property Depth1.ZPPS was changed to 0.104200.
 3736821	[INFO]	XnProperty.cpp	151	Property Depth1.LDDIS was changed to 7.500000.
 3737006	[INFO]	XnProperty.cpp	151	Property Depth1.Gain was changed to 30.
 3737055	[INFO]	XnDeviceBase.cpp	1458	Stream 'Depth1' was initialized.
 3737081	[INFO]	XnDeviceBase.cpp	1463	'Depth1' stream was created.
 3737376	[INFO]	XnProperty.cpp	74	Setting Depth1.InputFormat to 3...
 3737413	[INFO]	XnProperty.cpp	151	Property Depth1.InputFormat was changed to 3.
 3737438	[INFO]	XnProperty.cpp	101	Depth1.InputFormat was successfully set.
 3738341	[INFO]	XnProperty.cpp	74	Setting Depth1.RegistrationType to 2...
 3738367	[INFO]	XnProperty.cpp	151	Property Depth1.RegistrationType was changed to 2.
 3738387	[INFO]	XnProperty.cpp	101	Depth1.RegistrationType was successfully set.
 3739231	[INFO]	XnDeviceModule.cpp	431	Module 'Depth1' configuration was loaded from file.
 3739433	[INFO]	XnProperty.cpp	74	Setting Depth1.FPS to 30...
 3739455	[INFO]	XnProperty.cpp	86	Depth1.FPS value did not change.
 3739473	[INFO]	XnProperty.cpp	74	Setting Depth1.YRes to 480...
 3739493	[INFO]	XnProperty.cpp	151	Property Depth1.Resolution was changed to 1.
 3739512	[INFO]	XnProperty.cpp	151	Property Depth1.XRes was changed to 640.
 3739530	[INFO]	XnProperty.cpp	151	Property Depth1.RequiredDataSize was changed to 307200.
 3739551	[INFO]	XnProperty.cpp	151	Property Depth1.YRes was changed to 480.
 3739568	[INFO]	XnProperty.cpp	151	Property Depth1.RequiredDataSize was changed to 614400.
 3739587	[INFO]	XnProperty.cpp	101	Depth1.YRes was successfully set.
 3739605	[INFO]	XnProperty.cpp	74	Setting Depth1.XRes to 640...
 3739621	[INFO]	XnProperty.cpp	86	Depth1.XRes value did not change.
 3739677	[INFO]	XnProperty.cpp	74	Setting Depth1.Mirror to 1...
 3739696	[INFO]	XnProperty.cpp	151	Property Depth1.FirmwareMirror was changed to 1.
 3739747	[INFO]	XnProperty.cpp	151	Property Depth1.Mirror was changed to 1.
 3739765	[INFO]	XnProperty.cpp	101	Depth1.Mirror was successfully set.
 5740854	[INFO]	XnOpenNI.cpp	1261	Creating node 'User1' of type User...
 5775377	[WARNING]	Linux-x86Threads.cpp	173	Failed to set thread priority: Invalid argument
 5775421	[WARNING]	XnUSBLinux-x86.cpp	126	USB events thread: Failed to set thread priority to critical. This might cause loss of data...
 5776470	[INFO]	XnUSBLinux-x86.cpp	1222	USB read thread was started.
 5776493	[INFO]	XnProperty.cpp	151	Property Depth1.ActualReadData was changed to 1.
 6246326	[INFO]	XnProperty.cpp	151	Property Depth1.State was changed to 1.
 6246376	[INFO]	XnDeviceBase.cpp	370	Stream Depth1 is open.
 8235087	[INFO]	XnOpenNI.cpp	1261	Creating node 'Image1' of type Image...
 8235142	[INFO]	XnDeviceBase.cpp	1383	Creating stream 'Image1' of type 'Image'...
 8235368	[INFO]	XnProperty.cpp	151	Property Image1.Resolution was changed to 0.
 8235389	[INFO]	XnProperty.cpp	151	Property Image1.XRes was changed to 320.
 8235405	[INFO]	XnProperty.cpp	151	Property Image1.YRes was changed to 240.
 8235421	[INFO]	XnProperty.cpp	151	Property Image1.FPS was changed to 30.
 8235436	[INFO]	XnProperty.cpp	151	Property Image1.OutputFormat was changed to 5.
 8235451	[INFO]	XnProperty.cpp	151	Property Image1.BytesPerPixel was changed to 3.
 8235466	[INFO]	XnProperty.cpp	151	Property Image1.RequiredDataSize was changed to 230400.
 8235501	[INFO]	XnDeviceBase.cpp	1458	Stream 'Image1' was initialized.
 8235517	[INFO]	XnDeviceBase.cpp	1463	'Image1' stream was created.
 8235646	[INFO]	XnProperty.cpp	74	Setting Image1.InputFormat to 6...
 8235668	[INFO]	XnProperty.cpp	151	Property Image1.InputFormat was changed to 6.
 8235684	[INFO]	XnProperty.cpp	101	Image1.InputFormat was successfully set.
 8236262	[INFO]	XnDeviceModule.cpp	431	Module 'Image1' configuration was loaded from file.
 8236350	[INFO]	XnProperty.cpp	74	Setting Image1.FPS to 30...
 8236366	[INFO]	XnProperty.cpp	86	Image1.FPS value did not change.
 8236381	[INFO]	XnProperty.cpp	74	Setting Image1.YRes to 480...
 8236396	[INFO]	XnProperty.cpp	151	Property Image1.Resolution was changed to 1.
 8236411	[INFO]	XnProperty.cpp	151	Property Image1.XRes was changed to 640.
 8236425	[INFO]	XnProperty.cpp	151	Property Image1.RequiredDataSize was changed to 460800.
 8236442	[INFO]	XnProperty.cpp	151	Property Image1.YRes was changed to 480.
 8236458	[INFO]	XnProperty.cpp	151	Property Image1.RequiredDataSize was changed to 921600.
 8236474	[INFO]	XnProperty.cpp	101	Image1.YRes was successfully set.
 8236489	[INFO]	XnProperty.cpp	74	Setting Image1.XRes to 640...
 8236502	[INFO]	XnProperty.cpp	86	Image1.XRes value did not change.
 8237589	[INFO]	XnUSBLinux-x86.cpp	1222	USB read thread was started.
 8237612	[INFO]	XnProperty.cpp	151	Property Image1.ActualReadData was changed to 1.
 8412552	[WARNING]	XnDepthProcessor.cpp	133	Read: Depth buffer is corrupt. Size is 548432 (!= 614400)
 8412604	[WARNING]	XnFrameStreamProcessor.cpp	132	Depth frame is corrupt!
 8444622	[WARNING]	XnDepthProcessor.cpp	133	Read: Depth buffer is corrupt. Size is 593856 (!= 614400)
 8444755	[WARNING]	XnFrameStreamProcessor.cpp	132	Depth frame is corrupt!
11438125	[INFO]	XnProperty.cpp	151	Property Image1.State was changed to 1.
11438179	[INFO]	XnDeviceBase.cpp	370	Stream Image1 is open.
11438879	[INFO]	XnProperty.cpp	74	Setting Depth1.Registration to 1...
11595741	[INFO]	XnProperty.cpp	151	Property Depth1.Registration was changed to 1.
11595783	[INFO]	XnProperty.cpp	101	Depth1.Registration was successfully set.
11595883	[INFO]	XnProperty.cpp	74	Setting Image1.Mirror to 1...
11608003	[INFO]	XnProperty.cpp	151	Property Image1.FirmwareMirror was changed to 1.
11608043	[INFO]	XnProperty.cpp	151	Property Image1.Mirror was changed to 1.
11608067	[INFO]	XnProperty.cpp	101	Image1.Mirror was successfully set.
32986269	[INFO]	XnOpenNI.cpp	1459	Destroying node 'User1'
32996104	[INFO]	XnOpenNI.cpp	1459	Destroying node 'Depth1'
32996267	[INFO]	XnDeviceBase.cpp	1507	Destroying stream 'Depth1'...
32997791	[INFO]	XnOpenNI.cpp	1459	Destroying node 'Image1'
32997876	[INFO]	XnDeviceBase.cpp	1507	Destroying stream 'Image1'...
32999484	[INFO]	XnOpenNI.cpp	1459	Destroying node 'Device1'
