    1691	[INFO]	XnLog.cpp	165	OpenNI version is 1.0.0 (Build 25)-MacOSX (Jan  7 2011 14:20:18)
    1734	[INFO]	XnLog.cpp	173	Log system initialized. Console: 1, File: 1, Severity: INFO, Masks: ALL
    1765	[INFO]	XnLog.cpp	173	Log system initialized. Console: 1, File: 1, Severity: INFO, Masks: ALL
    3024	[INFO]	XnUSBLinux-x86.cpp	98	USB is initialized.
 2008554	[INFO]	XnOpenNI.cpp	1261	Creating node 'Device1' of type Device...
 2009597	[INFO]	XnDeviceModule.cpp	431	Module 'Device' configuration was loaded from file.
 2273751	[INFO]	XnDeviceSensorIO.cpp	135	Connected to USB device
 2273802	[INFO]	XnProperty.cpp	151	Property Device.USBPath was changed to 045e/02ae@36/6.
 2285706	[INFO]	XnHostProtocol.cpp	825	Hardware versions: FW=5.1.4 (7) HW=4 Chip=2 Sensor=4 SYS=7
 3696903	[INFO]	XnProperty.cpp	151	Property Device.ID was changed to 0.
 3696984	[INFO]	XnSensor.cpp	182	Device sensor initialized
 3697150	[INFO]	XnOpenNI.cpp	1261	Creating node 'Depth1' of type Depth...
 3697216	[INFO]	XnDeviceBase.cpp	1383	Creating stream 'Depth1' of type 'Depth'...
 3697247	[INFO]	XnProperty.cpp	74	Setting Device.ReadData to 1...
 3697300	[INFO]	XnDeviceSensorIO.cpp	298	Endpoints open
 3709669	[INFO]	XnProperty.cpp	151	Property Device.ReadData was changed to 1.
 3709715	[INFO]	XnProperty.cpp	101	Device.ReadData was successfully set.
 3710195	[INFO]	XnProperty.cpp	151	Property Depth1.Resolution was changed to 0.
 3710220	[INFO]	XnProperty.cpp	151	Property Depth1.XRes was changed to 320.
 3710240	[INFO]	XnProperty.cpp	151	Property Depth1.YRes was changed to 240.
 3710259	[INFO]	XnProperty.cpp	151	Property Depth1.FPS was changed to 30.
 3710276	[INFO]	XnProperty.cpp	151	Property Depth1.OutputFormat was changed to 1.
 3710294	[INFO]	XnProperty.cpp	151	Property Depth1.BytesPerPixel was changed to 2.
 3710312	[INFO]	XnProperty.cpp	151	Property Depth1.RequiredDataSize was changed to 153600.
 3710334	[INFO]	XnProperty.cpp	151	Property Depth1.ParamCoeff was changed to 4.
 3710408	[INFO]	XnProperty.cpp	151	Property Depth1.ShiftScale was changed to 10.
 3722706	[INFO]	XnProperty.cpp	151	Property Depth1.ConstShift was changed to 200.
 3722822	[INFO]	XnProperty.cpp	151	Property Depth1.ZPD was changed to 120.
 3722940	[INFO]	XnProperty.cpp	151	Property Depth1.ZPPS was changed to 0.104200.
 3722961	[INFO]	XnProperty.cpp	151	Property Depth1.LDDIS was changed to 7.500000.
 3723084	[INFO]	XnProperty.cpp	151	Property Depth1.Gain was changed to 30.
 3723121	[INFO]	XnDeviceBase.cpp	1458	Stream 'Depth1' was initialized.
 3723138	[INFO]	XnDeviceBase.cpp	1463	'Depth1' stream was created.
 3723351	[INFO]	XnProperty.cpp	74	Setting Depth1.InputFormat to 3...
 3723376	[INFO]	XnProperty.cpp	151	Property Depth1.InputFormat was changed to 3.
 3723393	[INFO]	XnProperty.cpp	101	Depth1.InputFormat was successfully set.
 3724044	[INFO]	XnProperty.cpp	74	Setting Depth1.RegistrationType to 2...
 3724064	[INFO]	XnProperty.cpp	151	Property Depth1.RegistrationType was changed to 2.
 3724080	[INFO]	XnProperty.cpp	101	Depth1.RegistrationType was successfully set.
 3724774	[INFO]	XnDeviceModule.cpp	431	Module 'Depth1' configuration was loaded from file.
 3724957	[INFO]	XnProperty.cpp	74	Setting Depth1.FPS to 30...
 3724975	[INFO]	XnProperty.cpp	86	Depth1.FPS value did not change.
 3724990	[INFO]	XnProperty.cpp	74	Setting Depth1.YRes to 480...
 3725009	[INFO]	XnProperty.cpp	151	Property Depth1.Resolution was changed to 1.
 3725026	[INFO]	XnProperty.cpp	151	Property Depth1.XRes was changed to 640.
 3725042	[INFO]	XnProperty.cpp	151	Property Depth1.RequiredDataSize was changed to 307200.
 3725060	[INFO]	XnProperty.cpp	151	Property Depth1.YRes was changed to 480.
 3725076	[INFO]	XnProperty.cpp	151	Property Depth1.RequiredDataSize was changed to 614400.
 3725092	[INFO]	XnProperty.cpp	101	Depth1.YRes was successfully set.
 3725109	[INFO]	XnProperty.cpp	74	Setting Depth1.XRes to 640...
 3725123	[INFO]	XnProperty.cpp	86	Depth1.XRes value did not change.
 3725174	[INFO]	XnProperty.cpp	74	Setting Depth1.Mirror to 1...
 3725191	[INFO]	XnProperty.cpp	151	Property Depth1.FirmwareMirror was changed to 1.
 3725238	[INFO]	XnProperty.cpp	151	Property Depth1.Mirror was changed to 1.
 3725253	[INFO]	XnProperty.cpp	101	Depth1.Mirror was successfully set.
 5747329	[INFO]	XnOpenNI.cpp	1261	Creating node 'User1' of type User...
 5785300	[WARNING]	Linux-x86Threads.cpp	173	Failed to set thread priority: Invalid argument
 5785348	[WARNING]	XnUSBLinux-x86.cpp	126	USB events thread: Failed to set thread priority to critical. This might cause loss of data...
 5788779	[INFO]	XnUSBLinux-x86.cpp	1222	USB read thread was started.
 5788823	[INFO]	XnProperty.cpp	151	Property Depth1.ActualReadData was changed to 1.
 6263321	[INFO]	XnProperty.cpp	151	Property Depth1.State was changed to 1.
 6263374	[INFO]	XnDeviceBase.cpp	370	Stream Depth1 is open.
 8251259	[INFO]	XnOpenNI.cpp	1261	Creating node 'Image1' of type Image...
 8251314	[INFO]	XnDeviceBase.cpp	1383	Creating stream 'Image1' of type 'Image'...
 8251545	[INFO]	XnProperty.cpp	151	Property Image1.Resolution was changed to 0.
 8251566	[INFO]	XnProperty.cpp	151	Property Image1.XRes was changed to 320.
 8251582	[INFO]	XnProperty.cpp	151	Property Image1.YRes was changed to 240.
 8251598	[INFO]	XnProperty.cpp	151	Property Image1.FPS was changed to 30.
 8251613	[INFO]	XnProperty.cpp	151	Property Image1.OutputFormat was changed to 5.
 8251628	[INFO]	XnProperty.cpp	151	Property Image1.BytesPerPixel was changed to 3.
 8251643	[INFO]	XnProperty.cpp	151	Property Image1.RequiredDataSize was changed to 230400.
 8251678	[INFO]	XnDeviceBase.cpp	1458	Stream 'Image1' was initialized.
 8251694	[INFO]	XnDeviceBase.cpp	1463	'Image1' stream was created.
 8251825	[INFO]	XnProperty.cpp	74	Setting Image1.InputFormat to 6...
 8251849	[INFO]	XnProperty.cpp	151	Property Image1.InputFormat was changed to 6.
 8251864	[INFO]	XnProperty.cpp	101	Image1.InputFormat was successfully set.
 8252446	[INFO]	XnDeviceModule.cpp	431	Module 'Image1' configuration was loaded from file.
 8252547	[INFO]	XnProperty.cpp	74	Setting Image1.FPS to 30...
 8252563	[INFO]	XnProperty.cpp	86	Image1.FPS value did not change.
 8252578	[INFO]	XnProperty.cpp	74	Setting Image1.YRes to 480...
 8252594	[INFO]	XnProperty.cpp	151	Property Image1.Resolution was changed to 1.
 8252609	[INFO]	XnProperty.cpp	151	Property Image1.XRes was changed to 640.
 8252623	[INFO]	XnProperty.cpp	151	Property Image1.RequiredDataSize was changed to 460800.
 8252699	[INFO]	XnProperty.cpp	151	Property Image1.YRes was changed to 480.
 8252715	[INFO]	XnProperty.cpp	151	Property Image1.RequiredDataSize was changed to 921600.
 8252731	[INFO]	XnProperty.cpp	101	Image1.YRes was successfully set.
 8252746	[INFO]	XnProperty.cpp	74	Setting Image1.XRes to 640...
 8252760	[INFO]	XnProperty.cpp	86	Image1.XRes value did not change.
 8253870	[INFO]	XnUSBLinux-x86.cpp	1222	USB read thread was started.
 8253892	[INFO]	XnProperty.cpp	151	Property Image1.ActualReadData was changed to 1.
 8429963	[WARNING]	XnDepthProcessor.cpp	133	Read: Depth buffer is corrupt. Size is 550976 (!= 614400)
 8430011	[WARNING]	XnFrameStreamProcessor.cpp	132	Depth frame is corrupt!
 8461934	[WARNING]	XnDepthProcessor.cpp	133	Read: Depth buffer is corrupt. Size is 593872 (!= 614400)
 8461978	[WARNING]	XnFrameStreamProcessor.cpp	132	Depth frame is corrupt!
11333847	[WARNING]	XnDepthProcessor.cpp	133	Read: Depth buffer is corrupt. Size is 598944 (!= 614400)
11333935	[WARNING]	XnFrameStreamProcessor.cpp	132	Depth frame is corrupt!
11454508	[INFO]	XnProperty.cpp	151	Property Image1.State was changed to 1.
11454563	[INFO]	XnDeviceBase.cpp	370	Stream Image1 is open.
11455288	[INFO]	XnProperty.cpp	74	Setting Depth1.Registration to 1...
11613001	[INFO]	XnProperty.cpp	151	Property Depth1.Registration was changed to 1.
11613058	[INFO]	XnProperty.cpp	101	Depth1.Registration was successfully set.
11613237	[INFO]	XnProperty.cpp	74	Setting Image1.Mirror to 1...
11625372	[INFO]	XnProperty.cpp	151	Property Image1.FirmwareMirror was changed to 1.
11625415	[INFO]	XnProperty.cpp	151	Property Image1.Mirror was changed to 1.
11625431	[INFO]	XnProperty.cpp	101	Image1.Mirror was successfully set.
34543941	[INFO]	XnOpenNI.cpp	1459	Destroying node 'User1'
34553959	[INFO]	XnOpenNI.cpp	1459	Destroying node 'Depth1'
34554052	[INFO]	XnDeviceBase.cpp	1507	Destroying stream 'Depth1'...
34555594	[INFO]	XnOpenNI.cpp	1459	Destroying node 'Image1'
34555635	[INFO]	XnDeviceBase.cpp	1507	Destroying stream 'Image1'...
34560280	[INFO]	XnOpenNI.cpp	1459	Destroying node 'Device1'
