    1805	[INFO]	XnLog.cpp	165	OpenNI version is 1.0.0 (Build 25)-MacOSX (Jan  7 2011 14:20:18)
    1851	[INFO]	XnLog.cpp	173	Log system initialized. Console: 1, File: 1, Severity: INFO, Masks: ALL
    1881	[INFO]	XnLog.cpp	173	Log system initialized. Console: 1, File: 1, Severity: INFO, Masks: ALL
   14545	[INFO]	XnUSBLinux-x86.cpp	98	USB is initialized.
 2030571	[INFO]	XnOpenNI.cpp	1261	Creating node 'Device1' of type Device...
 2031625	[INFO]	XnDeviceModule.cpp	431	Module 'Device' configuration was loaded from file.
 2297018	[INFO]	XnDeviceSensorIO.cpp	135	Connected to USB device
 2297066	[INFO]	XnProperty.cpp	151	Property Device.USBPath was changed to 045e/02ae@36/6.
 2308640	[INFO]	XnHostProtocol.cpp	825	Hardware versions: FW=5.1.4 (7) HW=4 Chip=2 Sensor=4 SYS=7
 3721550	[INFO]	XnProperty.cpp	151	Property Device.ID was changed to 0.
 3721631	[INFO]	XnSensor.cpp	182	Device sensor initialized
 3721801	[INFO]	XnOpenNI.cpp	1261	Creating node 'Depth1' of type Depth...
 3721872	[INFO]	XnDeviceBase.cpp	1383	Creating stream 'Depth1' of type 'Depth'...
 3721903	[INFO]	XnProperty.cpp	74	Setting Device.ReadData to 1...
 3721956	[INFO]	XnDeviceSensorIO.cpp	298	Endpoints open
 3734457	[INFO]	XnProperty.cpp	151	Property Device.ReadData was changed to 1.
 3734505	[INFO]	XnProperty.cpp	101	Device.ReadData was successfully set.
 3734991	[INFO]	XnProperty.cpp	151	Property Depth1.Resolution was changed to 0.
 3735017	[INFO]	XnProperty.cpp	151	Property Depth1.XRes was changed to 320.
 3735036	[INFO]	XnProperty.cpp	151	Property Depth1.YRes was changed to 240.
 3735054	[INFO]	XnProperty.cpp	151	Property Depth1.FPS was changed to 30.
 3735072	[INFO]	XnProperty.cpp	151	Property Depth1.OutputFormat was changed to 1.
 3735090	[INFO]	XnProperty.cpp	151	Property Depth1.BytesPerPixel was changed to 2.
 3735108	[INFO]	XnProperty.cpp	151	Property Depth1.RequiredDataSize was changed to 153600.
 3735130	[INFO]	XnProperty.cpp	151	Property Depth1.ParamCoeff was changed to 4.
 3735204	[INFO]	XnProperty.cpp	151	Property Depth1.ShiftScale was changed to 10.
 3747500	[INFO]	XnProperty.cpp	151	Property Depth1.ConstShift was changed to 200.
 3747609	[INFO]	XnProperty.cpp	151	Property Depth1.ZPD was changed to 120.
 3747728	[INFO]	XnProperty.cpp	151	Property Depth1.ZPPS was changed to 0.104200.
 3747751	[INFO]	XnProperty.cpp	151	Property Depth1.LDDIS was changed to 7.500000.
 3747881	[INFO]	XnProperty.cpp	151	Property Depth1.Gain was changed to 30.
 3747920	[INFO]	XnDeviceBase.cpp	1458	Stream 'Depth1' was initialized.
 3747940	[INFO]	XnDeviceBase.cpp	1463	'Depth1' stream was created.
 3748165	[INFO]	XnProperty.cpp	74	Setting Depth1.InputFormat to 3...
 3748193	[INFO]	XnProperty.cpp	151	Property Depth1.InputFormat was changed to 3.
 3748211	[INFO]	XnProperty.cpp	101	Depth1.InputFormat was successfully set.
 3748942	[INFO]	XnProperty.cpp	74	Setting Depth1.RegistrationType to 2...
 3748964	[INFO]	XnProperty.cpp	151	Property Depth1.RegistrationType was changed to 2.
 3748981	[INFO]	XnProperty.cpp	101	Depth1.RegistrationType was successfully set.
 3749749	[INFO]	XnDeviceModule.cpp	431	Module 'Depth1' configuration was loaded from file.
 3749981	[INFO]	XnProperty.cpp	74	Setting Depth1.FPS to 30...
 3750003	[INFO]	XnProperty.cpp	86	Depth1.FPS value did not change.
 3750021	[INFO]	XnProperty.cpp	74	Setting Depth1.YRes to 480...
 3750041	[INFO]	XnProperty.cpp	151	Property Depth1.Resolution was changed to 1.
 3750061	[INFO]	XnProperty.cpp	151	Property Depth1.XRes was changed to 640.
 3750079	[INFO]	XnProperty.cpp	151	Property Depth1.RequiredDataSize was changed to 307200.
 3750100	[INFO]	XnProperty.cpp	151	Property Depth1.YRes was changed to 480.
 3750118	[INFO]	XnProperty.cpp	151	Property Depth1.RequiredDataSize was changed to 614400.
 3750136	[INFO]	XnProperty.cpp	101	Depth1.YRes was successfully set.
 3750154	[INFO]	XnProperty.cpp	74	Setting Depth1.XRes to 640...
 3750170	[INFO]	XnProperty.cpp	86	Depth1.XRes value did not change.
 3750227	[INFO]	XnProperty.cpp	74	Setting Depth1.Mirror to 1...
 3750246	[INFO]	XnProperty.cpp	151	Property Depth1.FirmwareMirror was changed to 1.
 3750296	[INFO]	XnProperty.cpp	151	Property Depth1.Mirror was changed to 1.
 3750314	[INFO]	XnProperty.cpp	101	Depth1.Mirror was successfully set.
 5757391	[INFO]	XnOpenNI.cpp	1261	Creating node 'User1' of type User...
 5791032	[WARNING]	Linux-x86Threads.cpp	173	Failed to set thread priority: Invalid argument
 5791077	[WARNING]	XnUSBLinux-x86.cpp	126	USB events thread: Failed to set thread priority to critical. This might cause loss of data...
 5792138	[INFO]	XnUSBLinux-x86.cpp	1222	USB read thread was started.
 5792162	[INFO]	XnProperty.cpp	151	Property Depth1.ActualReadData was changed to 1.
 6262184	[INFO]	XnProperty.cpp	151	Property Depth1.State was changed to 1.
 6262239	[INFO]	XnDeviceBase.cpp	370	Stream Depth1 is open.
 8354695	[INFO]	XnOpenNI.cpp	1261	Creating node 'Image1' of type Image...
 8354744	[INFO]	XnDeviceBase.cpp	1383	Creating stream 'Image1' of type 'Image'...
 8354952	[INFO]	XnProperty.cpp	151	Property Image1.Resolution was changed to 0.
 8354973	[INFO]	XnProperty.cpp	151	Property Image1.XRes was changed to 320.
 8354989	[INFO]	XnProperty.cpp	151	Property Image1.YRes was changed to 240.
 8355005	[INFO]	XnProperty.cpp	151	Property Image1.FPS was changed to 30.
 8355027	[INFO]	XnProperty.cpp	151	Property Image1.OutputFormat was changed to 5.
 8355042	[INFO]	XnProperty.cpp	151	Property Image1.BytesPerPixel was changed to 3.
 8355057	[INFO]	XnProperty.cpp	151	Property Image1.RequiredDataSize was changed to 230400.
 8355093	[INFO]	XnDeviceBase.cpp	1458	Stream 'Image1' was initialized.
 8355109	[INFO]	XnDeviceBase.cpp	1463	'Image1' stream was created.
 8355231	[INFO]	XnProperty.cpp	74	Setting Image1.InputFormat to 6...
 8355254	[INFO]	XnProperty.cpp	151	Property Image1.InputFormat was changed to 6.
 8355269	[INFO]	XnProperty.cpp	101	Image1.InputFormat was successfully set.
 8355971	[INFO]	XnDeviceModule.cpp	431	Module 'Image1' configuration was loaded from file.
 8356128	[INFO]	XnProperty.cpp	74	Setting Image1.FPS to 30...
 8356146	[INFO]	XnProperty.cpp	86	Image1.FPS value did not change.
 8356161	[INFO]	XnProperty.cpp	74	Setting Image1.YRes to 480...
 8356176	[INFO]	XnProperty.cpp	151	Property Image1.Resolution was changed to 1.
 8356191	[INFO]	XnProperty.cpp	151	Property Image1.XRes was changed to 640.
 8356205	[INFO]	XnProperty.cpp	151	Property Image1.RequiredDataSize was changed to 460800.
 8357500	[INFO]	XnProperty.cpp	151	Property Image1.YRes was changed to 480.
 8357521	[INFO]	XnProperty.cpp	151	Property Image1.RequiredDataSize was changed to 921600.
 8357537	[INFO]	XnProperty.cpp	101	Image1.YRes was successfully set.
 8357553	[INFO]	XnProperty.cpp	74	Setting Image1.XRes to 640...
 8357567	[INFO]	XnProperty.cpp	86	Image1.XRes value did not change.
 8358731	[INFO]	XnUSBLinux-x86.cpp	1222	USB read thread was started.
 8358755	[INFO]	XnProperty.cpp	151	Property Image1.ActualReadData was changed to 1.
 8428235	[WARNING]	XnDepthProcessor.cpp	133	Read: Depth buffer is corrupt. Size is 601024 (!= 614400)
 8428279	[WARNING]	XnFrameStreamProcessor.cpp	132	Depth frame is corrupt!
 8532136	[WARNING]	XnDepthProcessor.cpp	133	Read: Depth buffer is corrupt. Size is 587168 (!= 614400)
 8532192	[WARNING]	XnFrameStreamProcessor.cpp	132	Depth frame is corrupt!
11432095	[WARNING]	XnDepthProcessor.cpp	133	Read: Depth buffer is corrupt. Size is 590704 (!= 614400)
11432137	[WARNING]	XnFrameStreamProcessor.cpp	132	Depth frame is corrupt!
11559477	[INFO]	XnProperty.cpp	151	Property Image1.State was changed to 1.
11559522	[INFO]	XnDeviceBase.cpp	370	Stream Image1 is open.
11560234	[INFO]	XnProperty.cpp	74	Setting Depth1.Registration to 1...
11716857	[INFO]	XnProperty.cpp	151	Property Depth1.Registration was changed to 1.
11716917	[INFO]	XnProperty.cpp	101	Depth1.Registration was successfully set.
11717029	[INFO]	XnProperty.cpp	74	Setting Image1.Mirror to 1...
11729233	[INFO]	XnProperty.cpp	151	Property Image1.FirmwareMirror was changed to 1.
11729270	[INFO]	XnProperty.cpp	151	Property Image1.Mirror was changed to 1.
11729286	[INFO]	XnProperty.cpp	101	Image1.Mirror was successfully set.
91235713	[INFO]	XnOpenNI.cpp	1459	Destroying node 'User1'
91244436	[INFO]	XnOpenNI.cpp	1459	Destroying node 'Depth1'
91244551	[INFO]	XnDeviceBase.cpp	1507	Destroying stream 'Depth1'...
91246497	[INFO]	XnOpenNI.cpp	1459	Destroying node 'Image1'
91246615	[INFO]	XnDeviceBase.cpp	1507	Destroying stream 'Image1'...
91247930	[INFO]	XnOpenNI.cpp	1459	Destroying node 'Device1'
