    1722	[INFO]	XnLog.cpp	165	OpenNI version is 1.0.0 (Build 25)-MacOSX (Jan  7 2011 14:20:18)
    1766	[INFO]	XnLog.cpp	173	Log system initialized. Console: 1, File: 1, Severity: INFO, Masks: ALL
    1798	[INFO]	XnLog.cpp	173	Log system initialized. Console: 1, File: 1, Severity: INFO, Masks: ALL
    2974	[INFO]	XnUSBLinux-x86.cpp	98	USB is initialized.
 2007619	[INFO]	XnOpenNI.cpp	1261	Creating node 'Device1' of type Device...
 2008684	[INFO]	XnDeviceModule.cpp	431	Module 'Device' configuration was loaded from file.
 2277041	[INFO]	XnDeviceSensorIO.cpp	135	Connected to USB device
 2277097	[INFO]	XnProperty.cpp	151	Property Device.USBPath was changed to 045e/02ae@36/6.
 2289248	[INFO]	XnHostProtocol.cpp	825	Hardware versions: FW=5.1.4 (7) HW=4 Chip=2 Sensor=4 SYS=7
 3702192	[INFO]	XnProperty.cpp	151	Property Device.ID was changed to 0.
 3702282	[INFO]	XnSensor.cpp	182	Device sensor initialized
 3702454	[INFO]	XnOpenNI.cpp	1261	Creating node 'Depth1' of type Depth...
 3702518	[INFO]	XnDeviceBase.cpp	1383	Creating stream 'Depth1' of type 'Depth'...
 3702549	[INFO]	XnProperty.cpp	74	Setting Device.ReadData to 1...
 3702601	[INFO]	XnDeviceSensorIO.cpp	298	Endpoints open
 3715094	[INFO]	XnProperty.cpp	151	Property Device.ReadData was changed to 1.
 3715151	[INFO]	XnProperty.cpp	101	Device.ReadData was successfully set.
 3715839	[INFO]	XnProperty.cpp	151	Property Depth1.Resolution was changed to 0.
 3715873	[INFO]	XnProperty.cpp	151	Property Depth1.XRes was changed to 320.
 3715899	[INFO]	XnProperty.cpp	151	Property Depth1.YRes was changed to 240.
 3715924	[INFO]	XnProperty.cpp	151	Property Depth1.FPS was changed to 30.
 3715948	[INFO]	XnProperty.cpp	151	Property Depth1.OutputFormat was changed to 1.
 3715972	[INFO]	XnProperty.cpp	151	Property Depth1.BytesPerPixel was changed to 2.
 3715996	[INFO]	XnProperty.cpp	151	Property Depth1.RequiredDataSize was changed to 153600.
 3716025	[INFO]	XnProperty.cpp	151	Property Depth1.ParamCoeff was changed to 4.
 3716125	[INFO]	XnProperty.cpp	151	Property Depth1.ShiftScale was changed to 10.
 3728440	[INFO]	XnProperty.cpp	151	Property Depth1.ConstShift was changed to 200.
 3728551	[INFO]	XnProperty.cpp	151	Property Depth1.ZPD was changed to 120.
 3728671	[INFO]	XnProperty.cpp	151	Property Depth1.ZPPS was changed to 0.104200.
 3728694	[INFO]	XnProperty.cpp	151	Property Depth1.LDDIS was changed to 7.500000.
 3728827	[INFO]	XnProperty.cpp	151	Property Depth1.Gain was changed to 30.
 3728866	[INFO]	XnDeviceBase.cpp	1458	Stream 'Depth1' was initialized.
 3728886	[INFO]	XnDeviceBase.cpp	1463	'Depth1' stream was created.
 3729115	[INFO]	XnProperty.cpp	74	Setting Depth1.InputFormat to 3...
 3729143	[INFO]	XnProperty.cpp	151	Property Depth1.InputFormat was changed to 3.
 3729162	[INFO]	XnProperty.cpp	101	Depth1.InputFormat was successfully set.
 3729897	[INFO]	XnProperty.cpp	74	Setting Depth1.RegistrationType to 2...
 3729919	[INFO]	XnProperty.cpp	151	Property Depth1.RegistrationType was changed to 2.
 3729936	[INFO]	XnProperty.cpp	101	Depth1.RegistrationType was successfully set.
 3730706	[INFO]	XnDeviceModule.cpp	431	Module 'Depth1' configuration was loaded from file.
 3730942	[INFO]	XnProperty.cpp	74	Setting Depth1.FPS to 30...
 3730965	[INFO]	XnProperty.cpp	86	Depth1.FPS value did not change.
 3730983	[INFO]	XnProperty.cpp	74	Setting Depth1.YRes to 480...
 3731004	[INFO]	XnProperty.cpp	151	Property Depth1.Resolution was changed to 1.
 3731023	[INFO]	XnProperty.cpp	151	Property Depth1.XRes was changed to 640.
 3731042	[INFO]	XnProperty.cpp	151	Property Depth1.RequiredDataSize was changed to 307200.
 3731062	[INFO]	XnProperty.cpp	151	Property Depth1.YRes was changed to 480.
 3731080	[INFO]	XnProperty.cpp	151	Property Depth1.RequiredDataSize was changed to 614400.
 3731099	[INFO]	XnProperty.cpp	101	Depth1.YRes was successfully set.
 3731117	[INFO]	XnProperty.cpp	74	Setting Depth1.XRes to 640...
 3731133	[INFO]	XnProperty.cpp	86	Depth1.XRes value did not change.
 3731189	[INFO]	XnProperty.cpp	74	Setting Depth1.Mirror to 1...
 3731209	[INFO]	XnProperty.cpp	151	Property Depth1.FirmwareMirror was changed to 1.
 3731259	[INFO]	XnProperty.cpp	151	Property Depth1.Mirror was changed to 1.
 3731277	[INFO]	XnProperty.cpp	101	Depth1.Mirror was successfully set.
 5735536	[INFO]	XnOpenNI.cpp	1261	Creating node 'User1' of type User...
 5769404	[WARNING]	Linux-x86Threads.cpp	173	Failed to set thread priority: Invalid argument
 5769451	[WARNING]	XnUSBLinux-x86.cpp	126	USB events thread: Failed to set thread priority to critical. This might cause loss of data...
 5770657	[INFO]	XnUSBLinux-x86.cpp	1222	USB read thread was started.
 5770683	[INFO]	XnProperty.cpp	151	Property Depth1.ActualReadData was changed to 1.
 6240490	[INFO]	XnProperty.cpp	151	Property Depth1.State was changed to 1.
 6240546	[INFO]	XnDeviceBase.cpp	370	Stream Depth1 is open.
 8548816	[INFO]	XnOpenNI.cpp	1261	Creating node 'Image1' of type Image...
 8548867	[INFO]	XnDeviceBase.cpp	1383	Creating stream 'Image1' of type 'Image'...
 8549097	[INFO]	XnProperty.cpp	151	Property Image1.Resolution was changed to 0.
 8549118	[INFO]	XnProperty.cpp	151	Property Image1.XRes was changed to 320.
 8549134	[INFO]	XnProperty.cpp	151	Property Image1.YRes was changed to 240.
 8549150	[INFO]	XnProperty.cpp	151	Property Image1.FPS was changed to 30.
 8549165	[INFO]	XnProperty.cpp	151	Property Image1.OutputFormat was changed to 5.
 8549180	[INFO]	XnProperty.cpp	151	Property Image1.BytesPerPixel was changed to 3.
 8549195	[INFO]	XnProperty.cpp	151	Property Image1.RequiredDataSize was changed to 230400.
 8549230	[INFO]	XnDeviceBase.cpp	1458	Stream 'Image1' was initialized.
 8549247	[INFO]	XnDeviceBase.cpp	1463	'Image1' stream was created.
 8549376	[INFO]	XnProperty.cpp	74	Setting Image1.InputFormat to 6...
 8549399	[INFO]	XnProperty.cpp	151	Property Image1.InputFormat was changed to 6.
 8549414	[INFO]	XnProperty.cpp	101	Image1.InputFormat was successfully set.
 8549998	[INFO]	XnDeviceModule.cpp	431	Module 'Image1' configuration was loaded from file.
 8550089	[INFO]	XnProperty.cpp	74	Setting Image1.FPS to 30...
 8550106	[INFO]	XnProperty.cpp	86	Image1.FPS value did not change.
 8550121	[INFO]	XnProperty.cpp	74	Setting Image1.YRes to 480...
 8550136	[INFO]	XnProperty.cpp	151	Property Image1.Resolution was changed to 1.
 8550151	[INFO]	XnProperty.cpp	151	Property Image1.XRes was changed to 640.
 8550166	[INFO]	XnProperty.cpp	151	Property Image1.RequiredDataSize was changed to 460800.
 8550460	[INFO]	XnProperty.cpp	151	Property Image1.YRes was changed to 480.
 8550477	[INFO]	XnProperty.cpp	151	Property Image1.RequiredDataSize was changed to 921600.
 8550493	[INFO]	XnProperty.cpp	101	Image1.YRes was successfully set.
 8550508	[INFO]	XnProperty.cpp	74	Setting Image1.XRes to 640...
 8550522	[INFO]	XnProperty.cpp	86	Image1.XRes value did not change.
 8551721	[INFO]	XnUSBLinux-x86.cpp	1222	USB read thread was started.
 8551751	[INFO]	XnProperty.cpp	151	Property Image1.ActualReadData was changed to 1.
 8742066	[WARNING]	XnDepthProcessor.cpp	133	Read: Depth buffer is corrupt. Size is 523600 (!= 614400)
 8742127	[WARNING]	XnFrameStreamProcessor.cpp	132	Depth frame is corrupt!
11642052	[WARNING]	XnDepthProcessor.cpp	133	Read: Depth buffer is corrupt. Size is 597312 (!= 614400)
11642096	[WARNING]	XnFrameStreamProcessor.cpp	132	Depth frame is corrupt!
11754424	[INFO]	XnProperty.cpp	151	Property Image1.State was changed to 1.
11754477	[INFO]	XnDeviceBase.cpp	370	Stream Image1 is open.
11755185	[INFO]	XnProperty.cpp	74	Setting Depth1.Registration to 1...
11777977	[WARNING]	XnDepthProcessor.cpp	133	Read: Depth buffer is corrupt. Size is 590480 (!= 614400)
11778032	[WARNING]	XnFrameStreamProcessor.cpp	132	Depth frame is corrupt!
11912266	[INFO]	XnProperty.cpp	151	Property Depth1.Registration was changed to 1.
11912309	[INFO]	XnProperty.cpp	101	Depth1.Registration was successfully set.
11912407	[INFO]	XnProperty.cpp	74	Setting Image1.Mirror to 1...
11924436	[INFO]	XnProperty.cpp	151	Property Image1.FirmwareMirror was changed to 1.
11924486	[INFO]	XnProperty.cpp	151	Property Image1.Mirror was changed to 1.
11924510	[INFO]	XnProperty.cpp	101	Image1.Mirror was successfully set.
45998803	[INFO]	XnOpenNI.cpp	1459	Destroying node 'User1'
46008515	[INFO]	XnOpenNI.cpp	1459	Destroying node 'Depth1'
46008606	[INFO]	XnDeviceBase.cpp	1507	Destroying stream 'Depth1'...
46010196	[INFO]	XnOpenNI.cpp	1459	Destroying node 'Image1'
46010249	[INFO]	XnDeviceBase.cpp	1507	Destroying stream 'Image1'...
46011435	[INFO]	XnOpenNI.cpp	1459	Destroying node 'Device1'
