    1707	[INFO]	XnLog.cpp	165	OpenNI version is 1.0.0 (Build 25)-MacOSX (Jan  7 2011 14:20:18)
    1749	[INFO]	XnLog.cpp	173	Log system initialized. Console: 1, File: 1, Severity: INFO, Masks: ALL
    1780	[INFO]	XnLog.cpp	173	Log system initialized. Console: 1, File: 1, Severity: INFO, Masks: ALL
    5200	[INFO]	XnUSBLinux-x86.cpp	98	USB is initialized.
 2015074	[INFO]	XnOpenNI.cpp	1261	Creating node 'Device1' of type Device...
 2016109	[INFO]	XnDeviceModule.cpp	431	Module 'Device' configuration was loaded from file.
 2282434	[INFO]	XnDeviceSensorIO.cpp	135	Connected to USB device
 2282484	[INFO]	XnProperty.cpp	151	Property Device.USBPath was changed to 045e/02ae@36/6.
 2294126	[INFO]	XnHostProtocol.cpp	825	Hardware versions: FW=5.1.4 (7) HW=4 Chip=2 Sensor=4 SYS=7
 3704370	[INFO]	XnProperty.cpp	151	Property Device.ID was changed to 0.
 3704461	[INFO]	XnSensor.cpp	182	Device sensor initialized
 3704679	[INFO]	XnOpenNI.cpp	1261	Creating node 'Depth1' of type Depth...
 3704803	[INFO]	XnDeviceBase.cpp	1383	Creating stream 'Depth1' of type 'Depth'...
 3704840	[INFO]	XnProperty.cpp	74	Setting Device.ReadData to 1...
 3704895	[INFO]	XnDeviceSensorIO.cpp	298	Endpoints open
 3717425	[INFO]	XnProperty.cpp	151	Property Device.ReadData was changed to 1.
 3717472	[INFO]	XnProperty.cpp	101	Device.ReadData was successfully set.
 3718033	[INFO]	XnProperty.cpp	151	Property Depth1.Resolution was changed to 0.
 3718062	[INFO]	XnProperty.cpp	151	Property Depth1.XRes was changed to 320.
 3718082	[INFO]	XnProperty.cpp	151	Property Depth1.YRes was changed to 240.
 3718101	[INFO]	XnProperty.cpp	151	Property Depth1.FPS was changed to 30.
 3718119	[INFO]	XnProperty.cpp	151	Property Depth1.OutputFormat was changed to 1.
 3718137	[INFO]	XnProperty.cpp	151	Property Depth1.BytesPerPixel was changed to 2.
 3718155	[INFO]	XnProperty.cpp	151	Property Depth1.RequiredDataSize was changed to 153600.
 3718177	[INFO]	XnProperty.cpp	151	Property Depth1.ParamCoeff was changed to 4.
 3718251	[INFO]	XnProperty.cpp	151	Property Depth1.ShiftScale was changed to 10.
 3730640	[INFO]	XnProperty.cpp	151	Property Depth1.ConstShift was changed to 200.
 3730781	[INFO]	XnProperty.cpp	151	Property Depth1.ZPD was changed to 120.
 3730892	[INFO]	XnProperty.cpp	151	Property Depth1.ZPPS was changed to 0.104200.
 3730913	[INFO]	XnProperty.cpp	151	Property Depth1.LDDIS was changed to 7.500000.
 3731036	[INFO]	XnProperty.cpp	151	Property Depth1.Gain was changed to 30.
 3731072	[INFO]	XnDeviceBase.cpp	1458	Stream 'Depth1' was initialized.
 3731090	[INFO]	XnDeviceBase.cpp	1463	'Depth1' stream was created.
 3731302	[INFO]	XnProperty.cpp	74	Setting Depth1.InputFormat to 3...
 3731327	[INFO]	XnProperty.cpp	151	Property Depth1.InputFormat was changed to 3.
 3731344	[INFO]	XnProperty.cpp	101	Depth1.InputFormat was successfully set.
 3732003	[INFO]	XnProperty.cpp	74	Setting Depth1.RegistrationType to 2...
 3732022	[INFO]	XnProperty.cpp	151	Property Depth1.RegistrationType was changed to 2.
 3732038	[INFO]	XnProperty.cpp	101	Depth1.RegistrationType was successfully set.
 3732722	[INFO]	XnDeviceModule.cpp	431	Module 'Depth1' configuration was loaded from file.
 3732940	[INFO]	XnProperty.cpp	74	Setting Depth1.FPS to 30...
 3732959	[INFO]	XnProperty.cpp	86	Depth1.FPS value did not change.
 3732974	[INFO]	XnProperty.cpp	74	Setting Depth1.YRes to 480...
 3732992	[INFO]	XnProperty.cpp	151	Property Depth1.Resolution was changed to 1.
 3733009	[INFO]	XnProperty.cpp	151	Property Depth1.XRes was changed to 640.
 3733024	[INFO]	XnProperty.cpp	151	Property Depth1.RequiredDataSize was changed to 307200.
 3733042	[INFO]	XnProperty.cpp	151	Property Depth1.YRes was changed to 480.
 3733057	[INFO]	XnProperty.cpp	151	Property Depth1.RequiredDataSize was changed to 614400.
 3733073	[INFO]	XnProperty.cpp	101	Depth1.YRes was successfully set.
 3733089	[INFO]	XnProperty.cpp	74	Setting Depth1.XRes to 640...
 3733102	[INFO]	XnProperty.cpp	86	Depth1.XRes value did not change.
 3733152	[INFO]	XnProperty.cpp	74	Setting Depth1.Mirror to 1...
 3733169	[INFO]	XnProperty.cpp	151	Property Depth1.FirmwareMirror was changed to 1.
 3733453	[INFO]	XnProperty.cpp	151	Property Depth1.Mirror was changed to 1.
 3733468	[INFO]	XnProperty.cpp	101	Depth1.Mirror was successfully set.
 5731036	[INFO]	XnOpenNI.cpp	1261	Creating node 'User1' of type User...
 5766206	[WARNING]	Linux-x86Threads.cpp	173	Failed to set thread priority: Invalid argument
 5766252	[WARNING]	XnUSBLinux-x86.cpp	126	USB events thread: Failed to set thread priority to critical. This might cause loss of data...
 5767426	[INFO]	XnUSBLinux-x86.cpp	1222	USB read thread was started.
 5767451	[INFO]	XnProperty.cpp	151	Property Depth1.ActualReadData was changed to 1.
 6237802	[INFO]	XnProperty.cpp	151	Property Depth1.State was changed to 1.
 6237845	[INFO]	XnDeviceBase.cpp	370	Stream Depth1 is open.
 8732260	[INFO]	XnOpenNI.cpp	1261	Creating node 'Image1' of type Image...
 8732479	[INFO]	XnDeviceBase.cpp	1383	Creating stream 'Image1' of type 'Image'...
 8732709	[INFO]	XnProperty.cpp	151	Property Image1.Resolution was changed to 0.
 8732728	[INFO]	XnProperty.cpp	151	Property Image1.XRes was changed to 320.
 8732745	[INFO]	XnProperty.cpp	151	Property Image1.YRes was changed to 240.
 8732761	[INFO]	XnProperty.cpp	151	Property Image1.FPS was changed to 30.
 8732776	[INFO]	XnProperty.cpp	151	Property Image1.OutputFormat was changed to 5.
 8732791	[INFO]	XnProperty.cpp	151	Property Image1.BytesPerPixel was changed to 3.
 8732806	[INFO]	XnProperty.cpp	151	Property Image1.RequiredDataSize was changed to 230400.
 8732842	[INFO]	XnDeviceBase.cpp	1458	Stream 'Image1' was initialized.
 8732858	[INFO]	XnDeviceBase.cpp	1463	'Image1' stream was created.
 8732983	[INFO]	XnProperty.cpp	74	Setting Image1.InputFormat to 6...
 8733007	[INFO]	XnProperty.cpp	151	Property Image1.InputFormat was changed to 6.
 8733022	[INFO]	XnProperty.cpp	101	Image1.InputFormat was successfully set.
 8733604	[INFO]	XnDeviceModule.cpp	431	Module 'Image1' configuration was loaded from file.
 8733701	[INFO]	XnProperty.cpp	74	Setting Image1.FPS to 30...
 8733718	[INFO]	XnProperty.cpp	86	Image1.FPS value did not change.
 8733733	[INFO]	XnProperty.cpp	74	Setting Image1.YRes to 480...
 8733748	[INFO]	XnProperty.cpp	151	Property Image1.Resolution was changed to 1.
 8733763	[INFO]	XnProperty.cpp	151	Property Image1.XRes was changed to 640.
 8734027	[INFO]	XnProperty.cpp	151	Property Image1.RequiredDataSize was changed to 460800.
 8734048	[INFO]	XnProperty.cpp	151	Property Image1.YRes was changed to 480.
 8734064	[INFO]	XnProperty.cpp	151	Property Image1.RequiredDataSize was changed to 921600.
 8734079	[INFO]	XnProperty.cpp	101	Image1.YRes was successfully set.
 8734094	[INFO]	XnProperty.cpp	74	Setting Image1.XRes to 640...
 8734108	[INFO]	XnProperty.cpp	86	Image1.XRes value did not change.
 8735303	[INFO]	XnUSBLinux-x86.cpp	1222	USB read thread was started.
 8735329	[INFO]	XnProperty.cpp	151	Property Image1.ActualReadData was changed to 1.
 8905479	[WARNING]	XnDepthProcessor.cpp	133	Read: Depth buffer is corrupt. Size is 546640 (!= 614400)
 8905533	[WARNING]	XnFrameStreamProcessor.cpp	132	Depth frame is corrupt!
 8937537	[WARNING]	XnDepthProcessor.cpp	133	Read: Depth buffer is corrupt. Size is 577520 (!= 614400)
 8937596	[WARNING]	XnFrameStreamProcessor.cpp	132	Depth frame is corrupt!
11805491	[WARNING]	XnDepthProcessor.cpp	133	Read: Depth buffer is corrupt. Size is 591728 (!= 614400)
11805535	[WARNING]	XnFrameStreamProcessor.cpp	132	Depth frame is corrupt!
11935912	[INFO]	XnProperty.cpp	151	Property Image1.State was changed to 1.
11935955	[INFO]	XnDeviceBase.cpp	370	Stream Image1 is open.
11936649	[INFO]	XnProperty.cpp	74	Setting Depth1.Registration to 1...
11973420	[WARNING]	XnDepthProcessor.cpp	133	Read: Depth buffer is corrupt. Size is 589600 (!= 614400)
11973465	[WARNING]	XnFrameStreamProcessor.cpp	132	Depth frame is corrupt!
12094291	[INFO]	XnProperty.cpp	151	Property Depth1.Registration was changed to 1.
12094334	[INFO]	XnProperty.cpp	101	Depth1.Registration was successfully set.
12094437	[INFO]	XnProperty.cpp	74	Setting Image1.Mirror to 1...
12106931	[INFO]	XnProperty.cpp	151	Property Image1.FirmwareMirror was changed to 1.
12107018	[INFO]	XnProperty.cpp	151	Property Image1.Mirror was changed to 1.
12107043	[INFO]	XnProperty.cpp	101	Image1.Mirror was successfully set.
