    1668	[INFO]	XnLog.cpp	165	OpenNI version is 1.0.0 (Build 25)-MacOSX (Jan  7 2011 14:20:18)
    1711	[INFO]	XnLog.cpp	173	Log system initialized. Console: 1, File: 1, Severity: INFO, Masks: ALL
    1743	[INFO]	XnLog.cpp	173	Log system initialized. Console: 1, File: 1, Severity: INFO, Masks: ALL
    2940	[INFO]	XnUSBLinux-x86.cpp	98	USB is initialized.
 1999014	[INFO]	XnOpenNI.cpp	1261	Creating node 'Device1' of type Device...
 2000201	[INFO]	XnDeviceModule.cpp	431	Module 'Device' configuration was loaded from file.
 2267297	[INFO]	XnDeviceSensorIO.cpp	135	Connected to USB device
 2267350	[INFO]	XnProperty.cpp	151	Property Device.USBPath was changed to 045e/02ae@36/6.
 2279719	[INFO]	XnHostProtocol.cpp	825	Hardware versions: FW=5.1.4 (7) HW=4 Chip=2 Sensor=4 SYS=7
 3687443	[INFO]	XnProperty.cpp	151	Property Device.ID was changed to 0.
 3687523	[INFO]	XnSensor.cpp	182	Device sensor initialized
 3687662	[INFO]	XnOpenNI.cpp	1261	Creating node 'Depth1' of type Depth...
 3687728	[INFO]	XnDeviceBase.cpp	1383	Creating stream 'Depth1' of type 'Depth'...
 3687759	[INFO]	XnProperty.cpp	74	Setting Device.ReadData to 1...
 3687811	[INFO]	XnDeviceSensorIO.cpp	298	Endpoints open
 3700433	[INFO]	XnProperty.cpp	151	Property Device.ReadData was changed to 1.
 3700490	[INFO]	XnProperty.cpp	101	Device.ReadData was successfully set.
 3701117	[INFO]	XnProperty.cpp	151	Property Depth1.Resolution was changed to 0.
 3701151	[INFO]	XnProperty.cpp	151	Property Depth1.XRes was changed to 320.
 3701177	[INFO]	XnProperty.cpp	151	Property Depth1.YRes was changed to 240.
 3701202	[INFO]	XnProperty.cpp	151	Property Depth1.FPS was changed to 30.
 3701225	[INFO]	XnProperty.cpp	151	Property Depth1.OutputFormat was changed to 1.
 3701249	[INFO]	XnProperty.cpp	151	Property Depth1.BytesPerPixel was changed to 2.
 3701273	[INFO]	XnProperty.cpp	151	Property Depth1.RequiredDataSize was changed to 153600.
 3701302	[INFO]	XnProperty.cpp	151	Property Depth1.ParamCoeff was changed to 4.
 3701401	[INFO]	XnProperty.cpp	151	Property Depth1.ShiftScale was changed to 10.
 3714543	[INFO]	XnProperty.cpp	151	Property Depth1.ConstShift was changed to 200.
 3714651	[INFO]	XnProperty.cpp	151	Property Depth1.ZPD was changed to 120.
 3714770	[INFO]	XnProperty.cpp	151	Property Depth1.ZPPS was changed to 0.104200.
 3714793	[INFO]	XnProperty.cpp	151	Property Depth1.LDDIS was changed to 7.500000.
 3714930	[INFO]	XnProperty.cpp	151	Property Depth1.Gain was changed to 30.
 3714969	[INFO]	XnDeviceBase.cpp	1458	Stream 'Depth1' was initialized.
 3714989	[INFO]	XnDeviceBase.cpp	1463	'Depth1' stream was created.
 3715222	[INFO]	XnProperty.cpp	74	Setting Depth1.InputFormat to 3...
 3715250	[INFO]	XnProperty.cpp	151	Property Depth1.InputFormat was changed to 3.
 3715268	[INFO]	XnProperty.cpp	101	Depth1.InputFormat was successfully set.
 3716002	[INFO]	XnProperty.cpp	74	Setting Depth1.RegistrationType to 2...
 3716023	[INFO]	XnProperty.cpp	151	Property Depth1.RegistrationType was changed to 2.
 3716041	[INFO]	XnProperty.cpp	101	Depth1.RegistrationType was successfully set.
 3716812	[INFO]	XnDeviceModule.cpp	431	Module 'Depth1' configuration was loaded from file.
 3717028	[INFO]	XnProperty.cpp	74	Setting Depth1.FPS to 30...
 3717049	[INFO]	XnProperty.cpp	86	Depth1.FPS value did not change.
 3717067	[INFO]	XnProperty.cpp	74	Setting Depth1.YRes to 480...
 3717088	[INFO]	XnProperty.cpp	151	Property Depth1.Resolution was changed to 1.
 3717107	[INFO]	XnProperty.cpp	151	Property Depth1.XRes was changed to 640.
 3717125	[INFO]	XnProperty.cpp	151	Property Depth1.RequiredDataSize was changed to 307200.
 3717145	[INFO]	XnProperty.cpp	151	Property Depth1.YRes was changed to 480.
 3717163	[INFO]	XnProperty.cpp	151	Property Depth1.RequiredDataSize was changed to 614400.
 3717181	[INFO]	XnProperty.cpp	101	Depth1.YRes was successfully set.
 3717199	[INFO]	XnProperty.cpp	74	Setting Depth1.XRes to 640...
 3717215	[INFO]	XnProperty.cpp	86	Depth1.XRes value did not change.
 3717273	[INFO]	XnProperty.cpp	74	Setting Depth1.Mirror to 1...
 3717293	[INFO]	XnProperty.cpp	151	Property Depth1.FirmwareMirror was changed to 1.
 3717344	[INFO]	XnProperty.cpp	151	Property Depth1.Mirror was changed to 1.
 3717361	[INFO]	XnProperty.cpp	101	Depth1.Mirror was successfully set.
 5721013	[INFO]	XnOpenNI.cpp	1261	Creating node 'User1' of type User...
 5757336	[WARNING]	Linux-x86Threads.cpp	173	Failed to set thread priority: Invalid argument
 5757381	[WARNING]	XnUSBLinux-x86.cpp	126	USB events thread: Failed to set thread priority to critical. This might cause loss of data...
 5758487	[INFO]	XnUSBLinux-x86.cpp	1222	USB read thread was started.
 5758511	[INFO]	XnProperty.cpp	151	Property Depth1.ActualReadData was changed to 1.
 6228227	[INFO]	XnProperty.cpp	151	Property Depth1.State was changed to 1.
 6228281	[INFO]	XnDeviceBase.cpp	370	Stream Depth1 is open.
 8212512	[INFO]	XnOpenNI.cpp	1261	Creating node 'Image1' of type Image...
 8212562	[INFO]	XnDeviceBase.cpp	1383	Creating stream 'Image1' of type 'Image'...
 8212766	[INFO]	XnProperty.cpp	151	Property Image1.Resolution was changed to 0.
 8212787	[INFO]	XnProperty.cpp	151	Property Image1.XRes was changed to 320.
 8212804	[INFO]	XnProperty.cpp	151	Property Image1.YRes was changed to 240.
 8212819	[INFO]	XnProperty.cpp	151	Property Image1.FPS was changed to 30.
 8212834	[INFO]	XnProperty.cpp	151	Property Image1.OutputFormat was changed to 5.
 8212849	[INFO]	XnProperty.cpp	151	Property Image1.BytesPerPixel was changed to 3.
 8212864	[INFO]	XnProperty.cpp	151	Property Image1.RequiredDataSize was changed to 230400.
 8212899	[INFO]	XnDeviceBase.cpp	1458	Stream 'Image1' was initialized.
 8212915	[INFO]	XnDeviceBase.cpp	1463	'Image1' stream was created.
 8213044	[INFO]	XnProperty.cpp	74	Setting Image1.InputFormat to 6...
 8213066	[INFO]	XnProperty.cpp	151	Property Image1.InputFormat was changed to 6.
 8213082	[INFO]	XnProperty.cpp	101	Image1.InputFormat was successfully set.
 8213656	[INFO]	XnDeviceModule.cpp	431	Module 'Image1' configuration was loaded from file.
 8213745	[INFO]	XnProperty.cpp	74	Setting Image1.FPS to 30...
 8213762	[INFO]	XnProperty.cpp	86	Image1.FPS value did not change.
 8213777	[INFO]	XnProperty.cpp	74	Setting Image1.YRes to 480...
 8213793	[INFO]	XnProperty.cpp	151	Property Image1.Resolution was changed to 1.
 8213808	[INFO]	XnProperty.cpp	151	Property Image1.XRes was changed to 640.
 8213824	[INFO]	XnProperty.cpp	151	Property Image1.RequiredDataSize was changed to 460800.
 8214252	[INFO]	XnProperty.cpp	151	Property Image1.YRes was changed to 480.
 8214269	[INFO]	XnProperty.cpp	151	Property Image1.RequiredDataSize was changed to 921600.
 8214284	[INFO]	XnProperty.cpp	101	Image1.YRes was successfully set.
 8214300	[INFO]	XnProperty.cpp	74	Setting Image1.XRes to 640...
 8214313	[INFO]	XnProperty.cpp	86	Image1.XRes value did not change.
 8215513	[INFO]	XnUSBLinux-x86.cpp	1222	USB read thread was started.
 8215538	[INFO]	XnProperty.cpp	151	Property Image1.ActualReadData was changed to 1.
 8293887	[WARNING]	XnDepthProcessor.cpp	133	Read: Depth buffer is corrupt. Size is 594768 (!= 614400)
 8293933	[WARNING]	XnFrameStreamProcessor.cpp	132	Depth frame is corrupt!
 8393869	[WARNING]	XnDepthProcessor.cpp	133	Read: Depth buffer is corrupt. Size is 545728 (!= 614400)
 8393916	[WARNING]	XnFrameStreamProcessor.cpp	132	Depth frame is corrupt!
 8425908	[WARNING]	XnDepthProcessor.cpp	133	Read: Depth buffer is corrupt. Size is 594640 (!= 614400)
 8425951	[WARNING]	XnFrameStreamProcessor.cpp	132	Depth frame is corrupt!
11416407	[INFO]	XnProperty.cpp	151	Property Image1.State was changed to 1.
11416463	[INFO]	XnDeviceBase.cpp	370	Stream Image1 is open.
11417170	[INFO]	XnProperty.cpp	74	Setting Depth1.Registration to 1...
11465705	[WARNING]	XnDepthProcessor.cpp	133	Read: Depth buffer is corrupt. Size is 591040 (!= 614400)
11465761	[WARNING]	XnFrameStreamProcessor.cpp	132	Depth frame is corrupt!
11574718	[INFO]	XnProperty.cpp	151	Property Depth1.Registration was changed to 1.
11574761	[INFO]	XnProperty.cpp	101	Depth1.Registration was successfully set.
11574860	[INFO]	XnProperty.cpp	74	Setting Image1.Mirror to 1...
11587164	[INFO]	XnProperty.cpp	151	Property Image1.FirmwareMirror was changed to 1.
11587251	[INFO]	XnProperty.cpp	151	Property Image1.Mirror was changed to 1.
11587271	[INFO]	XnProperty.cpp	101	Image1.Mirror was successfully set.
26143096	[INFO]	XnOpenNI.cpp	1459	Destroying node 'User1'
26151985	[INFO]	XnOpenNI.cpp	1459	Destroying node 'Depth1'
26152073	[INFO]	XnDeviceBase.cpp	1507	Destroying stream 'Depth1'...
26153649	[INFO]	XnOpenNI.cpp	1459	Destroying node 'Image1'
26153689	[INFO]	XnDeviceBase.cpp	1507	Destroying stream 'Image1'...
26156692	[INFO]	XnOpenNI.cpp	1459	Destroying node 'Device1'
