    2255	[INFO]	XnLog.cpp	165	OpenNI version is 1.0.0 (Build 25)-MacOSX (Jan  7 2011 14:20:18)
    2299	[INFO]	XnLog.cpp	173	Log system initialized. Console: 1, File: 1, Severity: INFO, Masks: ALL
    2329	[INFO]	XnLog.cpp	173	Log system initialized. Console: 1, File: 1, Severity: INFO, Masks: ALL
    3531	[INFO]	XnUSBLinux-x86.cpp	98	USB is initialized.
 1995375	[INFO]	XnOpenNI.cpp	1261	Creating node 'Device1' of type Device...
 1996405	[INFO]	XnDeviceModule.cpp	431	Module 'Device' configuration was loaded from file.
 2264826	[INFO]	XnDeviceSensorIO.cpp	135	Connected to USB device
 2264879	[INFO]	XnProperty.cpp	151	Property Device.USBPath was changed to 045e/02ae@36/6.
 2276937	[INFO]	XnHostProtocol.cpp	825	Hardware versions: FW=5.1.4 (7) HW=4 Chip=2 Sensor=4 SYS=7
 3684644	[INFO]	XnProperty.cpp	151	Property Device.ID was changed to 0.
 3684737	[INFO]	XnSensor.cpp	182	Device sensor initialized
 3684947	[INFO]	XnOpenNI.cpp	1261	Creating node 'Depth1' of type Depth...
 3685069	[INFO]	XnDeviceBase.cpp	1383	Creating stream 'Depth1' of type 'Depth'...
 3685104	[INFO]	XnProperty.cpp	74	Setting Device.ReadData to 1...
 3685159	[INFO]	XnDeviceSensorIO.cpp	298	Endpoints open
 3697559	[INFO]	XnProperty.cpp	151	Property Device.ReadData was changed to 1.
 3697611	[INFO]	XnProperty.cpp	101	Device.ReadData was successfully set.
 3698087	[INFO]	XnProperty.cpp	151	Property Depth1.Resolution was changed to 0.
 3698112	[INFO]	XnProperty.cpp	151	Property Depth1.XRes was changed to 320.
 3698132	[INFO]	XnProperty.cpp	151	Property Depth1.YRes was changed to 240.
 3698151	[INFO]	XnProperty.cpp	151	Property Depth1.FPS was changed to 30.
 3698169	[INFO]	XnProperty.cpp	151	Property Depth1.OutputFormat was changed to 1.
 3698186	[INFO]	XnProperty.cpp	151	Property Depth1.BytesPerPixel was changed to 2.
 3698205	[INFO]	XnProperty.cpp	151	Property Depth1.RequiredDataSize was changed to 153600.
 3698227	[INFO]	XnProperty.cpp	151	Property Depth1.ParamCoeff was changed to 4.
 3698301	[INFO]	XnProperty.cpp	151	Property Depth1.ShiftScale was changed to 10.
 3710441	[INFO]	XnProperty.cpp	151	Property Depth1.ConstShift was changed to 200.
 3710576	[INFO]	XnProperty.cpp	151	Property Depth1.ZPD was changed to 120.
 3710686	[INFO]	XnProperty.cpp	151	Property Depth1.ZPPS was changed to 0.104200.
 3710709	[INFO]	XnProperty.cpp	151	Property Depth1.LDDIS was changed to 7.500000.
 3710835	[INFO]	XnProperty.cpp	151	Property Depth1.Gain was changed to 30.
 3710873	[INFO]	XnDeviceBase.cpp	1458	Stream 'Depth1' was initialized.
 3710891	[INFO]	XnDeviceBase.cpp	1463	'Depth1' stream was created.
 3711084	[INFO]	XnProperty.cpp	74	Setting Depth1.InputFormat to 3...
 3711110	[INFO]	XnProperty.cpp	151	Property Depth1.InputFormat was changed to 3.
 3711128	[INFO]	XnProperty.cpp	101	Depth1.InputFormat was successfully set.
 3711770	[INFO]	XnProperty.cpp	74	Setting Depth1.RegistrationType to 2...
 3711790	[INFO]	XnProperty.cpp	151	Property Depth1.RegistrationType was changed to 2.
 3711806	[INFO]	XnProperty.cpp	101	Depth1.RegistrationType was successfully set.
 3712458	[INFO]	XnDeviceModule.cpp	431	Module 'Depth1' configuration was loaded from file.
 3712654	[INFO]	XnProperty.cpp	74	Setting Depth1.FPS to 30...
 3712674	[INFO]	XnProperty.cpp	86	Depth1.FPS value did not change.
 3712690	[INFO]	XnProperty.cpp	74	Setting Depth1.YRes to 480...
 3712709	[INFO]	XnProperty.cpp	151	Property Depth1.Resolution was changed to 1.
 3712727	[INFO]	XnProperty.cpp	151	Property Depth1.XRes was changed to 640.
 3712744	[INFO]	XnProperty.cpp	151	Property Depth1.RequiredDataSize was changed to 307200.
 3712763	[INFO]	XnProperty.cpp	151	Property Depth1.YRes was changed to 480.
 3712779	[INFO]	XnProperty.cpp	151	Property Depth1.RequiredDataSize was changed to 614400.
 3712796	[INFO]	XnProperty.cpp	101	Depth1.YRes was successfully set.
 3712813	[INFO]	XnProperty.cpp	74	Setting Depth1.XRes to 640...
 3712828	[INFO]	XnProperty.cpp	86	Depth1.XRes value did not change.
 3712879	[INFO]	XnProperty.cpp	74	Setting Depth1.Mirror to 1...
 3712896	[INFO]	XnProperty.cpp	151	Property Depth1.FirmwareMirror was changed to 1.
 3712942	[INFO]	XnProperty.cpp	151	Property Depth1.Mirror was changed to 1.
 3712958	[INFO]	XnProperty.cpp	101	Depth1.Mirror was successfully set.
 5708736	[INFO]	XnOpenNI.cpp	1261	Creating node 'User1' of type User...
 5744069	[WARNING]	Linux-x86Threads.cpp	173	Failed to set thread priority: Invalid argument
 5744115	[WARNING]	XnUSBLinux-x86.cpp	126	USB events thread: Failed to set thread priority to critical. This might cause loss of data...
 5745282	[INFO]	XnUSBLinux-x86.cpp	1222	USB read thread was started.
 5745308	[INFO]	XnProperty.cpp	151	Property Depth1.ActualReadData was changed to 1.
 6215287	[INFO]	XnProperty.cpp	151	Property Depth1.State was changed to 1.
 6215330	[INFO]	XnDeviceBase.cpp	370	Stream Depth1 is open.
 8202834	[INFO]	XnOpenNI.cpp	1261	Creating node 'Image1' of type Image...
 8202882	[INFO]	XnDeviceBase.cpp	1383	Creating stream 'Image1' of type 'Image'...
 8203106	[INFO]	XnProperty.cpp	151	Property Image1.Resolution was changed to 0.
 8203126	[INFO]	XnProperty.cpp	151	Property Image1.XRes was changed to 320.
 8203142	[INFO]	XnProperty.cpp	151	Property Image1.YRes was changed to 240.
 8203158	[INFO]	XnProperty.cpp	151	Property Image1.FPS was changed to 30.
 8203172	[INFO]	XnProperty.cpp	151	Property Image1.OutputFormat was changed to 5.
 8203188	[INFO]	XnProperty.cpp	151	Property Image1.BytesPerPixel was changed to 3.
 8203203	[INFO]	XnProperty.cpp	151	Property Image1.RequiredDataSize was changed to 230400.
 8203237	[INFO]	XnDeviceBase.cpp	1458	Stream 'Image1' was initialized.
 8203253	[INFO]	XnDeviceBase.cpp	1463	'Image1' stream was created.
 8203369	[INFO]	XnProperty.cpp	74	Setting Image1.InputFormat to 6...
 8203392	[INFO]	XnProperty.cpp	151	Property Image1.InputFormat was changed to 6.
 8203407	[INFO]	XnProperty.cpp	101	Image1.InputFormat was successfully set.
 8203990	[INFO]	XnDeviceModule.cpp	431	Module 'Image1' configuration was loaded from file.
 8204090	[INFO]	XnProperty.cpp	74	Setting Image1.FPS to 30...
 8204107	[INFO]	XnProperty.cpp	86	Image1.FPS value did not change.
 8204122	[INFO]	XnProperty.cpp	74	Setting Image1.YRes to 480...
 8204137	[INFO]	XnProperty.cpp	151	Property Image1.Resolution was changed to 1.
 8204230	[INFO]	XnProperty.cpp	151	Property Image1.XRes was changed to 640.
 8204246	[INFO]	XnProperty.cpp	151	Property Image1.RequiredDataSize was changed to 460800.
 8204262	[INFO]	XnProperty.cpp	151	Property Image1.YRes was changed to 480.
 8204277	[INFO]	XnProperty.cpp	151	Property Image1.RequiredDataSize was changed to 921600.
 8204293	[INFO]	XnProperty.cpp	101	Image1.YRes was successfully set.
 8204308	[INFO]	XnProperty.cpp	74	Setting Image1.XRes to 640...
 8204321	[INFO]	XnProperty.cpp	86	Image1.XRes value did not change.
 8205433	[INFO]	XnUSBLinux-x86.cpp	1222	USB read thread was started.
 8205452	[INFO]	XnProperty.cpp	151	Property Image1.ActualReadData was changed to 1.
 8249124	[WARNING]	XnDepthProcessor.cpp	133	Read: Depth buffer is corrupt. Size is 593680 (!= 614400)
 8249191	[WARNING]	XnFrameStreamProcessor.cpp	132	Depth frame is corrupt!
11285110	[WARNING]	XnDepthProcessor.cpp	133	Read: Depth buffer is corrupt. Size is 590016 (!= 614400)
11285275	[WARNING]	XnFrameStreamProcessor.cpp	132	Depth frame is corrupt!
11406479	[INFO]	XnProperty.cpp	151	Property Image1.State was changed to 1.
11406518	[INFO]	XnDeviceBase.cpp	370	Stream Image1 is open.
11407245	[INFO]	XnProperty.cpp	74	Setting Depth1.Registration to 1...
11453063	[WARNING]	XnDepthProcessor.cpp	133	Read: Depth buffer is corrupt. Size is 590752 (!= 614400)
11453187	[WARNING]	XnFrameStreamProcessor.cpp	132	Depth frame is corrupt!
11565341	[INFO]	XnProperty.cpp	151	Property Depth1.Registration was changed to 1.
11565381	[INFO]	XnProperty.cpp	101	Depth1.Registration was successfully set.
11565475	[INFO]	XnProperty.cpp	74	Setting Image1.Mirror to 1...
11577617	[INFO]	XnProperty.cpp	151	Property Image1.FirmwareMirror was changed to 1.
11577670	[INFO]	XnProperty.cpp	151	Property Image1.Mirror was changed to 1.
11577696	[INFO]	XnProperty.cpp	101	Image1.Mirror was successfully set.
27388764	[WARNING]	XnFrameStreamProcessor.cpp	140	Depth Frame Buffer overflow! current size: 612768
27392507	[WARNING]	XnFrameStreamProcessor.cpp	132	Depth frame is corrupt!
27435566	[WARNING]	XnDepthProcessor.cpp	133	Read: Depth buffer is corrupt. Size is 612768 (!= 614400)
27472314	[WARNING]	XnUSBLinux-x86.cpp	1078	Endpoint 0x82, Buffer 3: Asynch transfer failed (status: 1)
27512259	[WARNING]	XnFrameStreamProcessor.cpp	140	Depth Frame Buffer overflow! current size: 612768
27557982	[WARNING]	XnFrameStreamProcessor.cpp	132	Depth frame is corrupt!
27564179	[WARNING]	XnFirmwareStreams.cpp	324	Unknown packet type (0x474e)!!!
27564408	[WARNING]	XnFirmwareStreams.cpp	324	Unknown packet type (0x415f)!!!
27570060	[WARNING]	XnDepthProcessor.cpp	133	Read: Depth buffer is corrupt. Size is 612768 (!= 614400)
27601425	[WARNING]	XnDepthProcessor.cpp	133	Read: Depth buffer is corrupt. Size is 550144 (!= 614400)
27606118	[WARNING]	XnFrameStreamProcessor.cpp	132	Depth frame is corrupt!
28138158	[WARNING]	XnDepthProcessor.cpp	133	Read: Depth buffer is corrupt. Size is 582912 (!= 614400)
28276665	[WARNING]	XnFrameStreamProcessor.cpp	132	Depth frame is corrupt!
28304414	[WARNING]	XnDepthProcessor.cpp	133	Read: Depth buffer is corrupt. Size is 390768 (!= 614400)
28304480	[WARNING]	XnFrameStreamProcessor.cpp	132	Depth frame is corrupt!
28480169	[WARNING]	XnFrameStreamProcessor.cpp	140	Depth Frame Buffer overflow! current size: 612768
28480347	[WARNING]	XnFrameStreamProcessor.cpp	132	Depth frame is corrupt!
28480597	[WARNING]	XnDepthProcessor.cpp	133	Read: Depth buffer is corrupt. Size is 612768 (!= 614400)
28812485	[WARNING]	XnUSBLinux-x86.cpp	1078	Endpoint 0x82, Buffer 0: Asynch transfer failed (status: 1)
28851794	[WARNING]	XnFrameStreamProcessor.cpp	140	Depth Frame Buffer overflow! current size: 612768
28851956	[WARNING]	XnFrameStreamProcessor.cpp	132	Depth frame is corrupt!
28852248	[WARNING]	XnDepthProcessor.cpp	133	Read: Depth buffer is corrupt. Size is 612768 (!= 614400)
29003376	[WARNING]	XnDepthProcessor.cpp	133	Read: Depth buffer is corrupt. Size is 502064 (!= 614400)
29003558	[WARNING]	XnFrameStreamProcessor.cpp	132	Depth frame is corrupt!
33263203	[WARNING]	XnFrameStreamProcessor.cpp	140	Depth Frame Buffer overflow! current size: 612768
33267455	[WARNING]	XnFrameStreamProcessor.cpp	132	Depth frame is corrupt!
33277740	[WARNING]	XnDepthProcessor.cpp	133	Read: Depth buffer is corrupt. Size is 612768 (!= 614400)
33299340	[WARNING]	XnFirmwareStreams.cpp	324	Unknown packet type (0x4e4f)!!!
33311593	[WARNING]	XnFirmwareStreams.cpp	324	Unknown packet type (0x4e4f)!!!
33659088	[WARNING]	XnDepthProcessor.cpp	133	Read: Depth buffer is corrupt. Size is 86496 (!= 614400)
33661382	[WARNING]	XnFrameStreamProcessor.cpp	132	Depth frame is corrupt!
33676925	[WARNING]	XnDepthProcessor.cpp	133	Read: Depth buffer is corrupt. Size is 207312 (!= 614400)
33721133	[WARNING]	XnFrameStreamProcessor.cpp	132	Depth frame is corrupt!
34008198	[WARNING]	XnFrameStreamProcessor.cpp	140	Depth Frame Buffer overflow! current size: 612768
34011933	[WARNING]	XnFrameStreamProcessor.cpp	132	Depth frame is corrupt!
34013972	[WARNING]	XnDepthProcessor.cpp	133	Read: Depth buffer is corrupt. Size is 612768 (!= 614400)
44977694	[WARNING]	XnDepthProcessor.cpp	133	Read: Depth buffer is corrupt. Size is 390368 (!= 614400)
44981779	[WARNING]	XnFrameStreamProcessor.cpp	132	Depth frame is corrupt!
60221215	[WARNING]	XnFrameStreamProcessor.cpp	140	Depth Frame Buffer overflow! current size: 612768
60221266	[WARNING]	XnFrameStreamProcessor.cpp	132	Depth frame is corrupt!
60237566	[WARNING]	XnDepthProcessor.cpp	133	Read: Depth buffer is corrupt. Size is 612768 (!= 614400)
78512137	[INFO]	XnOpenNI.cpp	1459	Destroying node 'User1'
78525350	[INFO]	XnOpenNI.cpp	1459	Destroying node 'Depth1'
78525459	[INFO]	XnDeviceBase.cpp	1507	Destroying stream 'Depth1'...
78527377	[INFO]	XnOpenNI.cpp	1459	Destroying node 'Image1'
78527439	[INFO]	XnDeviceBase.cpp	1507	Destroying stream 'Image1'...
78528795	[INFO]	XnOpenNI.cpp	1459	Destroying node 'Device1'
