    1674	[INFO]	XnLog.cpp	165	OpenNI version is 1.0.0 (Build 25)-MacOSX (Jan  7 2011 14:20:18)
    1718	[INFO]	XnLog.cpp	173	Log system initialized. Console: 1, File: 1, Severity: INFO, Masks: ALL
    1748	[INFO]	XnLog.cpp	173	Log system initialized. Console: 1, File: 1, Severity: INFO, Masks: ALL
    3448	[INFO]	XnUSBLinux-x86.cpp	98	USB is initialized.
 2027258	[INFO]	XnOpenNI.cpp	1261	Creating node 'Device1' of type Device...
 2028805	[INFO]	XnDeviceModule.cpp	431	Module 'Device' configuration was loaded from file.
 2292243	[INFO]	XnDeviceSensorIO.cpp	135	Connected to USB device
 2292294	[INFO]	XnProperty.cpp	151	Property Device.USBPath was changed to 045e/02ae@36/6.
 2304373	[INFO]	XnHostProtocol.cpp	825	Hardware versions: FW=5.1.4 (7) HW=4 Chip=2 Sensor=4 SYS=7
 3717561	[INFO]	XnProperty.cpp	151	Property Device.ID was changed to 0.
 3717653	[INFO]	XnSensor.cpp	182	Device sensor initialized
 3717871	[INFO]	XnOpenNI.cpp	1261	Creating node 'Depth1' of type Depth...
 3717994	[INFO]	XnDeviceBase.cpp	1383	Creating stream 'Depth1' of type 'Depth'...
 3718030	[INFO]	XnProperty.cpp	74	Setting Device.ReadData to 1...
 3718120	[INFO]	XnDeviceSensorIO.cpp	298	Endpoints open
 3730587	[INFO]	XnProperty.cpp	151	Property Device.ReadData was changed to 1.
 3730645	[INFO]	XnProperty.cpp	101	Device.ReadData was successfully set.
 3731082	[INFO]	XnProperty.cpp	151	Property Depth1.Resolution was changed to 0.
 3731108	[INFO]	XnProperty.cpp	151	Property Depth1.XRes was changed to 320.
 3731134	[INFO]	XnProperty.cpp	151	Property Depth1.YRes was changed to 240.
 3731155	[INFO]	XnProperty.cpp	151	Property Depth1.FPS was changed to 30.
 3731175	[INFO]	XnProperty.cpp	151	Property Depth1.OutputFormat was changed to 1.
 3731195	[INFO]	XnProperty.cpp	151	Property Depth1.BytesPerPixel was changed to 2.
 3731215	[INFO]	XnProperty.cpp	151	Property Depth1.RequiredDataSize was changed to 153600.
 3731244	[INFO]	XnProperty.cpp	151	Property Depth1.ParamCoeff was changed to 4.
 3731318	[INFO]	XnProperty.cpp	151	Property Depth1.ShiftScale was changed to 10.
 3744057	[INFO]	XnProperty.cpp	151	Property Depth1.ConstShift was changed to 200.
 3744193	[INFO]	XnProperty.cpp	151	Property Depth1.ZPD was changed to 120.
 3744357	[INFO]	XnProperty.cpp	151	Property Depth1.ZPPS was changed to 0.104200.
 3744423	[INFO]	XnProperty.cpp	151	Property Depth1.LDDIS was changed to 7.500000.
 3744598	[INFO]	XnProperty.cpp	151	Property Depth1.Gain was changed to 30.
 3744639	[INFO]	XnDeviceBase.cpp	1458	Stream 'Depth1' was initialized.
 3744659	[INFO]	XnDeviceBase.cpp	1463	'Depth1' stream was created.
 3744907	[INFO]	XnProperty.cpp	74	Setting Depth1.InputFormat to 3...
 3744937	[INFO]	XnProperty.cpp	151	Property Depth1.InputFormat was changed to 3.
 3744956	[INFO]	XnProperty.cpp	101	Depth1.InputFormat was successfully set.
 3745687	[INFO]	XnProperty.cpp	74	Setting Depth1.RegistrationType to 2...
 3745708	[INFO]	XnProperty.cpp	151	Property Depth1.RegistrationType was changed to 2.
 3745725	[INFO]	XnProperty.cpp	101	Depth1.RegistrationType was successfully set.
 3746440	[INFO]	XnDeviceModule.cpp	431	Module 'Depth1' configuration was loaded from file.
 3746657	[INFO]	XnProperty.cpp	74	Setting Depth1.FPS to 30...
 3746680	[INFO]	XnProperty.cpp	101	Depth1.FPS was successfully set.
 3746697	[INFO]	XnProperty.cpp	74	Setting Depth1.YRes to 480...
 3746715	[INFO]	XnProperty.cpp	151	Property Depth1.Resolution was changed to 1.
 3746732	[INFO]	XnProperty.cpp	151	Property Depth1.XRes was changed to 640.
 3746748	[INFO]	XnProperty.cpp	151	Property Depth1.RequiredDataSize was changed to 307200.
 3746767	[INFO]	XnProperty.cpp	151	Property Depth1.YRes was changed to 480.
 3746783	[INFO]	XnProperty.cpp	151	Property Depth1.RequiredDataSize was changed to 614400.
 3746800	[INFO]	XnProperty.cpp	101	Depth1.YRes was successfully set.
 3746816	[INFO]	XnProperty.cpp	74	Setting Depth1.XRes to 640...
 3746831	[INFO]	XnProperty.cpp	101	Depth1.XRes was successfully set.
 3746885	[INFO]	XnProperty.cpp	74	Setting Depth1.Mirror to 1...
 3746902	[INFO]	XnProperty.cpp	151	Property Depth1.FirmwareMirror was changed to 1.
 3746955	[INFO]	XnProperty.cpp	151	Property Depth1.Mirror was changed to 1.
 3746971	[INFO]	XnProperty.cpp	101	Depth1.Mirror was successfully set.
 5755919	[INFO]	XnOpenNI.cpp	1261	Creating node 'User1' of type User...
 5789979	[WARNING]	Linux-x86Threads.cpp	173	Failed to set thread priority: Invalid argument
 5790025	[WARNING]	XnUSBLinux-x86.cpp	126	USB events thread: Failed to set thread priority to critical. This might cause loss of data...
 5791104	[INFO]	XnUSBLinux-x86.cpp	1222	USB read thread was started.
 5791129	[INFO]	XnProperty.cpp	151	Property Depth1.ActualReadData was changed to 1.
 6261240	[INFO]	XnProperty.cpp	151	Property Depth1.State was changed to 1.
 6261296	[INFO]	XnDeviceBase.cpp	370	Stream Depth1 is open.
 8248239	[INFO]	XnOpenNI.cpp	1261	Creating node 'Image1' of type Image...
 8248290	[INFO]	XnDeviceBase.cpp	1383	Creating stream 'Image1' of type 'Image'...
 8248516	[INFO]	XnProperty.cpp	151	Property Image1.Resolution was changed to 0.
 8248537	[INFO]	XnProperty.cpp	151	Property Image1.XRes was changed to 320.
 8248554	[INFO]	XnProperty.cpp	151	Property Image1.YRes was changed to 240.
 8248569	[INFO]	XnProperty.cpp	151	Property Image1.FPS was changed to 30.
 8248585	[INFO]	XnProperty.cpp	151	Property Image1.OutputFormat was changed to 5.
 8248600	[INFO]	XnProperty.cpp	151	Property Image1.BytesPerPixel was changed to 3.
 8248615	[INFO]	XnProperty.cpp	151	Property Image1.RequiredDataSize was changed to 230400.
 8248650	[INFO]	XnDeviceBase.cpp	1458	Stream 'Image1' was initialized.
 8248667	[INFO]	XnDeviceBase.cpp	1463	'Image1' stream was created.
 8248792	[INFO]	XnProperty.cpp	74	Setting Image1.InputFormat to 6...
 8248815	[INFO]	XnProperty.cpp	151	Property Image1.InputFormat was changed to 6.
 8248830	[INFO]	XnProperty.cpp	101	Image1.InputFormat was successfully set.
 8249415	[INFO]	XnDeviceModule.cpp	431	Module 'Image1' configuration was loaded from file.
 8249523	[INFO]	XnProperty.cpp	74	Setting Image1.FPS to 30...
 8249539	[INFO]	XnProperty.cpp	86	Image1.FPS value did not change.
 8249554	[INFO]	XnProperty.cpp	74	Setting Image1.YRes to 480...
 8249570	[INFO]	XnProperty.cpp	151	Property Image1.Resolution was changed to 1.
 8249585	[INFO]	XnProperty.cpp	151	Property Image1.XRes was changed to 640.
 8249600	[INFO]	XnProperty.cpp	151	Property Image1.RequiredDataSize was changed to 460800.
 8249770	[INFO]	XnProperty.cpp	151	Property Image1.YRes was changed to 480.
 8249787	[INFO]	XnProperty.cpp	151	Property Image1.RequiredDataSize was changed to 921600.
 8249805	[INFO]	XnProperty.cpp	101	Image1.YRes was successfully set.
 8249821	[INFO]	XnProperty.cpp	74	Setting Image1.XRes to 640...
 8249835	[INFO]	XnProperty.cpp	86	Image1.XRes value did not change.
 8251174	[INFO]	XnUSBLinux-x86.cpp	1222	USB read thread was started.
 8251200	[INFO]	XnProperty.cpp	151	Property Image1.ActualReadData was changed to 1.
 8426638	[WARNING]	XnDepthProcessor.cpp	133	Read: Depth buffer is corrupt. Size is 501216 (!= 614400)
 8426682	[WARNING]	XnFrameStreamProcessor.cpp	132	Depth frame is corrupt!
 8458662	[WARNING]	XnDepthProcessor.cpp	133	Read: Depth buffer is corrupt. Size is 599024 (!= 614400)
 8458701	[WARNING]	XnFrameStreamProcessor.cpp	132	Depth frame is corrupt!
11330571	[WARNING]	XnDepthProcessor.cpp	133	Read: Depth buffer is corrupt. Size is 593792 (!= 614400)
11330614	[WARNING]	XnFrameStreamProcessor.cpp	132	Depth frame is corrupt!
11452404	[INFO]	XnProperty.cpp	151	Property Image1.State was changed to 1.
11452446	[INFO]	XnDeviceBase.cpp	370	Stream Image1 is open.
11453144	[INFO]	XnProperty.cpp	74	Setting Depth1.Registration to 1...
11610266	[INFO]	XnProperty.cpp	151	Property Depth1.Registration was changed to 1.
11610317	[INFO]	XnProperty.cpp	101	Depth1.Registration was successfully set.
11610484	[INFO]	XnProperty.cpp	74	Setting Image1.Mirror to 1...
11622653	[INFO]	XnProperty.cpp	151	Property Image1.FirmwareMirror was changed to 1.
11622691	[INFO]	XnProperty.cpp	151	Property Image1.Mirror was changed to 1.
11622706	[INFO]	XnProperty.cpp	101	Image1.Mirror was successfully set.
48022749	[INFO]	XnOpenNI.cpp	1459	Destroying node 'User1'
48031124	[INFO]	XnOpenNI.cpp	1459	Destroying node 'Depth1'
48031217	[INFO]	XnDeviceBase.cpp	1507	Destroying stream 'Depth1'...
48032708	[INFO]	XnOpenNI.cpp	1459	Destroying node 'Image1'
48032775	[INFO]	XnDeviceBase.cpp	1507	Destroying stream 'Image1'...
48033906	[INFO]	XnOpenNI.cpp	1459	Destroying node 'Device1'
