    2268	[INFO]	XnLog.cpp	165	OpenNI version is 1.0.0 (Build 25)-MacOSX (Jan  7 2011 14:20:18)
    2344	[INFO]	XnLog.cpp	173	Log system initialized. Console: 1, File: 1, Severity: INFO, Masks: ALL
    3828	[INFO]	XnLog.cpp	173	Log system initialized. Console: 1, File: 1, Severity: INFO, Masks: ALL
    7953	[INFO]	XnUSBLinux-x86.cpp	98	USB is initialized.
 2173865	[INFO]	XnOpenNI.cpp	1261	Creating node 'Device1' of type Device...
 2175309	[INFO]	XnDeviceModule.cpp	431	Module 'Device' configuration was loaded from file.
 2445065	[INFO]	XnDeviceSensorIO.cpp	135	Connected to USB device
 2445120	[INFO]	XnProperty.cpp	151	Property Device.USBPath was changed to 045e/02ae@36/6.
 2457476	[INFO]	XnHostProtocol.cpp	825	Hardware versions: FW=5.1.4 (7) HW=4 Chip=2 Sensor=4 SYS=7
 3876390	[INFO]	XnProperty.cpp	151	Property Device.ID was changed to 0.
 3876483	[INFO]	XnSensor.cpp	182	Device sensor initialized
 3876726	[INFO]	XnOpenNI.cpp	1261	Creating node 'Depth1' of type Depth...
 3876852	[INFO]	XnDeviceBase.cpp	1383	Creating stream 'Depth1' of type 'Depth'...
 3876889	[INFO]	XnProperty.cpp	74	Setting Device.ReadData to 1...
 3876943	[INFO]	XnDeviceSensorIO.cpp	298	Endpoints open
 3889243	[INFO]	XnProperty.cpp	151	Property Device.ReadData was changed to 1.
 3889298	[INFO]	XnProperty.cpp	101	Device.ReadData was successfully set.
 3889762	[INFO]	XnProperty.cpp	151	Property Depth1.Resolution was changed to 0.
 3889787	[INFO]	XnProperty.cpp	151	Property Depth1.XRes was changed to 320.
 3889807	[INFO]	XnProperty.cpp	151	Property Depth1.YRes was changed to 240.
 3889826	[INFO]	XnProperty.cpp	151	Property Depth1.FPS was changed to 30.
 3889844	[INFO]	XnProperty.cpp	151	Property Depth1.OutputFormat was changed to 1.
 3889862	[INFO]	XnProperty.cpp	151	Property Depth1.BytesPerPixel was changed to 2.
 3889880	[INFO]	XnProperty.cpp	151	Property Depth1.RequiredDataSize was changed to 153600.
 3889902	[INFO]	XnProperty.cpp	151	Property Depth1.ParamCoeff was changed to 4.
 3889976	[INFO]	XnProperty.cpp	151	Property Depth1.ShiftScale was changed to 10.
 3902134	[INFO]	XnProperty.cpp	151	Property Depth1.ConstShift was changed to 200.
 3902242	[INFO]	XnProperty.cpp	151	Property Depth1.ZPD was changed to 120.
 3902361	[INFO]	XnProperty.cpp	151	Property Depth1.ZPPS was changed to 0.104200.
 3902384	[INFO]	XnProperty.cpp	151	Property Depth1.LDDIS was changed to 7.500000.
 3902519	[INFO]	XnProperty.cpp	151	Property Depth1.Gain was changed to 30.
 3902558	[INFO]	XnDeviceBase.cpp	1458	Stream 'Depth1' was initialized.
 3902577	[INFO]	XnDeviceBase.cpp	1463	'Depth1' stream was created.
 3902804	[INFO]	XnProperty.cpp	74	Setting Depth1.InputFormat to 3...
 3902833	[INFO]	XnProperty.cpp	151	Property Depth1.InputFormat was changed to 3.
 3902852	[INFO]	XnProperty.cpp	101	Depth1.InputFormat was successfully set.
 3903584	[INFO]	XnProperty.cpp	74	Setting Depth1.RegistrationType to 2...
 3903605	[INFO]	XnProperty.cpp	151	Property Depth1.RegistrationType was changed to 2.
 3903620	[INFO]	XnProperty.cpp	101	Depth1.RegistrationType was successfully set.
 3904305	[INFO]	XnDeviceModule.cpp	431	Module 'Depth1' configuration was loaded from file.
 3904524	[INFO]	XnProperty.cpp	74	Setting Depth1.FPS to 30...
 3904544	[INFO]	XnProperty.cpp	86	Depth1.FPS value did not change.
 3904560	[INFO]	XnProperty.cpp	74	Setting Depth1.YRes to 480...
 3904578	[INFO]	XnProperty.cpp	151	Property Depth1.Resolution was changed to 1.
 3904596	[INFO]	XnProperty.cpp	151	Property Depth1.XRes was changed to 640.
 3904612	[INFO]	XnProperty.cpp	151	Property Depth1.RequiredDataSize was changed to 307200.
 3904631	[INFO]	XnProperty.cpp	151	Property Depth1.YRes was changed to 480.
 3904647	[INFO]	XnProperty.cpp	151	Property Depth1.RequiredDataSize was changed to 614400.
 3904664	[INFO]	XnProperty.cpp	101	Depth1.YRes was successfully set.
 3904680	[INFO]	XnProperty.cpp	74	Setting Depth1.XRes to 640...
 3904694	[INFO]	XnProperty.cpp	86	Depth1.XRes value did not change.
 3904747	[INFO]	XnProperty.cpp	74	Setting Depth1.Mirror to 1...
 3904764	[INFO]	XnProperty.cpp	151	Property Depth1.FirmwareMirror was changed to 1.
 3904822	[INFO]	XnProperty.cpp	151	Property Depth1.Mirror was changed to 1.
 3904838	[INFO]	XnProperty.cpp	101	Depth1.Mirror was successfully set.
 5914479	[INFO]	XnOpenNI.cpp	1261	Creating node 'User1' of type User...
 5948321	[WARNING]	Linux-x86Threads.cpp	173	Failed to set thread priority: Invalid argument
 5948368	[WARNING]	XnUSBLinux-x86.cpp	126	USB events thread: Failed to set thread priority to critical. This might cause loss of data...
 5949425	[INFO]	XnUSBLinux-x86.cpp	1222	USB read thread was started.
 5949444	[INFO]	XnProperty.cpp	151	Property Depth1.ActualReadData was changed to 1.
 6419181	[INFO]	XnProperty.cpp	151	Property Depth1.State was changed to 1.
 6419237	[INFO]	XnDeviceBase.cpp	370	Stream Depth1 is open.
 8406084	[INFO]	XnOpenNI.cpp	1261	Creating node 'Image1' of type Image...
 8406133	[INFO]	XnDeviceBase.cpp	1383	Creating stream 'Image1' of type 'Image'...
 8406348	[INFO]	XnProperty.cpp	151	Property Image1.Resolution was changed to 0.
 8406369	[INFO]	XnProperty.cpp	151	Property Image1.XRes was changed to 320.
 8406386	[INFO]	XnProperty.cpp	151	Property Image1.YRes was changed to 240.
 8406402	[INFO]	XnProperty.cpp	151	Property Image1.FPS was changed to 30.
 8406417	[INFO]	XnProperty.cpp	151	Property Image1.OutputFormat was changed to 5.
 8406432	[INFO]	XnProperty.cpp	151	Property Image1.BytesPerPixel was changed to 3.
 8406447	[INFO]	XnProperty.cpp	151	Property Image1.RequiredDataSize was changed to 230400.
 8406489	[INFO]	XnDeviceBase.cpp	1458	Stream 'Image1' was initialized.
 8406505	[INFO]	XnDeviceBase.cpp	1463	'Image1' stream was created.
 8406632	[INFO]	XnProperty.cpp	74	Setting Image1.InputFormat to 6...
 8406655	[INFO]	XnProperty.cpp	151	Property Image1.InputFormat was changed to 6.
 8406670	[INFO]	XnProperty.cpp	101	Image1.InputFormat was successfully set.
 8407250	[INFO]	XnDeviceModule.cpp	431	Module 'Image1' configuration was loaded from file.
 8407339	[INFO]	XnProperty.cpp	74	Setting Image1.FPS to 30...
 8407355	[INFO]	XnProperty.cpp	86	Image1.FPS value did not change.
 8407370	[INFO]	XnProperty.cpp	74	Setting Image1.YRes to 480...
 8407385	[INFO]	XnProperty.cpp	151	Property Image1.Resolution was changed to 1.
 8407400	[INFO]	XnProperty.cpp	151	Property Image1.XRes was changed to 640.
 8407414	[INFO]	XnProperty.cpp	151	Property Image1.RequiredDataSize was changed to 460800.
 8407458	[INFO]	XnProperty.cpp	151	Property Image1.YRes was changed to 480.
 8407478	[INFO]	XnProperty.cpp	151	Property Image1.RequiredDataSize was changed to 921600.
 8407496	[INFO]	XnProperty.cpp	101	Image1.YRes was successfully set.
 8407512	[INFO]	XnProperty.cpp	74	Setting Image1.XRes to 640...
 8407526	[INFO]	XnProperty.cpp	86	Image1.XRes value did not change.
 8408742	[INFO]	XnUSBLinux-x86.cpp	1222	USB read thread was started.
 8408766	[INFO]	XnProperty.cpp	151	Property Image1.ActualReadData was changed to 1.
 8585431	[WARNING]	XnDepthProcessor.cpp	133	Read: Depth buffer is corrupt. Size is 566944 (!= 614400)
 8585478	[WARNING]	XnFrameStreamProcessor.cpp	132	Depth frame is corrupt!
11608733	[INFO]	XnProperty.cpp	151	Property Image1.State was changed to 1.
11608788	[INFO]	XnDeviceBase.cpp	370	Stream Image1 is open.
11609495	[INFO]	XnProperty.cpp	74	Setting Depth1.Registration to 1...
11653373	[WARNING]	XnDepthProcessor.cpp	133	Read: Depth buffer is corrupt. Size is 593456 (!= 614400)
11653418	[WARNING]	XnFrameStreamProcessor.cpp	132	Depth frame is corrupt!
11767351	[INFO]	XnProperty.cpp	151	Property Depth1.Registration was changed to 1.
11767393	[INFO]	XnProperty.cpp	101	Depth1.Registration was successfully set.
11767495	[INFO]	XnProperty.cpp	74	Setting Image1.Mirror to 1...
11779740	[INFO]	XnProperty.cpp	151	Property Image1.FirmwareMirror was changed to 1.
11779790	[INFO]	XnProperty.cpp	151	Property Image1.Mirror was changed to 1.
11779816	[INFO]	XnProperty.cpp	101	Image1.Mirror was successfully set.
30122480	[WARNING]	XnFrameStreamProcessor.cpp	140	Depth Frame Buffer overflow! current size: 612768
30131313	[WARNING]	XnFrameStreamProcessor.cpp	132	Depth frame is corrupt!
30141450	[WARNING]	XnDepthProcessor.cpp	133	Read: Depth buffer is corrupt. Size is 612768 (!= 614400)
39959240	[WARNING]	XnUSBLinux-x86.cpp	1078	Endpoint 0x81, Buffer 0: Asynch transfer failed (status: 1)
39960253	[WARNING]	XnUSBLinux-x86.cpp	1056	Endpoint 0x81, Buffer 1, packet 0 Asynch transfer failed (status: -99)
39960310	[WARNING]	XnUSBLinux-x86.cpp	1056	Endpoint 0x81, Buffer 1, packet 1 Asynch transfer failed (status: -99)
39960358	[WARNING]	XnUSBLinux-x86.cpp	1056	Endpoint 0x81, Buffer 1, packet 2 Asynch transfer failed (status: -99)
39960406	[WARNING]	XnUSBLinux-x86.cpp	1056	Endpoint 0x81, Buffer 1, packet 3 Asynch transfer failed (status: -99)
39960453	[WARNING]	XnUSBLinux-x86.cpp	1056	Endpoint 0x81, Buffer 1, packet 4 Asynch transfer failed (status: -99)
39960500	[WARNING]	XnUSBLinux-x86.cpp	1056	Endpoint 0x81, Buffer 1, packet 5 Asynch transfer failed (status: -99)
39960547	[WARNING]	XnUSBLinux-x86.cpp	1056	Endpoint 0x81, Buffer 1, packet 6 Asynch transfer failed (status: -99)
39960594	[WARNING]	XnUSBLinux-x86.cpp	1056	Endpoint 0x81, Buffer 1, packet 7 Asynch transfer failed (status: -99)
39960640	[WARNING]	XnUSBLinux-x86.cpp	1056	Endpoint 0x81, Buffer 1, packet 8 Asynch transfer failed (status: -99)
39960687	[WARNING]	XnUSBLinux-x86.cpp	1056	Endpoint 0x81, Buffer 1, packet 9 Asynch transfer failed (status: -99)
39960734	[WARNING]	XnUSBLinux-x86.cpp	1056	Endpoint 0x81, Buffer 1, packet 10 Asynch transfer failed (status: -99)
39960781	[WARNING]	XnUSBLinux-x86.cpp	1056	Endpoint 0x81, Buffer 1, packet 11 Asynch transfer failed (status: -99)
39960828	[WARNING]	XnUSBLinux-x86.cpp	1056	Endpoint 0x81, Buffer 1, packet 12 Asynch transfer failed (status: -99)
39960875	[WARNING]	XnUSBLinux-x86.cpp	1056	Endpoint 0x81, Buffer 1, packet 13 Asynch transfer failed (status: -99)
39960922	[WARNING]	XnUSBLinux-x86.cpp	1056	Endpoint 0x81, Buffer 1, packet 14 Asynch transfer failed (status: -99)
39960969	[WARNING]	XnUSBLinux-x86.cpp	1056	Endpoint 0x81, Buffer 1, packet 15 Asynch transfer failed (status: -99)
40084276	[WARNING]	XnDepthProcessor.cpp	133	Read: Depth buffer is corrupt. Size is 459584 (!= 614400)
40087357	[WARNING]	XnFrameStreamProcessor.cpp	132	Depth frame is corrupt!
40089103	[WARNING]	XnDepthProcessor.cpp	133	Read: Depth buffer is corrupt. Size is 392368 (!= 614400)
40089188	[WARNING]	XnFrameStreamProcessor.cpp	132	Depth frame is corrupt!
40204652	[WARNING]	XnFrameStreamProcessor.cpp	140	Depth Frame Buffer overflow! current size: 612768
40204834	[WARNING]	XnFrameStreamProcessor.cpp	132	Depth frame is corrupt!
40204950	[WARNING]	XnDepthProcessor.cpp	133	Read: Depth buffer is corrupt. Size is 612768 (!= 614400)
40229902	[WARNING]	XnDepthProcessor.cpp	133	Read: Depth buffer is corrupt. Size is 369792 (!= 614400)
40230019	[WARNING]	XnFrameStreamProcessor.cpp	132	Depth frame is corrupt!
40342710	[WARNING]	XnDepthProcessor.cpp	133	Read: Depth buffer is corrupt. Size is 481776 (!= 614400)
40344301	[WARNING]	XnFrameStreamProcessor.cpp	132	Depth frame is corrupt!
40868311	[WARNING]	XnDepthProcessor.cpp	133	Read: Depth buffer is corrupt. Size is 490608 (!= 614400)
40868359	[WARNING]	XnFrameStreamProcessor.cpp	132	Depth frame is corrupt!
40888716	[WARNING]	XnDepthProcessor.cpp	133	Read: Depth buffer is corrupt. Size is 542288 (!= 614400)
40891222	[WARNING]	XnFrameStreamProcessor.cpp	132	Depth frame is corrupt!
