    2268	[INFO]	XnLog.cpp	165	OpenNI version is 1.0.0 (Build 25)-MacOSX (Jan  7 2011 14:20:18)
    2345	[INFO]	XnLog.cpp	173	Log system initialized. Console: 1, File: 1, Severity: INFO, Masks: ALL
    2410	[INFO]	XnLog.cpp	173	Log system initialized. Console: 1, File: 1, Severity: INFO, Masks: ALL
    3879	[INFO]	XnUSBLinux-x86.cpp	98	USB is initialized.
 2017677	[INFO]	XnOpenNI.cpp	1261	Creating node 'Device1' of type Device...
 2018758	[INFO]	XnDeviceModule.cpp	431	Module 'Device' configuration was loaded from file.
 2284664	[INFO]	XnDeviceSensorIO.cpp	135	Connected to USB device
 2284715	[INFO]	XnProperty.cpp	151	Property Device.USBPath was changed to 045e/02ae@36/6.
 2296705	[INFO]	XnHostProtocol.cpp	825	Hardware versions: FW=5.1.4 (7) HW=4 Chip=2 Sensor=4 SYS=7
 3706741	[INFO]	XnProperty.cpp	151	Property Device.ID was changed to 0.
 3706808	[INFO]	XnSensor.cpp	182	Device sensor initialized
 3706941	[INFO]	XnOpenNI.cpp	1261	Creating node 'Depth1' of type Depth...
 3706992	[INFO]	XnDeviceBase.cpp	1383	Creating stream 'Depth1' of type 'Depth'...
 3707016	[INFO]	XnProperty.cpp	74	Setting Device.ReadData to 1...
 3707056	[INFO]	XnDeviceSensorIO.cpp	298	Endpoints open
 3719405	[INFO]	XnProperty.cpp	151	Property Device.ReadData was changed to 1.
 3719462	[INFO]	XnProperty.cpp	101	Device.ReadData was successfully set.
 3719942	[INFO]	XnProperty.cpp	151	Property Depth1.Resolution was changed to 0.
 3719965	[INFO]	XnProperty.cpp	151	Property Depth1.XRes was changed to 320.
 3719982	[INFO]	XnProperty.cpp	151	Property Depth1.YRes was changed to 240.
 3719999	[INFO]	XnProperty.cpp	151	Property Depth1.FPS was changed to 30.
 3720015	[INFO]	XnProperty.cpp	151	Property Depth1.OutputFormat was changed to 1.
 3720031	[INFO]	XnProperty.cpp	151	Property Depth1.BytesPerPixel was changed to 2.
 3720047	[INFO]	XnProperty.cpp	151	Property Depth1.RequiredDataSize was changed to 153600.
 3720066	[INFO]	XnProperty.cpp	151	Property Depth1.ParamCoeff was changed to 4.
 3720132	[INFO]	XnProperty.cpp	151	Property Depth1.ShiftScale was changed to 10.
 3732554	[INFO]	XnProperty.cpp	151	Property Depth1.ConstShift was changed to 200.
 3732653	[INFO]	XnProperty.cpp	151	Property Depth1.ZPD was changed to 120.
 3732754	[INFO]	XnProperty.cpp	151	Property Depth1.ZPPS was changed to 0.104200.
 3732773	[INFO]	XnProperty.cpp	151	Property Depth1.LDDIS was changed to 7.500000.
 3732893	[INFO]	XnProperty.cpp	151	Property Depth1.Gain was changed to 30.
 3732928	[INFO]	XnDeviceBase.cpp	1458	Stream 'Depth1' was initialized.
 3732945	[INFO]	XnDeviceBase.cpp	1463	'Depth1' stream was created.
 3733223	[INFO]	XnProperty.cpp	74	Setting Depth1.InputFormat to 3...
 3733250	[INFO]	XnProperty.cpp	151	Property Depth1.InputFormat was changed to 3.
 3733267	[INFO]	XnProperty.cpp	101	Depth1.InputFormat was successfully set.
 3734099	[INFO]	XnProperty.cpp	74	Setting Depth1.RegistrationType to 2...
 3734122	[INFO]	XnProperty.cpp	151	Property Depth1.RegistrationType was changed to 2.
 3734138	[INFO]	XnProperty.cpp	101	Depth1.RegistrationType was successfully set.
 3734792	[INFO]	XnDeviceModule.cpp	431	Module 'Depth1' configuration was loaded from file.
 3734998	[INFO]	XnProperty.cpp	74	Setting Depth1.FPS to 30...
 3735015	[INFO]	XnProperty.cpp	86	Depth1.FPS value did not change.
 3735030	[INFO]	XnProperty.cpp	74	Setting Depth1.YRes to 480...
 3735048	[INFO]	XnProperty.cpp	151	Property Depth1.Resolution was changed to 1.
 3735064	[INFO]	XnProperty.cpp	151	Property Depth1.XRes was changed to 640.
 3735079	[INFO]	XnProperty.cpp	151	Property Depth1.RequiredDataSize was changed to 307200.
 3735097	[INFO]	XnProperty.cpp	151	Property Depth1.YRes was changed to 480.
 3735112	[INFO]	XnProperty.cpp	151	Property Depth1.RequiredDataSize was changed to 614400.
 3735128	[INFO]	XnProperty.cpp	101	Depth1.YRes was successfully set.
 3735143	[INFO]	XnProperty.cpp	74	Setting Depth1.XRes to 640...
 3735157	[INFO]	XnProperty.cpp	86	Depth1.XRes value did not change.
 3735207	[INFO]	XnProperty.cpp	74	Setting Depth1.Mirror to 1...
 3735223	[INFO]	XnProperty.cpp	151	Property Depth1.FirmwareMirror was changed to 1.
 3735268	[INFO]	XnProperty.cpp	151	Property Depth1.Mirror was changed to 1.
 3735305	[INFO]	XnProperty.cpp	101	Depth1.Mirror was successfully set.
 5736672	[INFO]	XnOpenNI.cpp	1261	Creating node 'User1' of type User...
 5772145	[WARNING]	Linux-x86Threads.cpp	173	Failed to set thread priority: Invalid argument
 5772194	[WARNING]	XnUSBLinux-x86.cpp	126	USB events thread: Failed to set thread priority to critical. This might cause loss of data...
 5773267	[INFO]	XnUSBLinux-x86.cpp	1222	USB read thread was started.
 5773292	[INFO]	XnProperty.cpp	151	Property Depth1.ActualReadData was changed to 1.
 6243049	[INFO]	XnProperty.cpp	151	Property Depth1.State was changed to 1.
 6243104	[INFO]	XnDeviceBase.cpp	370	Stream Depth1 is open.
 8232685	[INFO]	XnOpenNI.cpp	1261	Creating node 'Image1' of type Image...
 8232736	[INFO]	XnDeviceBase.cpp	1383	Creating stream 'Image1' of type 'Image'...
 8232961	[INFO]	XnProperty.cpp	151	Property Image1.Resolution was changed to 0.
 8232983	[INFO]	XnProperty.cpp	151	Property Image1.XRes was changed to 320.
 8232999	[INFO]	XnProperty.cpp	151	Property Image1.YRes was changed to 240.
 8233015	[INFO]	XnProperty.cpp	151	Property Image1.FPS was changed to 30.
 8233030	[INFO]	XnProperty.cpp	151	Property Image1.OutputFormat was changed to 5.
 8233046	[INFO]	XnProperty.cpp	151	Property Image1.BytesPerPixel was changed to 3.
 8233061	[INFO]	XnProperty.cpp	151	Property Image1.RequiredDataSize was changed to 230400.
 8233095	[INFO]	XnDeviceBase.cpp	1458	Stream 'Image1' was initialized.
 8233112	[INFO]	XnDeviceBase.cpp	1463	'Image1' stream was created.
 8233243	[INFO]	XnProperty.cpp	74	Setting Image1.InputFormat to 6...
 8233266	[INFO]	XnProperty.cpp	151	Property Image1.InputFormat was changed to 6.
 8233282	[INFO]	XnProperty.cpp	101	Image1.InputFormat was successfully set.
 8233857	[INFO]	XnDeviceModule.cpp	431	Module 'Image1' configuration was loaded from file.
 8233954	[INFO]	XnProperty.cpp	74	Setting Image1.FPS to 30...
 8233971	[INFO]	XnProperty.cpp	86	Image1.FPS value did not change.
 8233986	[INFO]	XnProperty.cpp	74	Setting Image1.YRes to 480...
 8234002	[INFO]	XnProperty.cpp	151	Property Image1.Resolution was changed to 1.
 8234017	[INFO]	XnProperty.cpp	151	Property Image1.XRes was changed to 640.
 8234032	[INFO]	XnProperty.cpp	151	Property Image1.RequiredDataSize was changed to 460800.
 8234274	[INFO]	XnProperty.cpp	151	Property Image1.YRes was changed to 480.
 8234292	[INFO]	XnProperty.cpp	151	Property Image1.RequiredDataSize was changed to 921600.
 8234307	[INFO]	XnProperty.cpp	101	Image1.YRes was successfully set.
 8234323	[INFO]	XnProperty.cpp	74	Setting Image1.XRes to 640...
 8234337	[INFO]	XnProperty.cpp	86	Image1.XRes value did not change.
 8235553	[INFO]	XnUSBLinux-x86.cpp	1222	USB read thread was started.
 8235580	[INFO]	XnProperty.cpp	151	Property Image1.ActualReadData was changed to 1.
 8417009	[WARNING]	XnFrameStreamProcessor.cpp	140	Depth Frame Buffer overflow! current size: 612768
 8417066	[WARNING]	XnFrameStreamProcessor.cpp	132	Depth frame is corrupt!
 8440981	[WARNING]	XnDepthProcessor.cpp	133	Read: Depth buffer is corrupt. Size is 612768 (!= 614400)
11312928	[WARNING]	XnDepthProcessor.cpp	133	Read: Depth buffer is corrupt. Size is 592912 (!= 614400)
11312971	[WARNING]	XnFrameStreamProcessor.cpp	132	Depth frame is corrupt!
11435725	[INFO]	XnProperty.cpp	151	Property Image1.State was changed to 1.
11435774	[INFO]	XnDeviceBase.cpp	370	Stream Image1 is open.
11436462	[INFO]	XnProperty.cpp	74	Setting Depth1.Registration to 1...
11480882	[WARNING]	XnDepthProcessor.cpp	133	Read: Depth buffer is corrupt. Size is 586752 (!= 614400)
11480941	[WARNING]	XnFrameStreamProcessor.cpp	132	Depth frame is corrupt!
11593983	[INFO]	XnProperty.cpp	151	Property Depth1.Registration was changed to 1.
11594038	[INFO]	XnProperty.cpp	101	Depth1.Registration was successfully set.
11594149	[INFO]	XnProperty.cpp	74	Setting Image1.Mirror to 1...
11606343	[INFO]	XnProperty.cpp	151	Property Image1.FirmwareMirror was changed to 1.
11606377	[INFO]	XnProperty.cpp	151	Property Image1.Mirror was changed to 1.
11606430	[INFO]	XnProperty.cpp	101	Image1.Mirror was successfully set.
23641433	[INFO]	XnOpenNI.cpp	1459	Destroying node 'User1'
23650669	[INFO]	XnOpenNI.cpp	1459	Destroying node 'Depth1'
23650766	[INFO]	XnDeviceBase.cpp	1507	Destroying stream 'Depth1'...
23652465	[INFO]	XnOpenNI.cpp	1459	Destroying node 'Image1'
23652507	[INFO]	XnDeviceBase.cpp	1507	Destroying stream 'Image1'...
23653526	[INFO]	XnOpenNI.cpp	1459	Destroying node 'Device1'
