    1903	[INFO]	XnLog.cpp	165	OpenNI version is 1.0.0 (Build 25)-MacOSX (Jan  7 2011 14:20:18)
    1947	[INFO]	XnLog.cpp	173	Log system initialized. Console: 1, File: 1, Severity: INFO, Masks: ALL
    1978	[INFO]	XnLog.cpp	173	Log system initialized. Console: 1, File: 1, Severity: INFO, Masks: ALL
    3189	[INFO]	XnUSBLinux-x86.cpp	98	USB is initialized.
 2010269	[INFO]	XnOpenNI.cpp	1261	Creating node 'Device1' of type Device...
 2011272	[INFO]	XnDeviceModule.cpp	431	Module 'Device' configuration was loaded from file.
 2278434	[INFO]	XnDeviceSensorIO.cpp	135	Connected to USB device
 2278491	[INFO]	XnProperty.cpp	151	Property Device.USBPath was changed to 045e/02ae@36/6.
 2291270	[INFO]	XnHostProtocol.cpp	825	Hardware versions: FW=5.1.4 (7) HW=4 Chip=2 Sensor=4 SYS=7
 3705214	[INFO]	XnProperty.cpp	151	Property Device.ID was changed to 0.
 3705294	[INFO]	XnSensor.cpp	182	Device sensor initialized
 3705451	[INFO]	XnOpenNI.cpp	1261	Creating node 'Depth1' of type Depth...
 3705550	[INFO]	XnDeviceBase.cpp	1383	Creating stream 'Depth1' of type 'Depth'...
 3705579	[INFO]	XnProperty.cpp	74	Setting Device.ReadData to 1...
 3705622	[INFO]	XnDeviceSensorIO.cpp	298	Endpoints open
 3717978	[INFO]	XnProperty.cpp	151	Property Device.ReadData was changed to 1.
 3718015	[INFO]	XnProperty.cpp	101	Device.ReadData was successfully set.
 3718410	[INFO]	XnProperty.cpp	151	Property Depth1.Resolution was changed to 0.
 3718432	[INFO]	XnProperty.cpp	151	Property Depth1.XRes was changed to 320.
 3718448	[INFO]	XnProperty.cpp	151	Property Depth1.YRes was changed to 240.
 3718464	[INFO]	XnProperty.cpp	151	Property Depth1.FPS was changed to 30.
 3718479	[INFO]	XnProperty.cpp	151	Property Depth1.OutputFormat was changed to 1.
 3718494	[INFO]	XnProperty.cpp	151	Property Depth1.BytesPerPixel was changed to 2.
 3718509	[INFO]	XnProperty.cpp	151	Property Depth1.RequiredDataSize was changed to 153600.
 3718528	[INFO]	XnProperty.cpp	151	Property Depth1.ParamCoeff was changed to 4.
 3718591	[INFO]	XnProperty.cpp	151	Property Depth1.ShiftScale was changed to 10.
 3731042	[INFO]	XnProperty.cpp	151	Property Depth1.ConstShift was changed to 200.
 3731148	[INFO]	XnProperty.cpp	151	Property Depth1.ZPD was changed to 120.
 3731249	[INFO]	XnProperty.cpp	151	Property Depth1.ZPPS was changed to 0.104200.
 3731269	[INFO]	XnProperty.cpp	151	Property Depth1.LDDIS was changed to 7.500000.
 3731388	[INFO]	XnProperty.cpp	151	Property Depth1.Gain was changed to 30.
 3731423	[INFO]	XnDeviceBase.cpp	1458	Stream 'Depth1' was initialized.
 3731439	[INFO]	XnDeviceBase.cpp	1463	'Depth1' stream was created.
 3731646	[INFO]	XnProperty.cpp	74	Setting Depth1.InputFormat to 3...
 3731670	[INFO]	XnProperty.cpp	151	Property Depth1.InputFormat was changed to 3.
 3731686	[INFO]	XnProperty.cpp	101	Depth1.InputFormat was successfully set.
 3732299	[INFO]	XnProperty.cpp	74	Setting Depth1.RegistrationType to 2...
 3732318	[INFO]	XnProperty.cpp	151	Property Depth1.RegistrationType was changed to 2.
 3732333	[INFO]	XnProperty.cpp	101	Depth1.RegistrationType was successfully set.
 3732979	[INFO]	XnDeviceModule.cpp	431	Module 'Depth1' configuration was loaded from file.
 3733172	[INFO]	XnProperty.cpp	74	Setting Depth1.FPS to 30...
 3733189	[INFO]	XnProperty.cpp	86	Depth1.FPS value did not change.
 3733206	[INFO]	XnProperty.cpp	74	Setting Depth1.YRes to 480...
 3733224	[INFO]	XnProperty.cpp	151	Property Depth1.Resolution was changed to 1.
 3733243	[INFO]	XnProperty.cpp	151	Property Depth1.XRes was changed to 640.
 3733259	[INFO]	XnProperty.cpp	151	Property Depth1.RequiredDataSize was changed to 307200.
 3733276	[INFO]	XnProperty.cpp	151	Property Depth1.YRes was changed to 480.
 3733291	[INFO]	XnProperty.cpp	151	Property Depth1.RequiredDataSize was changed to 614400.
 3733307	[INFO]	XnProperty.cpp	101	Depth1.YRes was successfully set.
 3733323	[INFO]	XnProperty.cpp	74	Setting Depth1.XRes to 640...
 3733337	[INFO]	XnProperty.cpp	86	Depth1.XRes value did not change.
 3733387	[INFO]	XnProperty.cpp	74	Setting Depth1.Mirror to 1...
 3733404	[INFO]	XnProperty.cpp	151	Property Depth1.FirmwareMirror was changed to 1.
 3733452	[INFO]	XnProperty.cpp	151	Property Depth1.Mirror was changed to 1.
 3733467	[INFO]	XnProperty.cpp	101	Depth1.Mirror was successfully set.
 5738558	[INFO]	XnOpenNI.cpp	1261	Creating node 'User1' of type User...
 5772904	[WARNING]	Linux-x86Threads.cpp	173	Failed to set thread priority: Invalid argument
 5772948	[WARNING]	XnUSBLinux-x86.cpp	126	USB events thread: Failed to set thread priority to critical. This might cause loss of data...
 5774080	[INFO]	XnUSBLinux-x86.cpp	1222	USB read thread was started.
 5774105	[INFO]	XnProperty.cpp	151	Property Depth1.ActualReadData was changed to 1.
 6244432	[INFO]	XnProperty.cpp	151	Property Depth1.State was changed to 1.
 6244488	[INFO]	XnDeviceBase.cpp	370	Stream Depth1 is open.
 8232443	[INFO]	XnOpenNI.cpp	1261	Creating node 'Image1' of type Image...
 8232492	[INFO]	XnDeviceBase.cpp	1383	Creating stream 'Image1' of type 'Image'...
 8232737	[INFO]	XnProperty.cpp	151	Property Image1.Resolution was changed to 0.
 8232819	[INFO]	XnProperty.cpp	151	Property Image1.XRes was changed to 320.
 8232872	[INFO]	XnProperty.cpp	151	Property Image1.YRes was changed to 240.
 8232923	[INFO]	XnProperty.cpp	151	Property Image1.FPS was changed to 30.
 8232972	[INFO]	XnProperty.cpp	151	Property Image1.OutputFormat was changed to 5.
 8233028	[INFO]	XnProperty.cpp	151	Property Image1.BytesPerPixel was changed to 3.
 8233079	[INFO]	XnProperty.cpp	151	Property Image1.RequiredDataSize was changed to 230400.
 8233149	[INFO]	XnDeviceBase.cpp	1458	Stream 'Image1' was initialized.
 8233199	[INFO]	XnDeviceBase.cpp	1463	'Image1' stream was created.
 8233349	[INFO]	XnProperty.cpp	74	Setting Image1.InputFormat to 6...
 8233406	[INFO]	XnProperty.cpp	151	Property Image1.InputFormat was changed to 6.
 8233454	[INFO]	XnProperty.cpp	101	Image1.InputFormat was successfully set.
 8234412	[INFO]	XnDeviceModule.cpp	431	Module 'Image1' configuration was loaded from file.
 8234586	[INFO]	XnProperty.cpp	74	Setting Image1.FPS to 30...
 8234637	[INFO]	XnProperty.cpp	86	Image1.FPS value did not change.
 8234688	[INFO]	XnProperty.cpp	74	Setting Image1.YRes to 480...
 8234737	[INFO]	XnProperty.cpp	151	Property Image1.Resolution was changed to 1.
 8234787	[INFO]	XnProperty.cpp	151	Property Image1.XRes was changed to 640.
 8234805	[INFO]	XnProperty.cpp	151	Property Image1.RequiredDataSize was changed to 460800.
 8234992	[INFO]	XnProperty.cpp	151	Property Image1.YRes was changed to 480.
 8235054	[INFO]	XnProperty.cpp	151	Property Image1.RequiredDataSize was changed to 921600.
 8235106	[INFO]	XnProperty.cpp	101	Image1.YRes was successfully set.
 8235177	[INFO]	XnProperty.cpp	74	Setting Image1.XRes to 640...
 8235224	[INFO]	XnProperty.cpp	86	Image1.XRes value did not change.
 8236485	[INFO]	XnUSBLinux-x86.cpp	1222	USB read thread was started.
 8236562	[INFO]	XnProperty.cpp	151	Property Image1.ActualReadData was changed to 1.
 8409668	[WARNING]	XnDepthProcessor.cpp	133	Read: Depth buffer is corrupt. Size is 548960 (!= 614400)
 8409715	[WARNING]	XnFrameStreamProcessor.cpp	132	Depth frame is corrupt!
11313520	[WARNING]	XnDepthProcessor.cpp	133	Read: Depth buffer is corrupt. Size is 594864 (!= 614400)
11313571	[WARNING]	XnFrameStreamProcessor.cpp	132	Depth frame is corrupt!
11436327	[INFO]	XnProperty.cpp	151	Property Image1.State was changed to 1.
11436391	[INFO]	XnDeviceBase.cpp	370	Stream Image1 is open.
11437166	[INFO]	XnProperty.cpp	74	Setting Depth1.Registration to 1...
11481489	[WARNING]	XnDepthProcessor.cpp	133	Read: Depth buffer is corrupt. Size is 593088 (!= 614400)
11481544	[WARNING]	XnFrameStreamProcessor.cpp	132	Depth frame is corrupt!
11595075	[INFO]	XnProperty.cpp	151	Property Depth1.Registration was changed to 1.
11595130	[INFO]	XnProperty.cpp	101	Depth1.Registration was successfully set.
11595240	[INFO]	XnProperty.cpp	74	Setting Image1.Mirror to 1...
11607703	[INFO]	XnProperty.cpp	151	Property Image1.FirmwareMirror was changed to 1.
11607751	[INFO]	XnProperty.cpp	151	Property Image1.Mirror was changed to 1.
11607781	[INFO]	XnProperty.cpp	101	Image1.Mirror was successfully set.
66842985	[INFO]	XnOpenNI.cpp	1459	Destroying node 'User1'
66853265	[INFO]	XnOpenNI.cpp	1459	Destroying node 'Depth1'
66853378	[INFO]	XnDeviceBase.cpp	1507	Destroying stream 'Depth1'...
66855026	[INFO]	XnOpenNI.cpp	1459	Destroying node 'Image1'
66855067	[INFO]	XnDeviceBase.cpp	1507	Destroying stream 'Image1'...
66856151	[INFO]	XnOpenNI.cpp	1459	Destroying node 'Device1'
