    1678	[INFO]	XnLog.cpp	165	OpenNI version is 1.0.0 (Build 25)-MacOSX (Jan  7 2011 14:20:18)
    1722	[INFO]	XnLog.cpp	173	Log system initialized. Console: 1, File: 1, Severity: INFO, Masks: ALL
    1753	[INFO]	XnLog.cpp	173	Log system initialized. Console: 1, File: 1, Severity: INFO, Masks: ALL
    3172	[INFO]	XnUSBLinux-x86.cpp	98	USB is initialized.
 2003351	[INFO]	XnOpenNI.cpp	1261	Creating node 'Device1' of type Device...
 2004385	[INFO]	XnDeviceModule.cpp	431	Module 'Device' configuration was loaded from file.
 2269162	[INFO]	XnDeviceSensorIO.cpp	135	Connected to USB device
 2269212	[INFO]	XnProperty.cpp	151	Property Device.USBPath was changed to 045e/02ae@36/6.
 2281290	[INFO]	XnHostProtocol.cpp	825	Hardware versions: FW=5.1.4 (7) HW=4 Chip=2 Sensor=4 SYS=7
 3692481	[INFO]	XnProperty.cpp	151	Property Device.ID was changed to 0.
 3692559	[INFO]	XnSensor.cpp	182	Device sensor initialized
 3692736	[INFO]	XnOpenNI.cpp	1261	Creating node 'Depth1' of type Depth...
 3692835	[INFO]	XnDeviceBase.cpp	1383	Creating stream 'Depth1' of type 'Depth'...
 3692865	[INFO]	XnProperty.cpp	74	Setting Device.ReadData to 1...
 3692908	[INFO]	XnDeviceSensorIO.cpp	298	Endpoints open
 3705201	[INFO]	XnProperty.cpp	151	Property Device.ReadData was changed to 1.
 3705250	[INFO]	XnProperty.cpp	101	Device.ReadData was successfully set.
 3705793	[INFO]	XnProperty.cpp	151	Property Depth1.Resolution was changed to 0.
 3705819	[INFO]	XnProperty.cpp	151	Property Depth1.XRes was changed to 320.
 3705837	[INFO]	XnProperty.cpp	151	Property Depth1.YRes was changed to 240.
 3705853	[INFO]	XnProperty.cpp	151	Property Depth1.FPS was changed to 30.
 3705869	[INFO]	XnProperty.cpp	151	Property Depth1.OutputFormat was changed to 1.
 3705885	[INFO]	XnProperty.cpp	151	Property Depth1.BytesPerPixel was changed to 2.
 3705901	[INFO]	XnProperty.cpp	151	Property Depth1.RequiredDataSize was changed to 153600.
 3705921	[INFO]	XnProperty.cpp	151	Property Depth1.ParamCoeff was changed to 4.
 3705987	[INFO]	XnProperty.cpp	151	Property Depth1.ShiftScale was changed to 10.
 3718370	[INFO]	XnProperty.cpp	151	Property Depth1.ConstShift was changed to 200.
 3718497	[INFO]	XnProperty.cpp	151	Property Depth1.ZPD was changed to 120.
 3718634	[INFO]	XnProperty.cpp	151	Property Depth1.ZPPS was changed to 0.104200.
 3718689	[INFO]	XnProperty.cpp	151	Property Depth1.LDDIS was changed to 7.500000.
 3718824	[INFO]	XnProperty.cpp	151	Property Depth1.Gain was changed to 30.
 3718860	[INFO]	XnDeviceBase.cpp	1458	Stream 'Depth1' was initialized.
 3718876	[INFO]	XnDeviceBase.cpp	1463	'Depth1' stream was created.
 3719129	[INFO]	XnProperty.cpp	74	Setting Depth1.InputFormat to 3...
 3719153	[INFO]	XnProperty.cpp	151	Property Depth1.InputFormat was changed to 3.
 3719169	[INFO]	XnProperty.cpp	101	Depth1.InputFormat was successfully set.
 3719803	[INFO]	XnProperty.cpp	74	Setting Depth1.RegistrationType to 2...
 3719832	[INFO]	XnProperty.cpp	151	Property Depth1.RegistrationType was changed to 2.
 3719847	[INFO]	XnProperty.cpp	101	Depth1.RegistrationType was successfully set.
 3720502	[INFO]	XnDeviceModule.cpp	431	Module 'Depth1' configuration was loaded from file.
 3720699	[INFO]	XnProperty.cpp	74	Setting Depth1.FPS to 30...
 3720716	[INFO]	XnProperty.cpp	86	Depth1.FPS value did not change.
 3720731	[INFO]	XnProperty.cpp	74	Setting Depth1.YRes to 480...
 3720749	[INFO]	XnProperty.cpp	151	Property Depth1.Resolution was changed to 1.
 3720765	[INFO]	XnProperty.cpp	151	Property Depth1.XRes was changed to 640.
 3720785	[INFO]	XnProperty.cpp	151	Property Depth1.RequiredDataSize was changed to 307200.
 3720802	[INFO]	XnProperty.cpp	151	Property Depth1.YRes was changed to 480.
 3720817	[INFO]	XnProperty.cpp	151	Property Depth1.RequiredDataSize was changed to 614400.
 3720833	[INFO]	XnProperty.cpp	101	Depth1.YRes was successfully set.
 3720848	[INFO]	XnProperty.cpp	74	Setting Depth1.XRes to 640...
 3720862	[INFO]	XnProperty.cpp	86	Depth1.XRes value did not change.
 3720910	[INFO]	XnProperty.cpp	74	Setting Depth1.Mirror to 1...
 3720927	[INFO]	XnProperty.cpp	151	Property Depth1.FirmwareMirror was changed to 1.
 3720972	[INFO]	XnProperty.cpp	151	Property Depth1.Mirror was changed to 1.
 3720988	[INFO]	XnProperty.cpp	101	Depth1.Mirror was successfully set.
 5718300	[INFO]	XnOpenNI.cpp	1261	Creating node 'User1' of type User...
 5752356	[WARNING]	Linux-x86Threads.cpp	173	Failed to set thread priority: Invalid argument
 5752402	[WARNING]	XnUSBLinux-x86.cpp	126	USB events thread: Failed to set thread priority to critical. This might cause loss of data...
 5753520	[INFO]	XnUSBLinux-x86.cpp	1222	USB read thread was started.
 5753544	[INFO]	XnProperty.cpp	151	Property Depth1.ActualReadData was changed to 1.
 6223446	[INFO]	XnProperty.cpp	151	Property Depth1.State was changed to 1.
 6223500	[INFO]	XnDeviceBase.cpp	370	Stream Depth1 is open.
 8209881	[INFO]	XnOpenNI.cpp	1261	Creating node 'Image1' of type Image...
 8209931	[INFO]	XnDeviceBase.cpp	1383	Creating stream 'Image1' of type 'Image'...
 8210132	[INFO]	XnProperty.cpp	151	Property Image1.Resolution was changed to 0.
 8210151	[INFO]	XnProperty.cpp	151	Property Image1.XRes was changed to 320.
 8210167	[INFO]	XnProperty.cpp	151	Property Image1.YRes was changed to 240.
 8210183	[INFO]	XnProperty.cpp	151	Property Image1.FPS was changed to 30.
 8210198	[INFO]	XnProperty.cpp	151	Property Image1.OutputFormat was changed to 5.
 8210213	[INFO]	XnProperty.cpp	151	Property Image1.BytesPerPixel was changed to 3.
 8210228	[INFO]	XnProperty.cpp	151	Property Image1.RequiredDataSize was changed to 230400.
 8210263	[INFO]	XnDeviceBase.cpp	1458	Stream 'Image1' was initialized.
 8210279	[INFO]	XnDeviceBase.cpp	1463	'Image1' stream was created.
 8210403	[INFO]	XnProperty.cpp	74	Setting Image1.InputFormat to 6...
 8210427	[INFO]	XnProperty.cpp	151	Property Image1.InputFormat was changed to 6.
 8210444	[INFO]	XnProperty.cpp	101	Image1.InputFormat was successfully set.
 8211019	[INFO]	XnDeviceModule.cpp	431	Module 'Image1' configuration was loaded from file.
 8211103	[INFO]	XnProperty.cpp	74	Setting Image1.FPS to 30...
 8211119	[INFO]	XnProperty.cpp	86	Image1.FPS value did not change.
 8211134	[INFO]	XnProperty.cpp	74	Setting Image1.YRes to 480...
 8211150	[INFO]	XnProperty.cpp	151	Property Image1.Resolution was changed to 1.
 8211164	[INFO]	XnProperty.cpp	151	Property Image1.XRes was changed to 640.
 8211179	[INFO]	XnProperty.cpp	151	Property Image1.RequiredDataSize was changed to 460800.
 8211195	[INFO]	XnProperty.cpp	151	Property Image1.YRes was changed to 480.
 8211210	[INFO]	XnProperty.cpp	151	Property Image1.RequiredDataSize was changed to 921600.
 8211226	[INFO]	XnProperty.cpp	101	Image1.YRes was successfully set.
 8211241	[INFO]	XnProperty.cpp	74	Setting Image1.XRes to 640...
 8211255	[INFO]	XnProperty.cpp	86	Image1.XRes value did not change.
 8212346	[INFO]	XnUSBLinux-x86.cpp	1222	USB read thread was started.
 8212367	[INFO]	XnProperty.cpp	151	Property Image1.ActualReadData was changed to 1.
 8389224	[WARNING]	XnDepthProcessor.cpp	133	Read: Depth buffer is corrupt. Size is 540720 (!= 614400)
 8389270	[WARNING]	XnFrameStreamProcessor.cpp	132	Depth frame is corrupt!
 8425159	[WARNING]	XnDepthProcessor.cpp	133	Read: Depth buffer is corrupt. Size is 598288 (!= 614400)
 8425216	[WARNING]	XnFrameStreamProcessor.cpp	132	Depth frame is corrupt!
11412512	[INFO]	XnProperty.cpp	151	Property Image1.State was changed to 1.
11412571	[INFO]	XnDeviceBase.cpp	370	Stream Image1 is open.
11413268	[INFO]	XnProperty.cpp	74	Setting Depth1.Registration to 1...
11461064	[WARNING]	XnDepthProcessor.cpp	133	Read: Depth buffer is corrupt. Size is 586064 (!= 614400)
11461121	[WARNING]	XnFrameStreamProcessor.cpp	132	Depth frame is corrupt!
11571129	[INFO]	XnProperty.cpp	151	Property Depth1.Registration was changed to 1.
11571183	[INFO]	XnProperty.cpp	101	Depth1.Registration was successfully set.
11571294	[INFO]	XnProperty.cpp	74	Setting Image1.Mirror to 1...
11583623	[INFO]	XnProperty.cpp	151	Property Image1.FirmwareMirror was changed to 1.
11583656	[INFO]	XnProperty.cpp	151	Property Image1.Mirror was changed to 1.
11583672	[INFO]	XnProperty.cpp	101	Image1.Mirror was successfully set.
56725441	[INFO]	XnOpenNI.cpp	1459	Destroying node 'User1'
56735400	[INFO]	XnOpenNI.cpp	1459	Destroying node 'Depth1'
56735498	[INFO]	XnDeviceBase.cpp	1507	Destroying stream 'Depth1'...
56737225	[INFO]	XnOpenNI.cpp	1459	Destroying node 'Image1'
56737266	[INFO]	XnDeviceBase.cpp	1507	Destroying stream 'Image1'...
56739990	[INFO]	XnOpenNI.cpp	1459	Destroying node 'Device1'
