    2313	[INFO]	XnLog.cpp	165	OpenNI version is 1.0.0 (Build 25)-MacOSX (Jan  7 2011 14:20:18)
    2362	[INFO]	XnLog.cpp	173	Log system initialized. Console: 1, File: 1, Severity: INFO, Masks: ALL
    2392	[INFO]	XnLog.cpp	173	Log system initialized. Console: 1, File: 1, Severity: INFO, Masks: ALL
    3907	[INFO]	XnUSBLinux-x86.cpp	98	USB is initialized.
 2001751	[INFO]	XnOpenNI.cpp	1261	Creating node 'Device1' of type Device...
 2006223	[INFO]	XnDeviceModule.cpp	431	Module 'Device' configuration was loaded from file.
 2269754	[INFO]	XnDeviceSensorIO.cpp	135	Connected to USB device
 2269805	[INFO]	XnProperty.cpp	151	Property Device.USBPath was changed to 045e/02ae@36/6.
 2281947	[INFO]	XnHostProtocol.cpp	825	Hardware versions: FW=5.1.4 (7) HW=4 Chip=2 Sensor=4 SYS=7
 3691601	[INFO]	XnProperty.cpp	151	Property Device.ID was changed to 0.
 3691679	[INFO]	XnSensor.cpp	182	Device sensor initialized
 3691830	[INFO]	XnOpenNI.cpp	1261	Creating node 'Depth1' of type Depth...
 3691927	[INFO]	XnDeviceBase.cpp	1383	Creating stream 'Depth1' of type 'Depth'...
 3691956	[INFO]	XnProperty.cpp	74	Setting Device.ReadData to 1...
 3691999	[INFO]	XnDeviceSensorIO.cpp	298	Endpoints open
 3704741	[INFO]	XnProperty.cpp	151	Property Device.ReadData was changed to 1.
 3704804	[INFO]	XnProperty.cpp	101	Device.ReadData was successfully set.
 3705429	[INFO]	XnProperty.cpp	151	Property Depth1.Resolution was changed to 0.
 3705505	[INFO]	XnProperty.cpp	151	Property Depth1.XRes was changed to 320.
 3705525	[INFO]	XnProperty.cpp	151	Property Depth1.YRes was changed to 240.
 3705542	[INFO]	XnProperty.cpp	151	Property Depth1.FPS was changed to 30.
 3705558	[INFO]	XnProperty.cpp	151	Property Depth1.OutputFormat was changed to 1.
 3705574	[INFO]	XnProperty.cpp	151	Property Depth1.BytesPerPixel was changed to 2.
 3705590	[INFO]	XnProperty.cpp	151	Property Depth1.RequiredDataSize was changed to 153600.
 3705617	[INFO]	XnProperty.cpp	151	Property Depth1.ParamCoeff was changed to 4.
 3705699	[INFO]	XnProperty.cpp	151	Property Depth1.ShiftScale was changed to 10.
 3718079	[INFO]	XnProperty.cpp	151	Property Depth1.ConstShift was changed to 200.
 3718181	[INFO]	XnProperty.cpp	151	Property Depth1.ZPD was changed to 120.
 3718341	[INFO]	XnProperty.cpp	151	Property Depth1.ZPPS was changed to 0.104200.
 3718365	[INFO]	XnProperty.cpp	151	Property Depth1.LDDIS was changed to 7.500000.
 3718481	[INFO]	XnProperty.cpp	151	Property Depth1.Gain was changed to 30.
 3718517	[INFO]	XnDeviceBase.cpp	1458	Stream 'Depth1' was initialized.
 3718534	[INFO]	XnDeviceBase.cpp	1463	'Depth1' stream was created.
 3718735	[INFO]	XnProperty.cpp	74	Setting Depth1.InputFormat to 3...
 3718759	[INFO]	XnProperty.cpp	151	Property Depth1.InputFormat was changed to 3.
 3718775	[INFO]	XnProperty.cpp	101	Depth1.InputFormat was successfully set.
 3719396	[INFO]	XnProperty.cpp	74	Setting Depth1.RegistrationType to 2...
 3719415	[INFO]	XnProperty.cpp	151	Property Depth1.RegistrationType was changed to 2.
 3719430	[INFO]	XnProperty.cpp	101	Depth1.RegistrationType was successfully set.
 3720086	[INFO]	XnDeviceModule.cpp	431	Module 'Depth1' configuration was loaded from file.
 3720290	[INFO]	XnProperty.cpp	74	Setting Depth1.FPS to 30...
 3720307	[INFO]	XnProperty.cpp	86	Depth1.FPS value did not change.
 3720322	[INFO]	XnProperty.cpp	74	Setting Depth1.YRes to 480...
 3720339	[INFO]	XnProperty.cpp	151	Property Depth1.Resolution was changed to 1.
 3720356	[INFO]	XnProperty.cpp	151	Property Depth1.XRes was changed to 640.
 3720371	[INFO]	XnProperty.cpp	151	Property Depth1.RequiredDataSize was changed to 307200.
 3720413	[INFO]	XnProperty.cpp	151	Property Depth1.YRes was changed to 480.
 3720434	[INFO]	XnProperty.cpp	151	Property Depth1.RequiredDataSize was changed to 614400.
 3720451	[INFO]	XnProperty.cpp	101	Depth1.YRes was successfully set.
 3720469	[INFO]	XnProperty.cpp	74	Setting Depth1.XRes to 640...
 3720483	[INFO]	XnProperty.cpp	86	Depth1.XRes value did not change.
 3720534	[INFO]	XnProperty.cpp	74	Setting Depth1.Mirror to 1...
 3720551	[INFO]	XnProperty.cpp	151	Property Depth1.FirmwareMirror was changed to 1.
 3720665	[INFO]	XnProperty.cpp	151	Property Depth1.Mirror was changed to 1.
 3720681	[INFO]	XnProperty.cpp	101	Depth1.Mirror was successfully set.
 5713676	[INFO]	XnOpenNI.cpp	1261	Creating node 'User1' of type User...
 5747094	[WARNING]	Linux-x86Threads.cpp	173	Failed to set thread priority: Invalid argument
 5747142	[WARNING]	XnUSBLinux-x86.cpp	126	USB events thread: Failed to set thread priority to critical. This might cause loss of data...
 5748292	[INFO]	XnUSBLinux-x86.cpp	1222	USB read thread was started.
 5748320	[INFO]	XnProperty.cpp	151	Property Depth1.ActualReadData was changed to 1.
 6218170	[INFO]	XnProperty.cpp	151	Property Depth1.State was changed to 1.
 6218223	[INFO]	XnDeviceBase.cpp	370	Stream Depth1 is open.
 8533318	[INFO]	XnOpenNI.cpp	1261	Creating node 'Image1' of type Image...
 8533369	[INFO]	XnDeviceBase.cpp	1383	Creating stream 'Image1' of type 'Image'...
 8533578	[INFO]	XnProperty.cpp	151	Property Image1.Resolution was changed to 0.
 8533599	[INFO]	XnProperty.cpp	151	Property Image1.XRes was changed to 320.
 8533615	[INFO]	XnProperty.cpp	151	Property Image1.YRes was changed to 240.
 8533631	[INFO]	XnProperty.cpp	151	Property Image1.FPS was changed to 30.
 8533646	[INFO]	XnProperty.cpp	151	Property Image1.OutputFormat was changed to 5.
 8533661	[INFO]	XnProperty.cpp	151	Property Image1.BytesPerPixel was changed to 3.
 8533676	[INFO]	XnProperty.cpp	151	Property Image1.RequiredDataSize was changed to 230400.
 8533711	[INFO]	XnDeviceBase.cpp	1458	Stream 'Image1' was initialized.
 8533727	[INFO]	XnDeviceBase.cpp	1463	'Image1' stream was created.
 8533853	[INFO]	XnProperty.cpp	74	Setting Image1.InputFormat to 6...
 8533877	[INFO]	XnProperty.cpp	151	Property Image1.InputFormat was changed to 6.
 8533892	[INFO]	XnProperty.cpp	101	Image1.InputFormat was successfully set.
 8534473	[INFO]	XnDeviceModule.cpp	431	Module 'Image1' configuration was loaded from file.
 8534561	[INFO]	XnProperty.cpp	74	Setting Image1.FPS to 30...
 8534578	[INFO]	XnProperty.cpp	86	Image1.FPS value did not change.
 8534593	[INFO]	XnProperty.cpp	74	Setting Image1.YRes to 480...
 8534608	[INFO]	XnProperty.cpp	151	Property Image1.Resolution was changed to 1.
 8534623	[INFO]	XnProperty.cpp	151	Property Image1.XRes was changed to 640.
 8534638	[INFO]	XnProperty.cpp	151	Property Image1.RequiredDataSize was changed to 460800.
 8535080	[INFO]	XnProperty.cpp	151	Property Image1.YRes was changed to 480.
 8535100	[INFO]	XnProperty.cpp	151	Property Image1.RequiredDataSize was changed to 921600.
 8535116	[INFO]	XnProperty.cpp	101	Image1.YRes was successfully set.
 8535132	[INFO]	XnProperty.cpp	74	Setting Image1.XRes to 640...
 8535146	[INFO]	XnProperty.cpp	86	Image1.XRes value did not change.
 8536416	[INFO]	XnUSBLinux-x86.cpp	1222	USB read thread was started.
 8536445	[INFO]	XnProperty.cpp	151	Property Image1.ActualReadData was changed to 1.
 8719634	[WARNING]	XnDepthProcessor.cpp	133	Read: Depth buffer is corrupt. Size is 514208 (!= 614400)
 8719685	[WARNING]	XnFrameStreamProcessor.cpp	132	Depth frame is corrupt!
11737346	[INFO]	XnProperty.cpp	151	Property Image1.State was changed to 1.
11737389	[INFO]	XnDeviceBase.cpp	370	Stream Image1 is open.
11738065	[INFO]	XnProperty.cpp	74	Setting Depth1.Registration to 1...
11787533	[WARNING]	XnDepthProcessor.cpp	133	Read: Depth buffer is corrupt. Size is 588976 (!= 614400)
11787575	[WARNING]	XnFrameStreamProcessor.cpp	132	Depth frame is corrupt!
11894548	[INFO]	XnProperty.cpp	151	Property Depth1.Registration was changed to 1.
11894600	[INFO]	XnProperty.cpp	101	Depth1.Registration was successfully set.
11894723	[INFO]	XnProperty.cpp	74	Setting Image1.Mirror to 1...
11907040	[INFO]	XnProperty.cpp	151	Property Image1.FirmwareMirror was changed to 1.
11907080	[INFO]	XnProperty.cpp	151	Property Image1.Mirror was changed to 1.
11907097	[INFO]	XnProperty.cpp	101	Image1.Mirror was successfully set.
39993984	[INFO]	XnOpenNI.cpp	1459	Destroying node 'User1'
40003129	[INFO]	XnOpenNI.cpp	1459	Destroying node 'Depth1'
40003484	[INFO]	XnDeviceBase.cpp	1507	Destroying stream 'Depth1'...
40005100	[INFO]	XnOpenNI.cpp	1459	Destroying node 'Image1'
40005301	[INFO]	XnDeviceBase.cpp	1507	Destroying stream 'Image1'...
40007618	[INFO]	XnOpenNI.cpp	1459	Destroying node 'Device1'
