    1846	[INFO]	XnLog.cpp	165	OpenNI version is 1.0.0 (Build 25)-MacOSX (Jan  7 2011 14:20:18)
    1889	[INFO]	XnLog.cpp	173	Log system initialized. Console: 1, File: 1, Severity: INFO, Masks: ALL
    1920	[INFO]	XnLog.cpp	173	Log system initialized. Console: 1, File: 1, Severity: INFO, Masks: ALL
    3127	[INFO]	XnUSBLinux-x86.cpp	98	USB is initialized.
 1996891	[INFO]	XnOpenNI.cpp	1261	Creating node 'Device1' of type Device...
 1997941	[INFO]	XnDeviceModule.cpp	431	Module 'Device' configuration was loaded from file.
 2262356	[INFO]	XnDeviceSensorIO.cpp	135	Connected to USB device
 2262408	[INFO]	XnProperty.cpp	151	Property Device.USBPath was changed to 045e/02ae@36/6.
 2273908	[INFO]	XnHostProtocol.cpp	825	Hardware versions: FW=5.1.4 (7) HW=4 Chip=2 Sensor=4 SYS=7
 3682064	[INFO]	XnProperty.cpp	151	Property Device.ID was changed to 0.
 3682127	[INFO]	XnSensor.cpp	182	Device sensor initialized
 3682250	[INFO]	XnOpenNI.cpp	1261	Creating node 'Depth1' of type Depth...
 3682296	[INFO]	XnDeviceBase.cpp	1383	Creating stream 'Depth1' of type 'Depth'...
 3682317	[INFO]	XnProperty.cpp	74	Setting Device.ReadData to 1...
 3682354	[INFO]	XnDeviceSensorIO.cpp	298	Endpoints open
 3694550	[INFO]	XnProperty.cpp	151	Property Device.ReadData was changed to 1.
 3694606	[INFO]	XnProperty.cpp	101	Device.ReadData was successfully set.
 3695053	[INFO]	XnProperty.cpp	151	Property Depth1.Resolution was changed to 0.
 3695075	[INFO]	XnProperty.cpp	151	Property Depth1.XRes was changed to 320.
 3695091	[INFO]	XnProperty.cpp	151	Property Depth1.YRes was changed to 240.
 3695107	[INFO]	XnProperty.cpp	151	Property Depth1.FPS was changed to 30.
 3695122	[INFO]	XnProperty.cpp	151	Property Depth1.OutputFormat was changed to 1.
 3695137	[INFO]	XnProperty.cpp	151	Property Depth1.BytesPerPixel was changed to 2.
 3695152	[INFO]	XnProperty.cpp	151	Property Depth1.RequiredDataSize was changed to 153600.
 3695171	[INFO]	XnProperty.cpp	151	Property Depth1.ParamCoeff was changed to 4.
 3695234	[INFO]	XnProperty.cpp	151	Property Depth1.ShiftScale was changed to 10.
 3707627	[INFO]	XnProperty.cpp	151	Property Depth1.ConstShift was changed to 200.
 3707728	[INFO]	XnProperty.cpp	151	Property Depth1.ZPD was changed to 120.
 3707829	[INFO]	XnProperty.cpp	151	Property Depth1.ZPPS was changed to 0.104200.
 3707849	[INFO]	XnProperty.cpp	151	Property Depth1.LDDIS was changed to 7.500000.
 3707963	[INFO]	XnProperty.cpp	151	Property Depth1.Gain was changed to 30.
 3707998	[INFO]	XnDeviceBase.cpp	1458	Stream 'Depth1' was initialized.
 3708015	[INFO]	XnDeviceBase.cpp	1463	'Depth1' stream was created.
 3708203	[INFO]	XnProperty.cpp	74	Setting Depth1.InputFormat to 3...
 3708227	[INFO]	XnProperty.cpp	151	Property Depth1.InputFormat was changed to 3.
 3708243	[INFO]	XnProperty.cpp	101	Depth1.InputFormat was successfully set.
 3708863	[INFO]	XnProperty.cpp	74	Setting Depth1.RegistrationType to 2...
 3708881	[INFO]	XnProperty.cpp	151	Property Depth1.RegistrationType was changed to 2.
 3708896	[INFO]	XnProperty.cpp	101	Depth1.RegistrationType was successfully set.
 3709546	[INFO]	XnDeviceModule.cpp	431	Module 'Depth1' configuration was loaded from file.
 3709725	[INFO]	XnProperty.cpp	74	Setting Depth1.FPS to 30...
 3709742	[INFO]	XnProperty.cpp	86	Depth1.FPS value did not change.
 3709757	[INFO]	XnProperty.cpp	74	Setting Depth1.YRes to 480...
 3709778	[INFO]	XnProperty.cpp	151	Property Depth1.Resolution was changed to 1.
 3709794	[INFO]	XnProperty.cpp	151	Property Depth1.XRes was changed to 640.
 3709810	[INFO]	XnProperty.cpp	151	Property Depth1.RequiredDataSize was changed to 307200.
 3709827	[INFO]	XnProperty.cpp	151	Property Depth1.YRes was changed to 480.
 3709842	[INFO]	XnProperty.cpp	151	Property Depth1.RequiredDataSize was changed to 614400.
 3709858	[INFO]	XnProperty.cpp	101	Depth1.YRes was successfully set.
 3709874	[INFO]	XnProperty.cpp	74	Setting Depth1.XRes to 640...
 3709887	[INFO]	XnProperty.cpp	86	Depth1.XRes value did not change.
 3709936	[INFO]	XnProperty.cpp	74	Setting Depth1.Mirror to 1...
 3709953	[INFO]	XnProperty.cpp	151	Property Depth1.FirmwareMirror was changed to 1.
 3710003	[INFO]	XnProperty.cpp	151	Property Depth1.Mirror was changed to 1.
 3710017	[INFO]	XnProperty.cpp	101	Depth1.Mirror was successfully set.
 5701592	[INFO]	XnOpenNI.cpp	1261	Creating node 'User1' of type User...
 5734185	[WARNING]	Linux-x86Threads.cpp	173	Failed to set thread priority: Invalid argument
 5734231	[WARNING]	XnUSBLinux-x86.cpp	126	USB events thread: Failed to set thread priority to critical. This might cause loss of data...
 5735349	[INFO]	XnUSBLinux-x86.cpp	1222	USB read thread was started.
 5735375	[INFO]	XnProperty.cpp	151	Property Depth1.ActualReadData was changed to 1.
 6205506	[INFO]	XnProperty.cpp	151	Property Depth1.State was changed to 1.
 6205545	[INFO]	XnDeviceBase.cpp	370	Stream Depth1 is open.
 8514235	[INFO]	XnOpenNI.cpp	1261	Creating node 'Image1' of type Image...
 8514302	[INFO]	XnDeviceBase.cpp	1383	Creating stream 'Image1' of type 'Image'...
 8514523	[INFO]	XnProperty.cpp	151	Property Image1.Resolution was changed to 0.
 8514544	[INFO]	XnProperty.cpp	151	Property Image1.XRes was changed to 320.
 8514568	[INFO]	XnProperty.cpp	151	Property Image1.YRes was changed to 240.
 8514585	[INFO]	XnProperty.cpp	151	Property Image1.FPS was changed to 30.
 8514600	[INFO]	XnProperty.cpp	151	Property Image1.OutputFormat was changed to 5.
 8514617	[INFO]	XnProperty.cpp	151	Property Image1.BytesPerPixel was changed to 3.
 8514632	[INFO]	XnProperty.cpp	151	Property Image1.RequiredDataSize was changed to 230400.
 8514667	[INFO]	XnDeviceBase.cpp	1458	Stream 'Image1' was initialized.
 8514684	[INFO]	XnDeviceBase.cpp	1463	'Image1' stream was created.
 8514803	[INFO]	XnProperty.cpp	74	Setting Image1.InputFormat to 6...
 8514827	[INFO]	XnProperty.cpp	151	Property Image1.InputFormat was changed to 6.
 8514842	[INFO]	XnProperty.cpp	101	Image1.InputFormat was successfully set.
 8515427	[INFO]	XnDeviceModule.cpp	431	Module 'Image1' configuration was loaded from file.
 8515522	[INFO]	XnProperty.cpp	74	Setting Image1.FPS to 30...
 8515545	[INFO]	XnProperty.cpp	86	Image1.FPS value did not change.
 8515573	[INFO]	XnProperty.cpp	74	Setting Image1.YRes to 480...
 8515588	[INFO]	XnProperty.cpp	151	Property Image1.Resolution was changed to 1.
 8515603	[INFO]	XnProperty.cpp	151	Property Image1.XRes was changed to 640.
 8515618	[INFO]	XnProperty.cpp	151	Property Image1.RequiredDataSize was changed to 460800.
 8515702	[INFO]	XnProperty.cpp	151	Property Image1.YRes was changed to 480.
 8515721	[INFO]	XnProperty.cpp	151	Property Image1.RequiredDataSize was changed to 921600.
 8515737	[INFO]	XnProperty.cpp	101	Image1.YRes was successfully set.
 8515753	[INFO]	XnProperty.cpp	74	Setting Image1.XRes to 640...
 8515767	[INFO]	XnProperty.cpp	86	Image1.XRes value did not change.
 8517166	[INFO]	XnUSBLinux-x86.cpp	1222	USB read thread was started.
 8517195	[INFO]	XnProperty.cpp	151	Property Image1.ActualReadData was changed to 1.
 8690731	[WARNING]	XnFirmwareStreams.cpp	324	Unknown packet type (0x4848)!!!
 8706702	[WARNING]	XnDepthProcessor.cpp	133	Read: Depth buffer is corrupt. Size is 549808 (!= 614400)
 8706747	[WARNING]	XnFrameStreamProcessor.cpp	132	Depth frame is corrupt!
11606637	[WARNING]	XnDepthProcessor.cpp	133	Read: Depth buffer is corrupt. Size is 584064 (!= 614400)
11606778	[WARNING]	XnFrameStreamProcessor.cpp	132	Depth frame is corrupt!
11718152	[INFO]	XnProperty.cpp	151	Property Image1.State was changed to 1.
11718208	[INFO]	XnDeviceBase.cpp	370	Stream Image1 is open.
11718904	[INFO]	XnProperty.cpp	74	Setting Depth1.Registration to 1...
11742583	[WARNING]	XnDepthProcessor.cpp	133	Read: Depth buffer is corrupt. Size is 582832 (!= 614400)
11742628	[WARNING]	XnFrameStreamProcessor.cpp	132	Depth frame is corrupt!
11774690	[WARNING]	XnDepthProcessor.cpp	133	Read: Depth buffer is corrupt. Size is 588192 (!= 614400)
11774861	[WARNING]	XnFrameStreamProcessor.cpp	132	Depth frame is corrupt!
11875619	[INFO]	XnProperty.cpp	151	Property Depth1.Registration was changed to 1.
11875673	[INFO]	XnProperty.cpp	101	Depth1.Registration was successfully set.
11875798	[INFO]	XnProperty.cpp	74	Setting Image1.Mirror to 1...
11888004	[INFO]	XnProperty.cpp	151	Property Image1.FirmwareMirror was changed to 1.
11888076	[INFO]	XnProperty.cpp	151	Property Image1.Mirror was changed to 1.
11888093	[INFO]	XnProperty.cpp	101	Image1.Mirror was successfully set.
16322615	[INFO]	XnOpenNI.cpp	1459	Destroying node 'User1'
16331159	[INFO]	XnOpenNI.cpp	1459	Destroying node 'Depth1'
16331273	[INFO]	XnDeviceBase.cpp	1507	Destroying stream 'Depth1'...
16332576	[INFO]	XnOpenNI.cpp	1459	Destroying node 'Image1'
16332610	[INFO]	XnDeviceBase.cpp	1507	Destroying stream 'Image1'...
16333370	[INFO]	XnOpenNI.cpp	1459	Destroying node 'Device1'
