    1702	[INFO]	XnLog.cpp	165	OpenNI version is 1.0.0 (Build 25)-MacOSX (Jan  7 2011 14:20:18)
    1743	[INFO]	XnLog.cpp	173	Log system initialized. Console: 1, File: 1, Severity: INFO, Masks: ALL
    1774	[INFO]	XnLog.cpp	173	Log system initialized. Console: 1, File: 1, Severity: INFO, Masks: ALL
    3042	[INFO]	XnUSBLinux-x86.cpp	98	USB is initialized.
 1997669	[INFO]	XnOpenNI.cpp	1261	Creating node 'Device1' of type Device...
 1998809	[INFO]	XnDeviceModule.cpp	431	Module 'Device' configuration was loaded from file.
 2264775	[INFO]	XnDeviceSensorIO.cpp	135	Connected to USB device
 2264829	[INFO]	XnProperty.cpp	151	Property Device.USBPath was changed to 045e/02ae@36/6.
 2276585	[INFO]	XnHostProtocol.cpp	825	Hardware versions: FW=5.1.4 (7) HW=4 Chip=2 Sensor=4 SYS=7
 3691722	[INFO]	XnProperty.cpp	151	Property Device.ID was changed to 0.
 3691813	[INFO]	XnSensor.cpp	182	Device sensor initialized
 3691991	[INFO]	XnOpenNI.cpp	1261	Creating node 'Depth1' of type Depth...
 3692109	[INFO]	XnDeviceBase.cpp	1383	Creating stream 'Depth1' of type 'Depth'...
 3692146	[INFO]	XnProperty.cpp	74	Setting Device.ReadData to 1...
 3692199	[INFO]	XnDeviceSensorIO.cpp	298	Endpoints open
 3704548	[INFO]	XnProperty.cpp	151	Property Device.ReadData was changed to 1.
 3704596	[INFO]	XnProperty.cpp	101	Device.ReadData was successfully set.
 3705065	[INFO]	XnProperty.cpp	151	Property Depth1.Resolution was changed to 0.
 3705091	[INFO]	XnProperty.cpp	151	Property Depth1.XRes was changed to 320.
 3705110	[INFO]	XnProperty.cpp	151	Property Depth1.YRes was changed to 240.
 3705128	[INFO]	XnProperty.cpp	151	Property Depth1.FPS was changed to 30.
 3705146	[INFO]	XnProperty.cpp	151	Property Depth1.OutputFormat was changed to 1.
 3705164	[INFO]	XnProperty.cpp	151	Property Depth1.BytesPerPixel was changed to 2.
 3705181	[INFO]	XnProperty.cpp	151	Property Depth1.RequiredDataSize was changed to 153600.
 3705203	[INFO]	XnProperty.cpp	151	Property Depth1.ParamCoeff was changed to 4.
 3705277	[INFO]	XnProperty.cpp	151	Property Depth1.ShiftScale was changed to 10.
 3717967	[INFO]	XnProperty.cpp	151	Property Depth1.ConstShift was changed to 200.
 3718076	[INFO]	XnProperty.cpp	151	Property Depth1.ZPD was changed to 120.
 3718196	[INFO]	XnProperty.cpp	151	Property Depth1.ZPPS was changed to 0.104200.
 3718219	[INFO]	XnProperty.cpp	151	Property Depth1.LDDIS was changed to 7.500000.
 3718354	[INFO]	XnProperty.cpp	151	Property Depth1.Gain was changed to 30.
 3718393	[INFO]	XnDeviceBase.cpp	1458	Stream 'Depth1' was initialized.
 3718412	[INFO]	XnDeviceBase.cpp	1463	'Depth1' stream was created.
 3718641	[INFO]	XnProperty.cpp	74	Setting Depth1.InputFormat to 3...
 3718668	[INFO]	XnProperty.cpp	151	Property Depth1.InputFormat was changed to 3.
 3718687	[INFO]	XnProperty.cpp	101	Depth1.InputFormat was successfully set.
 3719389	[INFO]	XnProperty.cpp	74	Setting Depth1.RegistrationType to 2...
 3719408	[INFO]	XnProperty.cpp	151	Property Depth1.RegistrationType was changed to 2.
 3719424	[INFO]	XnProperty.cpp	101	Depth1.RegistrationType was successfully set.
 3720133	[INFO]	XnDeviceModule.cpp	431	Module 'Depth1' configuration was loaded from file.
 3720335	[INFO]	XnProperty.cpp	74	Setting Depth1.FPS to 30...
 3720355	[INFO]	XnProperty.cpp	86	Depth1.FPS value did not change.
 3720371	[INFO]	XnProperty.cpp	74	Setting Depth1.YRes to 480...
 3720389	[INFO]	XnProperty.cpp	151	Property Depth1.Resolution was changed to 1.
 3720409	[INFO]	XnProperty.cpp	151	Property Depth1.XRes was changed to 640.
 3720425	[INFO]	XnProperty.cpp	151	Property Depth1.RequiredDataSize was changed to 307200.
 3720443	[INFO]	XnProperty.cpp	151	Property Depth1.YRes was changed to 480.
 3720459	[INFO]	XnProperty.cpp	151	Property Depth1.RequiredDataSize was changed to 614400.
 3720475	[INFO]	XnProperty.cpp	101	Depth1.YRes was successfully set.
 3720491	[INFO]	XnProperty.cpp	74	Setting Depth1.XRes to 640...
 3720505	[INFO]	XnProperty.cpp	86	Depth1.XRes value did not change.
 3720555	[INFO]	XnProperty.cpp	74	Setting Depth1.Mirror to 1...
 3720572	[INFO]	XnProperty.cpp	151	Property Depth1.FirmwareMirror was changed to 1.
 3720625	[INFO]	XnProperty.cpp	151	Property Depth1.Mirror was changed to 1.
 3720641	[INFO]	XnProperty.cpp	101	Depth1.Mirror was successfully set.
 5734346	[INFO]	XnOpenNI.cpp	1261	Creating node 'User1' of type User...
 5767334	[WARNING]	Linux-x86Threads.cpp	173	Failed to set thread priority: Invalid argument
 5767384	[WARNING]	XnUSBLinux-x86.cpp	126	USB events thread: Failed to set thread priority to critical. This might cause loss of data...
 5768432	[INFO]	XnUSBLinux-x86.cpp	1222	USB read thread was started.
 5768458	[INFO]	XnProperty.cpp	151	Property Depth1.ActualReadData was changed to 1.
 6238435	[INFO]	XnProperty.cpp	151	Property Depth1.State was changed to 1.
 6238490	[INFO]	XnDeviceBase.cpp	370	Stream Depth1 is open.
 8224868	[INFO]	XnOpenNI.cpp	1261	Creating node 'Image1' of type Image...
 8224915	[INFO]	XnDeviceBase.cpp	1383	Creating stream 'Image1' of type 'Image'...
 8225146	[INFO]	XnProperty.cpp	151	Property Image1.Resolution was changed to 0.
 8225166	[INFO]	XnProperty.cpp	151	Property Image1.XRes was changed to 320.
 8225182	[INFO]	XnProperty.cpp	151	Property Image1.YRes was changed to 240.
 8225197	[INFO]	XnProperty.cpp	151	Property Image1.FPS was changed to 30.
 8225212	[INFO]	XnProperty.cpp	151	Property Image1.OutputFormat was changed to 5.
 8225227	[INFO]	XnProperty.cpp	151	Property Image1.BytesPerPixel was changed to 3.
 8225242	[INFO]	XnProperty.cpp	151	Property Image1.RequiredDataSize was changed to 230400.
 8225275	[INFO]	XnDeviceBase.cpp	1458	Stream 'Image1' was initialized.
 8225291	[INFO]	XnDeviceBase.cpp	1463	'Image1' stream was created.
 8225413	[INFO]	XnProperty.cpp	74	Setting Image1.InputFormat to 6...
 8225436	[INFO]	XnProperty.cpp	151	Property Image1.InputFormat was changed to 6.
 8225451	[INFO]	XnProperty.cpp	101	Image1.InputFormat was successfully set.
 8226025	[INFO]	XnDeviceModule.cpp	431	Module 'Image1' configuration was loaded from file.
 8226111	[INFO]	XnProperty.cpp	74	Setting Image1.FPS to 30...
 8226131	[INFO]	XnProperty.cpp	86	Image1.FPS value did not change.
 8226146	[INFO]	XnProperty.cpp	74	Setting Image1.YRes to 480...
 8226161	[INFO]	XnProperty.cpp	151	Property Image1.Resolution was changed to 1.
 8226176	[INFO]	XnProperty.cpp	151	Property Image1.XRes was changed to 640.
 8226191	[INFO]	XnProperty.cpp	151	Property Image1.RequiredDataSize was changed to 460800.
 8227288	[INFO]	XnProperty.cpp	151	Property Image1.YRes was changed to 480.
 8227308	[INFO]	XnProperty.cpp	151	Property Image1.RequiredDataSize was changed to 921600.
 8227324	[INFO]	XnProperty.cpp	101	Image1.YRes was successfully set.
 8227340	[INFO]	XnProperty.cpp	74	Setting Image1.XRes to 640...
 8227353	[INFO]	XnProperty.cpp	86	Image1.XRes value did not change.
 8228510	[INFO]	XnUSBLinux-x86.cpp	1222	USB read thread was started.
 8228530	[INFO]	XnProperty.cpp	151	Property Image1.ActualReadData was changed to 1.
 8404429	[WARNING]	XnDepthProcessor.cpp	133	Read: Depth buffer is corrupt. Size is 535680 (!= 614400)
 8404468	[WARNING]	XnFrameStreamProcessor.cpp	132	Depth frame is corrupt!
11308291	[WARNING]	XnDepthProcessor.cpp	133	Read: Depth buffer is corrupt. Size is 590160 (!= 614400)
11308347	[WARNING]	XnFrameStreamProcessor.cpp	132	Depth frame is corrupt!
11428279	[INFO]	XnProperty.cpp	151	Property Image1.State was changed to 1.
11428315	[INFO]	XnDeviceBase.cpp	370	Stream Image1 is open.
11429386	[INFO]	XnProperty.cpp	74	Setting Depth1.Registration to 1...
11440336	[WARNING]	XnDepthProcessor.cpp	133	Read: Depth buffer is corrupt. Size is 583552 (!= 614400)
11440371	[WARNING]	XnFrameStreamProcessor.cpp	132	Depth frame is corrupt!
11476255	[WARNING]	XnDepthProcessor.cpp	133	Read: Depth buffer is corrupt. Size is 591840 (!= 614400)
11476308	[WARNING]	XnFrameStreamProcessor.cpp	132	Depth frame is corrupt!
11585212	[INFO]	XnProperty.cpp	151	Property Depth1.Registration was changed to 1.
11585254	[INFO]	XnProperty.cpp	101	Depth1.Registration was successfully set.
11585344	[INFO]	XnProperty.cpp	74	Setting Image1.Mirror to 1...
11597609	[INFO]	XnProperty.cpp	151	Property Image1.FirmwareMirror was changed to 1.
11597691	[INFO]	XnProperty.cpp	151	Property Image1.Mirror was changed to 1.
11597716	[INFO]	XnProperty.cpp	101	Image1.Mirror was successfully set.
13884657	[INFO]	XnOpenNI.cpp	1459	Destroying node 'User1'
13894532	[INFO]	XnOpenNI.cpp	1459	Destroying node 'Depth1'
13894627	[INFO]	XnDeviceBase.cpp	1507	Destroying stream 'Depth1'...
13896045	[INFO]	XnOpenNI.cpp	1459	Destroying node 'Image1'
13896085	[INFO]	XnDeviceBase.cpp	1507	Destroying stream 'Image1'...
13896875	[INFO]	XnOpenNI.cpp	1459	Destroying node 'Device1'
