   48597	[INFO]	XnLog.cpp	165	OpenNI version is 1.0.0 (Build 25)-MacOSX (Jan  7 2011 14:20:18)
   48667	[INFO]	XnLog.cpp	173	Log system initialized. Console: 1, File: 1, Severity: INFO, Masks: ALL
   48730	[INFO]	XnLog.cpp	173	Log system initialized. Console: 1, File: 1, Severity: INFO, Masks: ALL
   50448	[INFO]	XnUSBLinux-x86.cpp	98	USB is initialized.
 2071187	[INFO]	XnOpenNI.cpp	1261	Creating node 'Device1' of type Device...
 2099434	[INFO]	XnDeviceModule.cpp	431	Module 'Device' configuration was loaded from file.
 2365122	[INFO]	XnDeviceSensorIO.cpp	135	Connected to USB device
 2365171	[INFO]	XnProperty.cpp	151	Property Device.USBPath was changed to 045e/02ae@36/6.
 2376795	[INFO]	XnHostProtocol.cpp	825	Hardware versions: FW=5.1.4 (7) HW=4 Chip=2 Sensor=4 SYS=7
 3790630	[INFO]	XnProperty.cpp	151	Property Device.ID was changed to 0.
 3790713	[INFO]	XnSensor.cpp	182	Device sensor initialized
 3790866	[INFO]	XnOpenNI.cpp	1261	Creating node 'Depth1' of type Depth...
 3790930	[INFO]	XnDeviceBase.cpp	1383	Creating stream 'Depth1' of type 'Depth'...
 3790961	[INFO]	XnProperty.cpp	74	Setting Device.ReadData to 1...
 3791013	[INFO]	XnDeviceSensorIO.cpp	298	Endpoints open
 3803265	[INFO]	XnProperty.cpp	151	Property Device.ReadData was changed to 1.
 3803311	[INFO]	XnProperty.cpp	101	Device.ReadData was successfully set.
 3803751	[INFO]	XnProperty.cpp	151	Property Depth1.Resolution was changed to 0.
 3803777	[INFO]	XnProperty.cpp	151	Property Depth1.XRes was changed to 320.
 3803797	[INFO]	XnProperty.cpp	151	Property Depth1.YRes was changed to 240.
 3803815	[INFO]	XnProperty.cpp	151	Property Depth1.FPS was changed to 30.
 3803833	[INFO]	XnProperty.cpp	151	Property Depth1.OutputFormat was changed to 1.
 3803851	[INFO]	XnProperty.cpp	151	Property Depth1.BytesPerPixel was changed to 2.
 3803869	[INFO]	XnProperty.cpp	151	Property Depth1.RequiredDataSize was changed to 153600.
 3803891	[INFO]	XnProperty.cpp	151	Property Depth1.ParamCoeff was changed to 4.
 3803965	[INFO]	XnProperty.cpp	151	Property Depth1.ShiftScale was changed to 10.
 3816249	[INFO]	XnProperty.cpp	151	Property Depth1.ConstShift was changed to 200.
 3816357	[INFO]	XnProperty.cpp	151	Property Depth1.ZPD was changed to 120.
 3816476	[INFO]	XnProperty.cpp	151	Property Depth1.ZPPS was changed to 0.104200.
 3816499	[INFO]	XnProperty.cpp	151	Property Depth1.LDDIS was changed to 7.500000.
 3816628	[INFO]	XnProperty.cpp	151	Property Depth1.Gain was changed to 30.
 3816667	[INFO]	XnDeviceBase.cpp	1458	Stream 'Depth1' was initialized.
 3816687	[INFO]	XnDeviceBase.cpp	1463	'Depth1' stream was created.
 3816916	[INFO]	XnProperty.cpp	74	Setting Depth1.InputFormat to 3...
 3816944	[INFO]	XnProperty.cpp	151	Property Depth1.InputFormat was changed to 3.
 3816962	[INFO]	XnProperty.cpp	101	Depth1.InputFormat was successfully set.
 3817693	[INFO]	XnProperty.cpp	74	Setting Depth1.RegistrationType to 2...
 3817716	[INFO]	XnProperty.cpp	151	Property Depth1.RegistrationType was changed to 2.
 3817734	[INFO]	XnProperty.cpp	101	Depth1.RegistrationType was successfully set.
 3818462	[INFO]	XnDeviceModule.cpp	431	Module 'Depth1' configuration was loaded from file.
 3818644	[INFO]	XnProperty.cpp	74	Setting Depth1.FPS to 30...
 3818662	[INFO]	XnProperty.cpp	86	Depth1.FPS value did not change.
 3818678	[INFO]	XnProperty.cpp	74	Setting Depth1.YRes to 480...
 3818696	[INFO]	XnProperty.cpp	151	Property Depth1.Resolution was changed to 1.
 3818713	[INFO]	XnProperty.cpp	151	Property Depth1.XRes was changed to 640.
 3818730	[INFO]	XnProperty.cpp	151	Property Depth1.RequiredDataSize was changed to 307200.
 3818748	[INFO]	XnProperty.cpp	151	Property Depth1.YRes was changed to 480.
 3818764	[INFO]	XnProperty.cpp	151	Property Depth1.RequiredDataSize was changed to 614400.
 3818780	[INFO]	XnProperty.cpp	101	Depth1.YRes was successfully set.
 3818796	[INFO]	XnProperty.cpp	74	Setting Depth1.XRes to 640...
 3818811	[INFO]	XnProperty.cpp	86	Depth1.XRes value did not change.
 3818863	[INFO]	XnProperty.cpp	74	Setting Depth1.Mirror to 1...
 3818880	[INFO]	XnProperty.cpp	151	Property Depth1.FirmwareMirror was changed to 1.
 3818924	[INFO]	XnProperty.cpp	151	Property Depth1.Mirror was changed to 1.
 3818963	[INFO]	XnProperty.cpp	101	Depth1.Mirror was successfully set.
 5833516	[INFO]	XnOpenNI.cpp	1261	Creating node 'User1' of type User...
 6154530	[WARNING]	Linux-x86Threads.cpp	173	Failed to set thread priority: Invalid argument
 6154576	[WARNING]	XnUSBLinux-x86.cpp	126	USB events thread: Failed to set thread priority to critical. This might cause loss of data...
 6155739	[INFO]	XnUSBLinux-x86.cpp	1222	USB read thread was started.
 6155768	[INFO]	XnProperty.cpp	151	Property Depth1.ActualReadData was changed to 1.
 6625924	[INFO]	XnProperty.cpp	151	Property Depth1.State was changed to 1.
 6625979	[INFO]	XnDeviceBase.cpp	370	Stream Depth1 is open.
 8610251	[INFO]	XnOpenNI.cpp	1261	Creating node 'Image1' of type Image...
 8610299	[INFO]	XnDeviceBase.cpp	1383	Creating stream 'Image1' of type 'Image'...
 8610529	[INFO]	XnProperty.cpp	151	Property Image1.Resolution was changed to 0.
 8610550	[INFO]	XnProperty.cpp	151	Property Image1.XRes was changed to 320.
 8610566	[INFO]	XnProperty.cpp	151	Property Image1.YRes was changed to 240.
 8610582	[INFO]	XnProperty.cpp	151	Property Image1.FPS was changed to 30.
 8610597	[INFO]	XnProperty.cpp	151	Property Image1.OutputFormat was changed to 5.
 8610612	[INFO]	XnProperty.cpp	151	Property Image1.BytesPerPixel was changed to 3.
 8610627	[INFO]	XnProperty.cpp	151	Property Image1.RequiredDataSize was changed to 230400.
 8610662	[INFO]	XnDeviceBase.cpp	1458	Stream 'Image1' was initialized.
 8610678	[INFO]	XnDeviceBase.cpp	1463	'Image1' stream was created.
 8610800	[INFO]	XnProperty.cpp	74	Setting Image1.InputFormat to 6...
 8610823	[INFO]	XnProperty.cpp	151	Property Image1.InputFormat was changed to 6.
 8610838	[INFO]	XnProperty.cpp	101	Image1.InputFormat was successfully set.
 8611421	[INFO]	XnDeviceModule.cpp	431	Module 'Image1' configuration was loaded from file.
 8611522	[INFO]	XnProperty.cpp	74	Setting Image1.FPS to 30...
 8611540	[INFO]	XnProperty.cpp	86	Image1.FPS value did not change.
 8611555	[INFO]	XnProperty.cpp	74	Setting Image1.YRes to 480...
 8611570	[INFO]	XnProperty.cpp	151	Property Image1.Resolution was changed to 1.
 8611585	[INFO]	XnProperty.cpp	151	Property Image1.XRes was changed to 640.
 8611600	[INFO]	XnProperty.cpp	151	Property Image1.RequiredDataSize was changed to 460800.
 8611616	[INFO]	XnProperty.cpp	151	Property Image1.YRes was changed to 480.
 8611630	[INFO]	XnProperty.cpp	151	Property Image1.RequiredDataSize was changed to 921600.
 8611645	[INFO]	XnProperty.cpp	101	Image1.YRes was successfully set.
 8611660	[INFO]	XnProperty.cpp	74	Setting Image1.XRes to 640...
 8611674	[INFO]	XnProperty.cpp	86	Image1.XRes value did not change.
 8612733	[INFO]	XnUSBLinux-x86.cpp	1222	USB read thread was started.
 8612753	[INFO]	XnProperty.cpp	151	Property Image1.ActualReadData was changed to 1.
 8691674	[WARNING]	XnDepthProcessor.cpp	133	Read: Depth buffer is corrupt. Size is 592096 (!= 614400)
 8691713	[WARNING]	XnFrameStreamProcessor.cpp	132	Depth frame is corrupt!
 8791672	[WARNING]	XnDepthProcessor.cpp	133	Read: Depth buffer is corrupt. Size is 556832 (!= 614400)
 8791715	[WARNING]	XnFrameStreamProcessor.cpp	132	Depth frame is corrupt!
 8823706	[WARNING]	XnDepthProcessor.cpp	133	Read: Depth buffer is corrupt. Size is 599584 (!= 614400)
 8823745	[WARNING]	XnFrameStreamProcessor.cpp	132	Depth frame is corrupt!
11812734	[INFO]	XnProperty.cpp	151	Property Image1.State was changed to 1.
11812780	[INFO]	XnDeviceBase.cpp	370	Stream Image1 is open.
11813532	[INFO]	XnProperty.cpp	74	Setting Depth1.Registration to 1...
11827584	[WARNING]	XnDepthProcessor.cpp	133	Read: Depth buffer is corrupt. Size is 603248 (!= 614400)
11827622	[WARNING]	XnFrameStreamProcessor.cpp	132	Depth frame is corrupt!
11969789	[INFO]	XnProperty.cpp	151	Property Depth1.Registration was changed to 1.
11969831	[INFO]	XnProperty.cpp	101	Depth1.Registration was successfully set.
11969928	[INFO]	XnProperty.cpp	74	Setting Image1.Mirror to 1...
11982063	[INFO]	XnProperty.cpp	151	Property Image1.FirmwareMirror was changed to 1.
11982138	[INFO]	XnProperty.cpp	151	Property Image1.Mirror was changed to 1.
11982163	[INFO]	XnProperty.cpp	101	Image1.Mirror was successfully set.
18160825	[INFO]	XnOpenNI.cpp	1459	Destroying node 'User1'
18169632	[INFO]	XnOpenNI.cpp	1459	Destroying node 'Depth1'
18169717	[INFO]	XnDeviceBase.cpp	1507	Destroying stream 'Depth1'...
18171053	[INFO]	XnOpenNI.cpp	1459	Destroying node 'Image1'
18171092	[INFO]	XnDeviceBase.cpp	1507	Destroying stream 'Image1'...
18171871	[INFO]	XnOpenNI.cpp	1459	Destroying node 'Device1'
